<?xml version="1.0" encoding="UTF-8"?>
<!-- Generated by org.testng.reporters.JUnitXMLReporter -->
<testsuite ignored="0" hostname="techtrail-HP-ProBook-640-G2" failures="0" tests="4" name="Default test" time="3.842" errors="0" timestamp="2023-05-23T11:10:51 IST">
  <testcase classname="Entity_Service.TC_03_Add_Entity" name="Add_Entity_All_Details" time="0.227"/>
  <testcase classname="Entity_Service.TC_03_Add_Entity" name="Add_Entity_All_Fields_Blank" time="0.061"/>
  <testcase classname="Entity_Service.TC_03_Add_Entity" name="Add_Entity_GSTin_Field_Blank" time="0.055"/>
  <testcase classname="Entity_Service.TC_03_Add_Entity" name="Company_Already_Registered" time="0.064"/>
</testsuite> <!-- Default test -->
