<?xml version="1.0" encoding="UTF-8"?>
<!-- Generated by org.testng.reporters.JUnitXMLReporter -->
<testsuite ignored="4" hostname="pranjal-HP-ProDesk-600-G1-SFF" failures="7" tests="274" name="Test" time="33.051" errors="0" timestamp="2022-12-26T13:56:17 IST">
  <testcase classname="Auth_Services.TC_2_SignUp_Negative_Scenario" name="Sign_Up" time="1.298"/>
  <testcase classname="Auth_Services.TC_2_SignUp_Negative_Scenario" name="Sign_Up" time="0.065"/>
  <testcase classname="Auth_Services.TC_2_SignUp_Negative_Scenario" name="Sign_Up" time="0.072"/>
  <testcase classname="Auth_Services.TC_2_SignUp_Negative_Scenario" name="Sign_Up" time="0.072"/>
  <testcase classname="Auth_Services.TC_2_SignUp_Negative_Scenario" name="Sign_Up" time="0.056"/>
  <testcase classname="Auth_Services.TC_2_SignUp_Negative_Scenario" name="Sign_Up" time="0.053"/>
  <testcase classname="Auth_Services.TC_2_SignUp_Negative_Scenario" name="Sign_Up" time="0.049"/>
  <testcase classname="Auth_Services.TC_2_SignUp_Negative_Scenario" name="Sign_Up" time="0.844"/>
  <testcase classname="Auth_Services.TC_2_SignUp_Negative_Scenario" name="Sign_Up" time="0.045"/>
  <testcase classname="Auth_Services.TC_2_SignUp_Negative_Scenario" name="Sign_Up" time="0.478"/>
  <testcase classname="Auth_Services.TC_2_SignUp_Negative_Scenario" name="Sign_Up" time="0.402"/>
  <testcase classname="Auth_Services.TC_2_SignUp_Negative_Scenario" name="Sign_Up" time="0.059"/>
  <testcase classname="NBFC.TC_15_NBFC_Edit_By_wrong_id" name="nbfc_edit_by_wrong_id" time="0.051"/>
  <testcase classname="Ledger_service.TC_04_get_ledger" name="get_ledger_report" time="0.169"/>
  <testcase classname="NBFC.TC_07_NBFC_get_Mapped" name="nbfc_get_mapped" time="0.077"/>
  <testcase classname="NBFC.TC_24_NBFC_reconcellation_one_field_blank" name="add_reconcellation_batch_id_field_blank" time="0.043"/>
  <testcase classname="NBFC.TC_24_NBFC_reconcellation_one_field_blank" name="add_reconcellation_gst_amount_field_blank" time="0.064"/>
  <testcase classname="NBFC.TC_24_NBFC_reconcellation_one_field_blank" name="add_reconcellation_invoice_amount_field_blank" time="0.057"/>
  <testcase classname="NBFC.TC_24_NBFC_reconcellation_one_field_blank" name="add_reconcellation_payable_amount_field_blank" time="0.05"/>
  <testcase classname="NBFC.TC_24_NBFC_reconcellation_one_field_blank" name="add_reconcellation_status_field_blank" time="0.05"/>
  <testcase classname="NBFC.TC_24_NBFC_reconcellation_one_field_blank" name="add_reconcellation_transaction_id_field_blank" time="0.061"/>
  <testcase classname="NBFC.TC_24_NBFC_reconcellation_one_field_blank" name="add_reconcellation_utr_id_field_blank" time="0.066"/>
  <testcase classname="Entity_Service.TC_05_Discount_Controller" name="Discount_Mapping_Controller" time="0.084"/>
  <testcase classname="Entity_Service.TC_05_Discount_Controller" name="Discount_Mapping_Controller_By_Wrong_id" time="0.051"/>
  <testcase classname="Invoice_Services.TC_21_Add_Comment" name="Add_Comment" time="0.084"/>
  <testcase classname="Company_get_patch_buyer_and_Seller.TC_1_All_Company" name="Get_All_Company" time="0.313"/>
  <testcase classname="Entity_Service.TC_06_Discount_Mapping_Controller" name="Discount_Mapping_Controller" time="0.09"/>
  <testcase classname="Entity_Service.TC_01_Search_GST" name="Search_GST" time="0.422"/>
  <testcase classname="Entity_Service.TC_01_Search_GST" name="Search_GST_By_Blank_Fields" time="0.182"/>
  <testcase classname="Entity_Service.TC_01_Search_GST" name="Search_GST_By_Wrong_GSTin" time="0.193"/>
  <testcase classname="Add_NBFC.TC_15_NBFC_Status_Post" name="nbfc_status_SCLN" time="0.059"/>
  <testcase classname="Add_NBFC.TC_15_NBFC_Status_Post" name="nbfc_status_blank" time="0.078"/>
  <testcase classname="Add_NBFC.TC_15_NBFC_Status_Post" name="nbfc_status_number" time="0.082"/>
  <testcase classname="Add_NBFC.TC_15_NBFC_Status_Post" name="nbfc_status_special_char" time="0.048"/>
  <testcase classname="User_service.TC_09_get_Rewards" name="get_rewards" time="0.04"/>
  <testcase classname="User_service.TC_07_RegisterBy_Staff_User" name="staff_regiserby_blank" time="0.063"/>
  <testcase classname="User_service.TC_07_RegisterBy_Staff_User" name="staff_registerby_special_char" time="0.043"/>
  <testcase classname="Ledger_service.TC_05_payment_details" name="payment_details" time="0.041"/>
  <testcase classname="User_service.TC_01_Staff_User_Post" name="add_staff_user" time="0.049"/>
  <testcase classname="Invoice_Services.TC_07_Delete_Invoice" name="Delete_Invoice" time="0.065"/>
  <testcase classname="Ledger_service.TC_06_company_details" name="company_details" time="3.692"/>
  <testcase classname="Ledger_service.TC_06_company_details" name="company_details_status_hold" time="0.113"/>
  <testcase classname="Invoice_Services.TC_20_Get_Comment" name="Get_Invoice" time="0.052"/>
  <testcase classname="Add_NBFC.TC_14_NBFC_IFSC_Post" name="IFSC_all_number" time="0.058"/>
  <testcase classname="Add_NBFC.TC_14_NBFC_IFSC_Post" name="IFSC_blank" time="0.044"/>
  <testcase classname="Add_NBFC.TC_14_NBFC_IFSC_Post" name="IFSC_less_11" time="0.053"/>
  <testcase classname="Add_NBFC.TC_14_NBFC_IFSC_Post" name="IFSC_more_11" time="0.044"/>
  <testcase classname="Add_NBFC.TC_14_NBFC_IFSC_Post" name="IFSC_only_first_letter_small" time="0.051"/>
  <testcase classname="User_service.TC_13_get_User_Details" name="get_User_Details" time="0.061"/>
  <testcase classname="Entity_Service.TC_04_Update_Company" name="Update_Entity_Details" time="0.127"/>
  <testcase classname="Collection_Service.TC_05_Get_Collection_Staff" name="Get_Staff_List" time="0.039"/>
  <testcase classname="Auth_Services.TC_3_SignIn" name="Sign_In" time="0.139"/>
  <testcase classname="Auth_Services.TC_6_Invalid_Scenario_SendOTP" name="Invalid_otp" time="0.047"/>
  <testcase classname="Auth_Services.TC_6_Invalid_Scenario_SendOTP" name="Invalid_otp" time="0.042"/>
  <testcase classname="Auth_Services.TC_6_Invalid_Scenario_SendOTP" name="Invalid_otp" time="0.044"/>
  <testcase classname="Auth_Services.TC_6_Invalid_Scenario_SendOTP" name="Invalid_otp" time="0.041"/>
  <testcase classname="Auth_Services.TC_6_Invalid_Scenario_SendOTP" name="Invalid_otp" time="0.102"/>
  <testcase classname="User_service.TC_02_First_Name_Staff_User_Post" name="staff_first_name_SCLN" time="0.039"/>
  <testcase classname="User_service.TC_02_First_Name_Staff_User_Post" name="staff_first_name_blank" time="0.04"/>
  <testcase classname="User_service.TC_02_First_Name_Staff_User_Post" name="staff_first_name_number" time="0.039"/>
  <testcase classname="User_service.TC_02_First_Name_Staff_User_Post" name="staff_first_name_special_char" time="0.043"/>
  <testcase classname="Ledger_service.TC_10_get_mis_report_invoice" name="get_mis_report_invoice_buyer" time="0.045"/>
  <testcase classname="NBFC.TC_06_NBFC_unmap" name="nbfc_unmap" time="0.046"/>
  <testcase classname="Collection_Service.TC_06_Get_Waver_Payment_History" name="Get_Waver_Payment_History_No_Payment" time="0.045"/>
  <testcase classname="Collection_Service.TC_06_Get_Waver_Payment_History" name="get_waver_payment_history" time="0.061"/>
  <testcase classname="Invoice_Services.TC_06_Invoice_Amount_Update" name="Invoice_Amount_Update" time="0.053"/>
  <testcase classname="Invoice_Services.TC_09_Get_Invoice_Comment" name="Get_Invoice_Comment" time="0.041"/>
  <testcase classname="Invoice_Services.TC_03_Search_Invoice_By_Buyer_Id_type" name="Get_Invoice_By_Buyer_Id" time="1.637"/>
  <testcase classname="Create_plan_get.TC_01_Get_Credit_Plan" name="Get_Credit_Plan_Get" time="0.054"/>
  <testcase classname="Entity_Service.TC_07_Default_Flag_Controller" name="Default_Flag_Controller" time="0.113"/>
  <testcase classname="NBFC.TC_17_NBFC_get_by_wrong_id" name="nbfc_get_by_wrong_id" time="0.053"/>
  <testcase classname="Auth_Services.TC_9_Unblock_user" name="User_Unblock" time="0.055"/>
  <testcase classname="Auth_Services.TC_9_Unblock_user" name="User_Unblock" time="0.064"/>
  <testcase classname="Auth_Services.TC_9_Unblock_user" name="User_Unblock" time="0.05"/>
  <testcase classname="Auth_Services.TC_9_Unblock_user" name="User_Unblock" time="0.044"/>
  <testcase classname="NBFC.TC_12_NBFC_calender" name="calender_no_data" time="0.072"/>
  <testcase classname="NBFC.TC_19_NBFC_Mapping_Invalid_Buyer_ID" name="nbfc_post_invalid_Buyer_ID" time="0.047"/>
  <testcase classname="Company_get_patch_buyer_and_Seller.TC_2_Patch_Company_Status" name="Company_Status_Field_Blank" time="0.04"/>
  <testcase classname="Company_get_patch_buyer_and_Seller.TC_2_Patch_Company_Status" name="Company_Status_Msg_Field_Blank" time="0.153"/>
  <testcase classname="Company_get_patch_buyer_and_Seller.TC_2_Patch_Company_Status" name="Company_Status_Update" time="0.153"/>
  <testcase classname="Company_get_patch_buyer_and_Seller.TC_2_Patch_Company_Status" name="Company_Status_Update_Wrong_Id" time="0.166"/>
  <testcase classname="User_service.TC_03_Last_Name_Staff_User_Post" name="staff_last_name_SCLN" time="0.044"/>
  <testcase classname="User_service.TC_03_Last_Name_Staff_User_Post" name="staff_last_name_blank" time="0.042"/>
  <testcase classname="User_service.TC_03_Last_Name_Staff_User_Post" name="staff_last_name_number" time="0.043"/>
  <testcase classname="User_service.TC_03_Last_Name_Staff_User_Post" name="staff_last_name_special_char" time="0.046"/>
  <testcase classname="Add_NBFC.TC_03_NBFC_Email_Post" name="nbfc_email_blank" time="0.063"/>
  <testcase classname="Add_NBFC.TC_03_NBFC_Email_Post" name="nbfc_email_double_dot" time="0.047"/>
  <testcase classname="Add_NBFC.TC_03_NBFC_Email_Post" name="nbfc_email_double_symbol" time="0.065"/>
  <testcase classname="Add_NBFC.TC_03_NBFC_Email_Post" name="nbfc_email_exting" time="0.04"/>
  <testcase classname="Add_NBFC.TC_03_NBFC_Email_Post" name="nbfc_email_missing_symbol" time="0.052"/>
  <testcase classname="Add_NBFC.TC_03_NBFC_Email_Post" name="nbfc_email_number" time="0.056"/>
  <testcase classname="Add_NBFC.TC_03_NBFC_Email_Post" name="nbfc_email_special_char" time="0.061"/>
  <testcase classname="Add_NBFC.TC_03_NBFC_Email_Post" name="nbfc_email_without_dot_com" time="0.072"/>
  <testcase classname="Entity_Service.TC_03_Add_Entity" name="Add_Entity_All_Details" time="0.041"/>
  <testcase classname="Entity_Service.TC_03_Add_Entity" name="Add_Entity_All_Fields_Blank" time="0.04"/>
  <testcase classname="Entity_Service.TC_03_Add_Entity" name="Add_Entity_GSTin_Field_Blank" time="0.069"/>
  <testcase classname="Entity_Service.TC_03_Add_Entity" name="Company_Already_Registered" time="0.067"/>
  <testcase classname="Entity_Service.TC_13_Get_Entity" name="Get_Entities" time="0.068"/>
  <testcase classname="Invoice_Services.TC_16_Filter_Invoice" name="Filter_Invoice" time="0.858"/>
  <testcase classname="User_service.TC_15_comp_staff_relation" name="company_staff_relation" time="0.069"/>
  <testcase classname="User_service.TC_15_comp_staff_relation" name="company_staff_relation_company_field_blank" time="0.07"/>
  <testcase classname="User_service.TC_15_comp_staff_relation" name="company_staff_relation_wrong_cid" time="0.052"/>
  <testcase classname="Invoice_Services.TC_15_Invoice_Status_Update" name="Invoice_Status_Update" time="0.204">
    <failure type="java.lang.AssertionError" message="1 expectation failed.
Expected status code &amp;lt;200&amp;gt; but was &amp;lt;502&amp;gt;.
">
      <![CDATA[java.lang.AssertionError: 1 expectation failed.
Expected status code <200> but was <502>.

at org.codehaus.groovy.runtime.callsite.ConstructorSite$ConstructorSiteNoUnwrapNoCoerce.callConstructor(ConstructorSite.java:108)
at org.codehaus.groovy.runtime.callsite.CallSiteArray.defaultCallConstructor(CallSiteArray.java:58)
at org.codehaus.groovy.runtime.callsite.AbstractCallSite.callConstructor(AbstractCallSite.java:263)
at org.codehaus.groovy.runtime.callsite.AbstractCallSite.callConstructor(AbstractCallSite.java:277)
at io.restassured.internal.ResponseSpecificationImpl$HamcrestAssertionClosure.validate(ResponseSpecificationImpl.groovy:505)
at io.restassured.internal.ResponseSpecificationImpl$HamcrestAssertionClosure$validate$1.call(Unknown Source)
at io.restassured.internal.ResponseSpecificationImpl.validateResponseIfRequired(ResponseSpecificationImpl.groovy:687)
at io.restassured.internal.ResponseSpecificationImpl.this$2$validateResponseIfRequired(ResponseSpecificationImpl.groovy)
at org.codehaus.groovy.runtime.callsite.PlainObjectMetaMethodSite.doInvoke(PlainObjectMetaMethodSite.java:43)
at org.codehaus.groovy.runtime.callsite.PogoMetaMethodSite$PogoCachedMethodSiteNoUnwrapNoCoerce.invoke(PogoMetaMethodSite.java:198)
at org.codehaus.groovy.runtime.callsite.PogoMetaMethodSite.callCurrent(PogoMetaMethodSite.java:62)
at org.codehaus.groovy.runtime.callsite.AbstractCallSite.callCurrent(AbstractCallSite.java:185)
at io.restassured.internal.ResponseSpecificationImpl.statusCode(ResponseSpecificationImpl.groovy:128)
at io.restassured.specification.ResponseSpecification$statusCode$0.callCurrent(Unknown Source)
at io.restassured.internal.ResponseSpecificationImpl.statusCode(ResponseSpecificationImpl.groovy:136)
at io.restassured.internal.ValidatableResponseOptionsImpl.statusCode(ValidatableResponseOptionsImpl.java:89)
at Invoice_Services.TC_15_Invoice_Status_Update.Invoice_Status_Update(TC_15_Invoice_Status_Update.java:66)
at java.base/java.util.ArrayList.forEach(ArrayList.java:1511)
... Removed 36 stack frames]]>
    </failure>
  </testcase> <!-- Invoice_Status_Update -->
  <testcase classname="Invoice_Services.TC_11_Get_Companies_WhatsUp" name="Get_Companies_WhatsUp" time="0.035">
    <failure type="java.lang.AssertionError" message="1 expectation failed.
Expected status code &amp;lt;200&amp;gt; but was &amp;lt;502&amp;gt;.
">
      <![CDATA[java.lang.AssertionError: 1 expectation failed.
Expected status code <200> but was <502>.

at org.codehaus.groovy.runtime.callsite.ConstructorSite$ConstructorSiteNoUnwrapNoCoerce.callConstructor(ConstructorSite.java:108)
at org.codehaus.groovy.runtime.callsite.AbstractCallSite.callConstructor(AbstractCallSite.java:277)
at io.restassured.internal.ResponseSpecificationImpl$HamcrestAssertionClosure.validate(ResponseSpecificationImpl.groovy:505)
at io.restassured.internal.ResponseSpecificationImpl$HamcrestAssertionClosure$validate$1.call(Unknown Source)
at io.restassured.internal.ResponseSpecificationImpl.validateResponseIfRequired(ResponseSpecificationImpl.groovy:687)
at io.restassured.internal.ResponseSpecificationImpl.this$2$validateResponseIfRequired(ResponseSpecificationImpl.groovy)
at org.codehaus.groovy.runtime.callsite.PlainObjectMetaMethodSite.doInvoke(PlainObjectMetaMethodSite.java:43)
at org.codehaus.groovy.runtime.callsite.PogoMetaMethodSite$PogoCachedMethodSiteNoUnwrapNoCoerce.invoke(PogoMetaMethodSite.java:198)
at org.codehaus.groovy.runtime.callsite.PogoMetaMethodSite.callCurrent(PogoMetaMethodSite.java:62)
at org.codehaus.groovy.runtime.callsite.AbstractCallSite.callCurrent(AbstractCallSite.java:185)
at io.restassured.internal.ResponseSpecificationImpl.statusCode(ResponseSpecificationImpl.groovy:128)
at io.restassured.specification.ResponseSpecification$statusCode$0.callCurrent(Unknown Source)
at io.restassured.internal.ResponseSpecificationImpl.statusCode(ResponseSpecificationImpl.groovy:136)
at io.restassured.internal.ValidatableResponseOptionsImpl.statusCode(ValidatableResponseOptionsImpl.java:89)
at Invoice_Services.TC_11_Get_Companies_WhatsUp.Get_Companies_WhatsUp(TC_11_Get_Companies_WhatsUp.java:50)
at java.base/java.util.ArrayList.forEach(ArrayList.java:1511)
... Removed 36 stack frames]]>
    </failure>
  </testcase> <!-- Get_Companies_WhatsUp -->
  <testcase classname="NBFC.TC_11_NBFC_dashboard" name="nbfc_dashboard" time="0.073"/>
  <testcase classname="Auth_Services.TC_5_Send_OTP" name="Send_otp" time="0.096"/>
  <testcase classname="Add_NBFC.TC_10_NBFC_Bank_Name" name="nbfc_bank_name_SCNL" time="0.056"/>
  <testcase classname="Add_NBFC.TC_10_NBFC_Bank_Name" name="nbfc_bank_name_blank" time="0.051"/>
  <testcase classname="Add_NBFC.TC_10_NBFC_Bank_Name" name="nbfc_bank_name_numbers" time="0.048"/>
  <testcase classname="Add_NBFC.TC_10_NBFC_Bank_Name" name="nbfc_bank_name_special_char" time="0.056"/>
  <testcase classname="Add_NBFC.TC_13_NBFC_Bank_Holder_Name_Post" name="hodler_name_special_char" time="0.077"/>
  <testcase classname="Add_NBFC.TC_13_NBFC_Bank_Holder_Name_Post" name="holder_name_SCLN" time="0.066"/>
  <testcase classname="Add_NBFC.TC_13_NBFC_Bank_Holder_Name_Post" name="holder_name_blank" time="0.07"/>
  <testcase classname="Add_NBFC.TC_13_NBFC_Bank_Holder_Name_Post" name="holder_name_dot" time="0.067"/>
  <testcase classname="Add_NBFC.TC_13_NBFC_Bank_Holder_Name_Post" name="holder_name_number" time="0.075"/>
  <testcase classname="Entity_Service.TC_15_Get_Comment" name="Get_Credit_Limit_Approval" time="0.094"/>
  <testcase classname="NBFC.TC_10_NBFC_reconcellation_file_upload" name="nbfc_file_upload" time="0.313"/>
  <testcase classname="Collection_Service.TC_03_Update_Single_Invoice" name="Update_Invoice" time="0.068"/>
  <testcase classname="Collection_Service.TC_03_Update_Single_Invoice" name="Update_Invoice_All_Fields_Blank" time="0.043"/>
  <testcase classname="Collection_Service.TC_03_Update_Single_Invoice" name="Update_Invoice_Collection_Advisor_Id_Blank" time="0.047"/>
  <testcase classname="Collection_Service.TC_03_Update_Single_Invoice" name="Update_Invoice_Collection_Status_Blank" time="0.04"/>
  <testcase classname="Collection_Service.TC_03_Update_Single_Invoice" name="Update_Invoice_Comment_Blank" time="0.04"/>
  <testcase classname="Entity_Service.TC_08_Add_Comment" name="Add_Comment" time="0.039"/>
  <testcase classname="Entity_Service.TC_08_Add_Comment" name="Add_Comment_Comment_Field_Blank" time="0.035"/>
  <testcase classname="Entity_Service.TC_08_Add_Comment" name="Add_Comment_Id_Field_Blank" time="0.039"/>
  <testcase classname="Entity_Service.TC_08_Add_Comment" name="Add_Comment_User_Id_Field_Blank" time="0.037"/>
  <testcase classname="Invoice_Services.TC_08_Add_Invoice_Comment" name="Invoice_Comment_Add" time="0.031">
    <failure type="java.lang.AssertionError" message="1 expectation failed.
Expected status code &amp;lt;200&amp;gt; but was &amp;lt;502&amp;gt;.
">
      <![CDATA[java.lang.AssertionError: 1 expectation failed.
Expected status code <200> but was <502>.

at org.codehaus.groovy.runtime.callsite.ConstructorSite$ConstructorSiteNoUnwrapNoCoerce.callConstructor(ConstructorSite.java:108)
at org.codehaus.groovy.runtime.callsite.AbstractCallSite.callConstructor(AbstractCallSite.java:277)
at io.restassured.internal.ResponseSpecificationImpl$HamcrestAssertionClosure.validate(ResponseSpecificationImpl.groovy:505)
at io.restassured.internal.ResponseSpecificationImpl$HamcrestAssertionClosure$validate$1.call(Unknown Source)
at io.restassured.internal.ResponseSpecificationImpl.validateResponseIfRequired(ResponseSpecificationImpl.groovy:687)
at io.restassured.internal.ResponseSpecificationImpl.this$2$validateResponseIfRequired(ResponseSpecificationImpl.groovy)
at org.codehaus.groovy.runtime.callsite.PlainObjectMetaMethodSite.doInvoke(PlainObjectMetaMethodSite.java:43)
at org.codehaus.groovy.runtime.callsite.PogoMetaMethodSite$PogoCachedMethodSiteNoUnwrapNoCoerce.invoke(PogoMetaMethodSite.java:198)
at org.codehaus.groovy.runtime.callsite.PogoMetaMethodSite.callCurrent(PogoMetaMethodSite.java:62)
at org.codehaus.groovy.runtime.callsite.AbstractCallSite.callCurrent(AbstractCallSite.java:185)
at io.restassured.internal.ResponseSpecificationImpl.statusCode(ResponseSpecificationImpl.groovy:128)
at io.restassured.specification.ResponseSpecification$statusCode$0.callCurrent(Unknown Source)
at io.restassured.internal.ResponseSpecificationImpl.statusCode(ResponseSpecificationImpl.groovy:136)
at io.restassured.internal.ValidatableResponseOptionsImpl.statusCode(ValidatableResponseOptionsImpl.java:89)
at Invoice_Services.TC_08_Add_Invoice_Comment.Invoice_Comment_Add(TC_08_Add_Invoice_Comment.java:72)
at java.base/java.util.ArrayList.forEach(ArrayList.java:1511)
... Removed 36 stack frames]]>
    </failure>
  </testcase> <!-- Invoice_Comment_Add -->
  <testcase classname="NBFC.TC_04_NBFC_edit_by_id" name="nbfc_update" time="0.046"/>
  <testcase classname="NBFC.TC_28_NBFC_get_reconcellations" name="reconcellation" time="0.043"/>
  <testcase classname="Add_NBFC.TC_12_NBFC_Bank_AC_Number_Post" name="nbfc_bank_acc_SCLN" time="0.05"/>
  <testcase classname="Add_NBFC.TC_12_NBFC_Bank_AC_Number_Post" name="nbfc_bank_acc_blank" time="0.045"/>
  <testcase classname="Add_NBFC.TC_12_NBFC_Bank_AC_Number_Post" name="nbfc_bank_acc_capital_letter" time="0.048"/>
  <testcase classname="Add_NBFC.TC_12_NBFC_Bank_AC_Number_Post" name="nbfc_bank_acc_less_9" time="0.049"/>
  <testcase classname="Add_NBFC.TC_12_NBFC_Bank_AC_Number_Post" name="nbfc_bank_acc_more_21" time="0.06"/>
  <testcase classname="Add_NBFC.TC_12_NBFC_Bank_AC_Number_Post" name="nbfc_bank_acc_special_char" time="0.051"/>
  <testcase classname="Invoice_Services.Client_Key_genrate" name="client_key_genrated" time="0.159"/>
  <testcase classname="NBFC.TC_22_NBFC_Edit_by_wrong_details" name="nbfc_edit_by_wrong_id" time="0.045"/>
  <testcase classname="NBFC.TC_09_NBFC_mis_report_mapping" name="nbfc_mis_report_mapping" time="0.121"/>
  <testcase classname="NBFC.TC_02_NBFC_get_all_" name="nbfc_get_all" time="0.064"/>
  <testcase classname="NBFC.TC_25_NBFC_reconcellation_all_fields_blank" name="nbfc_allFields_blank_reconcellation" time="0.035"/>
  <testcase classname="Auth_Services.TC_4_Invalid_Scenario_Sign_In" name="Invalid_data" time="0.039"/>
  <testcase classname="Auth_Services.TC_4_Invalid_Scenario_Sign_In" name="Invalid_data" time="0.043"/>
  <testcase classname="Auth_Services.TC_4_Invalid_Scenario_Sign_In" name="Invalid_data" time="0.041"/>
  <testcase classname="Auth_Services.TC_4_Invalid_Scenario_Sign_In" name="Invalid_data" time="0.033"/>
  <testcase classname="Auth_Services.TC_4_Invalid_Scenario_Sign_In" name="Invalid_data" time="0.036"/>
  <testcase classname="Invoice_Services.TC_01_Get_Invoice_By_Invoice_Id" name="Get_All_Invoice" time="0.039">
    <failure type="java.lang.AssertionError" message="1 expectation failed.
Expected status code &amp;lt;200&amp;gt; but was &amp;lt;502&amp;gt;.
">
      <![CDATA[java.lang.AssertionError: 1 expectation failed.
Expected status code <200> but was <502>.

at org.codehaus.groovy.runtime.callsite.ConstructorSite$ConstructorSiteNoUnwrapNoCoerce.callConstructor(ConstructorSite.java:108)
at org.codehaus.groovy.runtime.callsite.AbstractCallSite.callConstructor(AbstractCallSite.java:277)
at io.restassured.internal.ResponseSpecificationImpl$HamcrestAssertionClosure.validate(ResponseSpecificationImpl.groovy:505)
at io.restassured.internal.ResponseSpecificationImpl$HamcrestAssertionClosure$validate$1.call(Unknown Source)
at io.restassured.internal.ResponseSpecificationImpl.validateResponseIfRequired(ResponseSpecificationImpl.groovy:687)
at io.restassured.internal.ResponseSpecificationImpl.this$2$validateResponseIfRequired(ResponseSpecificationImpl.groovy)
at org.codehaus.groovy.runtime.callsite.PlainObjectMetaMethodSite.doInvoke(PlainObjectMetaMethodSite.java:43)
at org.codehaus.groovy.runtime.callsite.PogoMetaMethodSite$PogoCachedMethodSiteNoUnwrapNoCoerce.invoke(PogoMetaMethodSite.java:198)
at org.codehaus.groovy.runtime.callsite.PogoMetaMethodSite.callCurrent(PogoMetaMethodSite.java:62)
at org.codehaus.groovy.runtime.callsite.AbstractCallSite.callCurrent(AbstractCallSite.java:185)
at io.restassured.internal.ResponseSpecificationImpl.statusCode(ResponseSpecificationImpl.groovy:128)
at io.restassured.specification.ResponseSpecification$statusCode$0.callCurrent(Unknown Source)
at io.restassured.internal.ResponseSpecificationImpl.statusCode(ResponseSpecificationImpl.groovy:136)
at io.restassured.internal.ValidatableResponseOptionsImpl.statusCode(ValidatableResponseOptionsImpl.java:89)
at Invoice_Services.TC_01_Get_Invoice_By_Invoice_Id.Get_All_Invoice(TC_01_Get_Invoice_By_Invoice_Id.java:63)
at java.base/java.util.ArrayList.forEach(ArrayList.java:1511)
... Removed 36 stack frames]]>
    </failure>
  </testcase> <!-- Get_All_Invoice -->
  <testcase classname="Entity_Service.TC_14_Credit_Limit" name="Credit_Limit" time="0.108"/>
  <testcase classname="Ledger_service.TC_14_total_invoice_details" name="invoice_details" time="0.031">
    <failure type="java.lang.AssertionError" message="1 expectation failed.
Expected status code &amp;lt;200&amp;gt; but was &amp;lt;502&amp;gt;.
">
      <![CDATA[java.lang.AssertionError: 1 expectation failed.
Expected status code <200> but was <502>.

at org.codehaus.groovy.runtime.callsite.ConstructorSite$ConstructorSiteNoUnwrapNoCoerce.callConstructor(ConstructorSite.java:108)
at org.codehaus.groovy.runtime.callsite.AbstractCallSite.callConstructor(AbstractCallSite.java:277)
at io.restassured.internal.ResponseSpecificationImpl$HamcrestAssertionClosure.validate(ResponseSpecificationImpl.groovy:505)
at io.restassured.internal.ResponseSpecificationImpl$HamcrestAssertionClosure$validate$1.call(Unknown Source)
at io.restassured.internal.ResponseSpecificationImpl.validateResponseIfRequired(ResponseSpecificationImpl.groovy:687)
at io.restassured.internal.ResponseSpecificationImpl.this$2$validateResponseIfRequired(ResponseSpecificationImpl.groovy)
at org.codehaus.groovy.runtime.callsite.PlainObjectMetaMethodSite.doInvoke(PlainObjectMetaMethodSite.java:43)
at org.codehaus.groovy.runtime.callsite.PogoMetaMethodSite$PogoCachedMethodSiteNoUnwrapNoCoerce.invoke(PogoMetaMethodSite.java:198)
at org.codehaus.groovy.runtime.callsite.PogoMetaMethodSite.callCurrent(PogoMetaMethodSite.java:62)
at org.codehaus.groovy.runtime.callsite.AbstractCallSite.callCurrent(AbstractCallSite.java:185)
at io.restassured.internal.ResponseSpecificationImpl.statusCode(ResponseSpecificationImpl.groovy:128)
at io.restassured.specification.ResponseSpecification$statusCode$0.callCurrent(Unknown Source)
at io.restassured.internal.ResponseSpecificationImpl.statusCode(ResponseSpecificationImpl.groovy:136)
at io.restassured.internal.ValidatableResponseOptionsImpl.statusCode(ValidatableResponseOptionsImpl.java:89)
at Ledger_service.TC_14_total_invoice_details.invoice_details(TC_14_total_invoice_details.java:52)
at java.base/java.util.ArrayList.forEach(ArrayList.java:1511)
... Removed 36 stack frames]]>
    </failure>
  </testcase> <!-- invoice_details -->
  <testcase classname="Add_NBFC.TC_01_NBFC_Post" name="nbfc_post" time="0.039"/>
  <testcase classname="Ledger_service.TC_09_get_dashboard_compony_hold" name="get_dashboard_company_status_hold" time="0.089"/>
  <testcase classname="User_service.TC_12_soft_Delete" name="Soft_delete" time="0.057"/>
  <testcase classname="User_service.TC_04_Email_Staff_User_Post" name="staff_email_blank" time="0.039"/>
  <testcase classname="User_service.TC_04_Email_Staff_User_Post" name="staff_email_existing" time="0.051"/>
  <testcase classname="User_service.TC_04_Email_Staff_User_Post" name="staff_email_first_numbers" time="0.037"/>
  <testcase classname="User_service.TC_04_Email_Staff_User_Post" name="staff_email_gmail_format" time="0.038"/>
  <testcase classname="User_service.TC_04_Email_Staff_User_Post" name="staff_email_missing_at_the_rate" time="0.038"/>
  <testcase classname="User_service.TC_04_Email_Staff_User_Post" name="staff_email_missing_dot" time="0.04"/>
  <testcase classname="User_service.TC_04_Email_Staff_User_Post" name="staff_email_special_char" time="0.04"/>
  <testcase classname="Invoice_Services.TC_02_Get_Invoice_Details" name="Get_Invoice_Deatils" time="0.029">
    <failure type="java.lang.AssertionError" message="1 expectation failed.
Expected status code &amp;lt;200&amp;gt; but was &amp;lt;502&amp;gt;.
">
      <![CDATA[java.lang.AssertionError: 1 expectation failed.
Expected status code <200> but was <502>.

at org.codehaus.groovy.runtime.callsite.ConstructorSite$ConstructorSiteNoUnwrapNoCoerce.callConstructor(ConstructorSite.java:108)
at org.codehaus.groovy.runtime.callsite.AbstractCallSite.callConstructor(AbstractCallSite.java:277)
at io.restassured.internal.ResponseSpecificationImpl$HamcrestAssertionClosure.validate(ResponseSpecificationImpl.groovy:505)
at io.restassured.internal.ResponseSpecificationImpl$HamcrestAssertionClosure$validate$1.call(Unknown Source)
at io.restassured.internal.ResponseSpecificationImpl.validateResponseIfRequired(ResponseSpecificationImpl.groovy:687)
at io.restassured.internal.ResponseSpecificationImpl.this$2$validateResponseIfRequired(ResponseSpecificationImpl.groovy)
at org.codehaus.groovy.runtime.callsite.PlainObjectMetaMethodSite.doInvoke(PlainObjectMetaMethodSite.java:43)
at org.codehaus.groovy.runtime.callsite.PogoMetaMethodSite$PogoCachedMethodSiteNoUnwrapNoCoerce.invoke(PogoMetaMethodSite.java:198)
at org.codehaus.groovy.runtime.callsite.PogoMetaMethodSite.callCurrent(PogoMetaMethodSite.java:62)
at org.codehaus.groovy.runtime.callsite.AbstractCallSite.callCurrent(AbstractCallSite.java:185)
at io.restassured.internal.ResponseSpecificationImpl.statusCode(ResponseSpecificationImpl.groovy:128)
at io.restassured.specification.ResponseSpecification$statusCode$0.callCurrent(Unknown Source)
at io.restassured.internal.ResponseSpecificationImpl.statusCode(ResponseSpecificationImpl.groovy:136)
at io.restassured.internal.ValidatableResponseOptionsImpl.statusCode(ValidatableResponseOptionsImpl.java:89)
at Invoice_Services.TC_02_Get_Invoice_Details.Get_Invoice_Deatils(TC_02_Get_Invoice_Details.java:53)
at java.base/java.util.ArrayList.forEach(ArrayList.java:1511)
... Removed 36 stack frames]]>
    </failure>
  </testcase> <!-- Get_Invoice_Deatils -->
  <testcase classname="NBFC.TC_13_NBFC_invoive" name="nbfc_invoice" time="0.196"/>
  <testcase classname="Ledger_service.TC_07_nbfc_dashboard" name="nbfc_dashboard" time="0.055"/>
  <testcase classname="Create_plan_get.TC_02_Create_Plan_Single_Get" name="test1_get_single_plan_create" time="0.046"/>
  <testcase classname="Ledger_service.TC_11_get_transactions" name="get_transactions" time="0.042"/>
  <testcase classname="Ledger_service.TC_02_get_MIS_report" name="get_mis_report" time="0.489"/>
  <testcase classname="NBFC.TC_27_NBFC_get_disbursment" name="disbursment" time="0.05"/>
  <testcase classname="Add_NBFC.TC_05_NBFC_Address_Post" name="nbfc_address_SCLN" time="0.041"/>
  <testcase classname="Add_NBFC.TC_05_NBFC_Address_Post" name="nbfc_address_blank" time="0.052"/>
  <testcase classname="Add_NBFC.TC_05_NBFC_Address_Post" name="nbfc_address_number" time="0.042"/>
  <testcase classname="Add_NBFC.TC_05_NBFC_Address_Post" name="nbfc_address_special_char" time="0.052"/>
  <testcase classname="Add_NBFC.TC_09_NBFC_Interest_Post" name="interest_LN" time="0.044"/>
  <testcase classname="Add_NBFC.TC_09_NBFC_Interest_Post" name="interest_SCN" time="0.044"/>
  <testcase classname="Add_NBFC.TC_09_NBFC_Interest_Post" name="interest_less_2_digit" time="0.041"/>
  <testcase classname="Add_NBFC.TC_09_NBFC_Interest_Post" name="interest_letter" time="0.044"/>
  <testcase classname="Add_NBFC.TC_09_NBFC_Interest_Post" name="interest_more_2_digit" time="0.047"/>
  <testcase classname="Add_NBFC.TC_09_NBFC_Interest_Post" name="interest_special_char" time="0.054"/>
  <testcase classname="Add_NBFC.TC_09_NBFC_Interest_Post" name="nbfc_interest_blank" time="0.046"/>
  <testcase classname="Collection_Service.TC_04_Get_Payment_Invoice_History" name="Get_Payment_Invoice_History" time="0.065"/>
  <testcase classname="Collection_Service.TC_04_Get_Payment_Invoice_History" name="Get_Payment_Invoice_History_No_Payment" time="0.043"/>
  <testcase classname="User_service.TC_08_Staff_User_Add_Blanks" name="staff_add_all_blank" time="0.037"/>
  <testcase classname="User_service.TC_10_terms_conditions" name="terms_conditions" time="0.03"/>
  <testcase classname="Add_NBFC.TC_08_NBFC_Pin_Code_Post" name="nbfc_pincode_SCLN" time="0.038"/>
  <testcase classname="Add_NBFC.TC_08_NBFC_Pin_Code_Post" name="nbfc_pincode_blank" time="0.051"/>
  <testcase classname="Add_NBFC.TC_08_NBFC_Pin_Code_Post" name="nbfc_pincode_capital_letter" time="0.049"/>
  <testcase classname="Add_NBFC.TC_08_NBFC_Pin_Code_Post" name="nbfc_pincode_less_6" time="0.06"/>
  <testcase classname="Add_NBFC.TC_08_NBFC_Pin_Code_Post" name="nbfc_pincode_more_6" time="0.067"/>
  <testcase classname="Add_NBFC.TC_08_NBFC_Pin_Code_Post" name="nbfc_pincode_small_letters" time="0.057"/>
  <testcase classname="NBFC.TC_05_NBFC_Mapping" name="nbfc_map" time="0.06"/>
  <testcase classname="User_service.TC_14_edit_User_Admin" name="edit_User_Admin" time="0.108"/>
  <testcase classname="Collection_Service.TC_02_Get_Single_Invoices" name="Get_Invoice_Single" time="0.07"/>
  <testcase classname="Entity_Service.TC_16_Get_Gst_Data" name="Gst_Data" time="0.059"/>
  <testcase classname="Entity_Service.TC_16_Get_Gst_Data" name="Gst_Data_Blank" time="0.036"/>
  <testcase classname="NBFC.TC_20_NBFC_Mapping_Wrong_url" name="nbfc_post_Blank_url" time="0.039"/>
  <testcase classname="Ledger_service.TC_01_calender" name="calender" time="0.043"/>
  <testcase classname="Ledger_service.TC_01_calender" name="calender_no_data" time="0.033"/>
  <testcase classname="Invoice_Services.TC_04_Get_All_Invoice" name="Get_Invoice_All" time="0.034">
    <failure type="java.lang.AssertionError" message="1 expectation failed.
Expected status code &amp;lt;200&amp;gt; but was &amp;lt;502&amp;gt;.
">
      <![CDATA[java.lang.AssertionError: 1 expectation failed.
Expected status code <200> but was <502>.

at org.codehaus.groovy.runtime.callsite.ConstructorSite$ConstructorSiteNoUnwrapNoCoerce.callConstructor(ConstructorSite.java:108)
at org.codehaus.groovy.runtime.callsite.AbstractCallSite.callConstructor(AbstractCallSite.java:277)
at io.restassured.internal.ResponseSpecificationImpl$HamcrestAssertionClosure.validate(ResponseSpecificationImpl.groovy:505)
at io.restassured.internal.ResponseSpecificationImpl$HamcrestAssertionClosure$validate$1.call(Unknown Source)
at io.restassured.internal.ResponseSpecificationImpl.validateResponseIfRequired(ResponseSpecificationImpl.groovy:687)
at io.restassured.internal.ResponseSpecificationImpl.this$2$validateResponseIfRequired(ResponseSpecificationImpl.groovy)
at org.codehaus.groovy.runtime.callsite.PlainObjectMetaMethodSite.doInvoke(PlainObjectMetaMethodSite.java:43)
at org.codehaus.groovy.runtime.callsite.PogoMetaMethodSite$PogoCachedMethodSiteNoUnwrapNoCoerce.invoke(PogoMetaMethodSite.java:198)
at org.codehaus.groovy.runtime.callsite.PogoMetaMethodSite.callCurrent(PogoMetaMethodSite.java:62)
at org.codehaus.groovy.runtime.callsite.AbstractCallSite.callCurrent(AbstractCallSite.java:185)
at io.restassured.internal.ResponseSpecificationImpl.statusCode(ResponseSpecificationImpl.groovy:128)
at io.restassured.specification.ResponseSpecification$statusCode$0.callCurrent(Unknown Source)
at io.restassured.internal.ResponseSpecificationImpl.statusCode(ResponseSpecificationImpl.groovy:136)
at io.restassured.internal.ValidatableResponseOptionsImpl.statusCode(ValidatableResponseOptionsImpl.java:89)
at Invoice_Services.TC_04_Get_All_Invoice.Get_Invoice_All(TC_04_Get_All_Invoice.java:50)
at java.base/java.util.ArrayList.forEach(ArrayList.java:1511)
... Removed 36 stack frames]]>
    </failure>
  </testcase> <!-- Get_Invoice_All -->
  <testcase classname="Ledger_service.TC_13_receivable_agings" name="get_receivable_agings" time="0.044"/>
  <testcase classname="Add_NBFC.TC_06_NBFC_District_Post" name="nbfc_dist_SCLN" time="0.047"/>
  <testcase classname="Add_NBFC.TC_06_NBFC_District_Post" name="nbfc_dist_blank" time="0.049"/>
  <testcase classname="Add_NBFC.TC_06_NBFC_District_Post" name="nbfc_dist_special_char" time="0.05"/>
  <testcase classname="Auth_Services.TC_1_SignUp_Valid" name="Signup" time="0.988"/>
  <testcase classname="NBFC.TC_14_NBFC_Blank" name="nbfc_post_blank" time="0.058"/>
  <testcase classname="Collection_Service.TC_01_Get_Overdue_Invoice" name="Get_Invoices" time="0.523"/>
  <testcase classname="Auth_Services.TC_7_Forgot_Password" name="Forgot_Password" time="0.099"/>
  <testcase classname="Auth_Services.TC_7_Forgot_Password" name="Forgot_Password" time="0.044"/>
  <testcase classname="Auth_Services.TC_7_Forgot_Password" name="Forgot_Password" time="0.042"/>
  <testcase classname="Auth_Services.TC_7_Forgot_Password" name="Forgot_Password" time="0.039"/>
  <testcase classname="Ledger_service.TC_12_receivables_statements" name="get_receivable_statement" time="0.254"/>
  <testcase classname="Entity_Service.TC_11_Fetch_Entities" name="Fetch_Entities" time="0.093"/>
  <testcase classname="Entity_Service.TC_10_Discount_Del_Controller" name="Default_Flag_Controller" time="0.048"/>
  <testcase classname="Ledger_service.TC_03_ledger_report" name="ledger_report" time="0.494"/>
  <testcase classname="Auth_Services.TC_8_OTP_Verify" name="Verify_Otp" time="0.057"/>
  <testcase classname="Auth_Services.TC_8_OTP_Verify" name="Verify_Otp" time="0.034"/>
  <testcase classname="Auth_Services.TC_8_OTP_Verify" name="Verify_Otp" time="0.04"/>
  <testcase classname="Auth_Services.TC_8_OTP_Verify" name="Verify_Otp" time="0.037"/>
  <testcase classname="Auth_Services.TC_8_OTP_Verify" name="Verify_Otp" time="0.045"/>
  <testcase classname="Auth_Services.TC_8_OTP_Verify" name="Verify_Otp" time="0.073"/>
  <testcase classname="NBFC.TC_08_NBFC_mis_report" name="nbfc_mis_report" time="0.066"/>
  <testcase classname="NBFC.TC_03_NBFC_get_by_id" name="nbfc_get_by_id" time="0.069"/>
  <testcase classname="NBFC.TC_03_NBFC_get_by_id" name="nbfc_get_by_id_wrong_id" time="0.053"/>
  <testcase classname="Ledger_service.TC_08_invoices_dashboard" name="invoices_dashboard" time="4.063"/>
  <testcase classname="Add_NBFC.TC_11_NBFC_Branch_Name_Post" name="branch_name_SCLN" time="0.049"/>
  <testcase classname="Add_NBFC.TC_11_NBFC_Branch_Name_Post" name="branch_name_blank" time="0.043"/>
  <testcase classname="Add_NBFC.TC_11_NBFC_Branch_Name_Post" name="branch_name_number" time="0.059"/>
  <testcase classname="Add_NBFC.TC_11_NBFC_Branch_Name_Post" name="branch_name_special_char" time="0.044"/>
  <testcase classname="Add_NBFC.TC_11_NBFC_Branch_Name_Post" name="setup" time="0.0"/>
  <testcase classname="Invoice_Services.TC_05_Get_Entity_summary" name="Get_Entity_summary" time="0.27"/>
  <testcase classname="Entity_Service.TC_12_Check_Entity_Status" name="Check_Entities_Status_Approved" time="0.039"/>
  <testcase classname="Entity_Service.TC_12_Check_Entity_Status" name="Check_Entities_Status_Hold" time="0.044"/>
  <testcase classname="Entity_Service.TC_12_Check_Entity_Status" name="Check_Entities_Status_Inactive" time="0.039"/>
  <testcase classname="Entity_Service.TC_02_Get_Entity_Details" name="Get_Entity_Details" time="0.051"/>
  <testcase classname="NBFC.TC_16_NBFC_Add_all_Fields" name="nbfc_post_all_fields" time="0.038"/>
  <testcase classname="Invoice_Services.TC_14_Download_Invoice" name="Download_Invoice" time="0.333"/>
  <testcase classname="Add_NBFC.TC_04_NBFC_Mobile_Post" name="nbfc_mobile_SCLN" time="0.055"/>
  <testcase classname="Add_NBFC.TC_04_NBFC_Mobile_Post" name="nbfc_mobile_blank" time="0.042"/>
  <testcase classname="Add_NBFC.TC_04_NBFC_Mobile_Post" name="nbfc_mobile_less_10" time="0.044"/>
  <testcase classname="Add_NBFC.TC_04_NBFC_Mobile_Post" name="nbfc_mobile_letter" time="0.042"/>
  <testcase classname="Add_NBFC.TC_04_NBFC_Mobile_Post" name="nbfc_mobile_more_10" time="0.046"/>
  <testcase classname="Add_NBFC.TC_04_NBFC_Mobile_Post" name="nbfc_mobile_special_char" time="0.048"/>
  <testcase classname="NBFC.TC_23_NBFC_reconcellation_manully" name="Reconcellation_manually" time="0.053"/>
  <testcase classname="Add_NBFC.TC_16_NBFC_Post_Blank" name="nbfc_post_blank" time="0.049"/>
  <testcase classname="User_service.TC_06_User_Role_Staff_User_Post" name="staff_role_SCLN" time="0.044"/>
  <testcase classname="User_service.TC_06_User_Role_Staff_User_Post" name="staff_role_blank" time="0.048"/>
  <testcase classname="User_service.TC_06_User_Role_Staff_User_Post" name="staff_role_numbers" time="0.041"/>
  <testcase classname="User_service.TC_06_User_Role_Staff_User_Post" name="staff_role_special_char" time="0.038"/>
  <testcase classname="Entity_Service.TC_09_Discount_Cal_Controller" name="Discount_Mapping_Controller" time="0.048"/>
  <testcase classname="Company_get_patch_buyer_and_Seller.TC_3_Get_company_by_company_id" name="Buyer_Get_Company_By_Gst_Number" time="0.042"/>
  <testcase classname="Invoice_Services.TC_13_Get_Companies" name="Get_All_Invoice" time="0.052"/>
  <testcase classname="Add_NBFC.TC_07_NBFC_State_Post" name="SCLN" time="0.042"/>
  <testcase classname="Add_NBFC.TC_07_NBFC_State_Post" name="nbfc_state_blank" time="0.043"/>
  <testcase classname="Add_NBFC.TC_07_NBFC_State_Post" name="nbfc_state_number" time="0.041"/>
  <testcase classname="Add_NBFC.TC_07_NBFC_State_Post" name="nbfc_state_special_char" time="0.049"/>
  <testcase classname="NBFC.TC_26_NBFC_disbursment" name="add_disbursbment" time="0.041"/>
  <testcase classname="NBFC.TC_26_NBFC_disbursment" name="add_disbursbment_UTR_id_field_blank" time="0.032"/>
  <testcase classname="NBFC.TC_26_NBFC_disbursment" name="add_disbursbment_all_blank" time="0.032"/>
  <testcase classname="NBFC.TC_26_NBFC_disbursment" name="add_disbursbment_amount_SC_field_blank" time="0.038"/>
  <testcase classname="NBFC.TC_26_NBFC_disbursment" name="add_disbursbment_amount_field_blank" time="0.043"/>
  <testcase classname="NBFC.TC_26_NBFC_disbursment" name="add_disbursbment_beneficiary_gst_field_blank" time="0.034"/>
  <testcase classname="NBFC.TC_26_NBFC_disbursment" name="add_disbursbment_invoiceno_field_blank" time="0.041"/>
  <testcase classname="NBFC.TC_26_NBFC_disbursment" name="add_disbursbment_remarks_field_blank" time="0.041"/>
  <testcase classname="NBFC.TC_26_NBFC_disbursment" name="add_disbursbment_transactionid_field_blank" time="0.032"/>
  <testcase classname="NBFC.TC_21_NBFC_Mapping_no_seller_id" name="nbfc_no_seller_id" time="0.043"/>
  <testcase classname="User_service.TC_05_Mobile_Staff_User_Post" name="staff_mobile_SCLN" time="0.036"/>
  <testcase classname="User_service.TC_05_Mobile_Staff_User_Post" name="staff_mobile_blank" time="0.037"/>
  <testcase classname="User_service.TC_05_Mobile_Staff_User_Post" name="staff_mobile_existing" time="0.037"/>
  <testcase classname="User_service.TC_05_Mobile_Staff_User_Post" name="staff_mobile_less_10" time="0.046"/>
  <testcase classname="User_service.TC_05_Mobile_Staff_User_Post" name="staff_mobile_letters" time="0.036"/>
  <testcase classname="User_service.TC_05_Mobile_Staff_User_Post" name="staff_mobile_more_10" time="0.035"/>
  <testcase classname="User_service.TC_05_Mobile_Staff_User_Post" name="staff_mobile_special_char" time="0.036"/>
  <testcase classname="NBFC.TC_01_NBFC_Add" name="nbfc_post" time="0.037"/>
  <testcase classname="Add_NBFC.TC_02_NBFC_Name_Post" name="nbfc_SLN" time="0.046"/>
  <testcase classname="Add_NBFC.TC_02_NBFC_Name_Post" name="nbfc_name_blank" time="0.041"/>
  <testcase classname="Add_NBFC.TC_02_NBFC_Name_Post" name="nbfc_name_number" time="0.043"/>
  <testcase classname="Add_NBFC.TC_02_NBFC_Name_Post" name="nbfc_name_special_char" time="0.043"/>
  <testcase classname="Invoice_Services.TC_10_Interest_Cal" name="Invoice_Interest_Calculation" time="0.042"/>
  <testcase classname="Invoice_Services.Tc_17_NT_Manual_Invoice_upload" name="Upload_Invoice" time="0.0">
    <ignored/>
  </testcase> <!-- Upload_Invoice -->
  <testcase classname="Invoice_Services.TC_18_Manual_Invoice_upload" name="Upload_Invoice" time="0.0">
    <ignored/>
  </testcase> <!-- Upload_Invoice -->
  <testcase classname="Invoice_Services.TC_18_Manual_Invoice_upload" name="Client_Key_Genrated" time="0.0">
    <ignored/>
  </testcase> <!-- Client_Key_Genrated -->
  <testcase classname="Invoice_Services.Tc_17_NT_Manual_Invoice_upload" name="Client_Key_Genrated" time="0.0">
    <ignored/>
  </testcase> <!-- Client_Key_Genrated -->
</testsuite> <!-- Test -->
