<?xml version="1.0" encoding="UTF-8"?>
<!-- Generated by org.testng.reporters.JUnitXMLReporter -->
<testsuite hostname="varsha-HP" ignored="0" name="All_in_one_Test" tests="226" failures="156" timestamp="2022-06-23T16:28:52 IST" time="1149.318" errors="0">
  <testcase name="Sign_up" time="10.346" classname="manage_Users.click_on_Next_Page"/>
  <testcase name="Manage_comp" time="5.421" classname="manage_Users.click_on_Next_Page"/>
  <testcase name="Sign_up" time="8.502" classname="invoices.Items_per_page_50"/>
  <testcase name="Invoice_due_in" time="6.187" classname="invoices.Items_per_page_50">
    <failure type="org.openqa.selenium.NoSuchElementException" message="no such element: Unable to locate element: {&amp;quot;method&amp;quot;:&amp;quot;xpath&amp;quot;,&amp;quot;selector&amp;quot;:&amp;quot;//*[@id=&amp;quot;buyerinvoices-page&amp;quot;]/div/table/tbody/tr[5]/td[11]/button[1]/span[1]/mat-icon&amp;quot;}
  (Session info: chrome=102.0.5005.61)
For documentation on this error, please visit: https://www.seleniumhq.org/exceptions/no_such_element.html
Build info: version: &amp;apos;3.141.59&amp;apos;, revision: &amp;apos;e82be7d358&amp;apos;, time: &amp;apos;2018-11-14T08:17:03&amp;apos;
System info: host: &amp;apos;varsha-HP&amp;apos;, ip: &amp;apos;127.0.1.1&amp;apos;, os.name: &amp;apos;Linux&amp;apos;, os.arch: &amp;apos;amd64&amp;apos;, os.version: &amp;apos;5.13.0-51-generic&amp;apos;, java.version: &amp;apos;1.8.0_312&amp;apos;
Driver info: org.openqa.selenium.chrome.ChromeDriver
Capabilities {acceptInsecureCerts: false, browserName: chrome, browserVersion: 102.0.5005.61, chrome: {chromedriverVersion: 102.0.5005.61 (0e59bcc00cc4..., userDataDir: /tmp/.com.google.Chrome.UkPlpZ}, goog:chromeOptions: {debuggerAddress: localhost:33743}, javascriptEnabled: true, networkConnectionEnabled: false, pageLoadStrategy: normal, platform: LINUX, platformName: LINUX, proxy: Proxy(), setWindowRect: true, strictFileInteractability: false, timeouts: {implicit: 0, pageLoad: 300000, script: 30000}, unhandledPromptBehavior: dismiss and notify, webauthn:extension:credBlob: true, webauthn:extension:largeBlob: true, webauthn:virtualAuthenticators: true}
Session ID: 41b57cfc04f502f5a3e5fff0d42804f9
*** Element info: {Using=xpath, value=//*[@id=&amp;quot;buyerinvoices-page&amp;quot;]/div/table/tbody/tr[5]/td[11]/button[1]/span[1]/mat-icon}">
      <![CDATA[org.openqa.selenium.NoSuchElementException: no such element: Unable to locate element: {"method":"xpath","selector":"//*[@id="buyerinvoices-page"]/div/table/tbody/tr[5]/td[11]/button[1]/span[1]/mat-icon"}
  (Session info: chrome=102.0.5005.61)
For documentation on this error, please visit: https://www.seleniumhq.org/exceptions/no_such_element.html
Build info: version: '3.141.59', revision: 'e82be7d358', time: '2018-11-14T08:17:03'
System info: host: 'varsha-HP', ip: '127.0.1.1', os.name: 'Linux', os.arch: 'amd64', os.version: '5.13.0-51-generic', java.version: '1.8.0_312'
Driver info: org.openqa.selenium.chrome.ChromeDriver
Capabilities {acceptInsecureCerts: false, browserName: chrome, browserVersion: 102.0.5005.61, chrome: {chromedriverVersion: 102.0.5005.61 (0e59bcc00cc4..., userDataDir: /tmp/.com.google.Chrome.UkPlpZ}, goog:chromeOptions: {debuggerAddress: localhost:33743}, javascriptEnabled: true, networkConnectionEnabled: false, pageLoadStrategy: normal, platform: LINUX, platformName: LINUX, proxy: Proxy(), setWindowRect: true, strictFileInteractability: false, timeouts: {implicit: 0, pageLoad: 300000, script: 30000}, unhandledPromptBehavior: dismiss and notify, webauthn:extension:credBlob: true, webauthn:extension:largeBlob: true, webauthn:virtualAuthenticators: true}
Session ID: 41b57cfc04f502f5a3e5fff0d42804f9
*** Element info: {Using=xpath, value=//*[@id="buyerinvoices-page"]/div/table/tbody/tr[5]/td[11]/button[1]/span[1]/mat-icon}
at org.openqa.selenium.remote.http.W3CHttpResponseCodec.createException(W3CHttpResponseCodec.java:187)
at org.openqa.selenium.remote.http.W3CHttpResponseCodec.decode(W3CHttpResponseCodec.java:122)
at org.openqa.selenium.remote.http.W3CHttpResponseCodec.decode(W3CHttpResponseCodec.java:49)
at org.openqa.selenium.remote.HttpCommandExecutor.execute(HttpCommandExecutor.java:158)
at org.openqa.selenium.remote.service.DriverCommandExecutor.execute(DriverCommandExecutor.java:83)
at org.openqa.selenium.remote.RemoteWebDriver.execute(RemoteWebDriver.java:552)
at org.openqa.selenium.remote.RemoteWebDriver.findElement(RemoteWebDriver.java:323)
at org.openqa.selenium.remote.RemoteWebDriver.findElementByXPath(RemoteWebDriver.java:428)
at org.openqa.selenium.By$ByXPath.findElement(By.java:353)
at org.openqa.selenium.remote.RemoteWebDriver.findElement(RemoteWebDriver.java:315)
at com.Xuriti.admin_panel_main.Invoices.<init>(Invoices.java:23)
at invoices.Items_per_page_50.Invoice_due_in(Items_per_page_50.java:27)
at java.util.ArrayList.forEach(ArrayList.java:1259)
... Removed 31 stack frames]]>
    </failure>
  </testcase> <!-- Invoice_due_in -->
  <testcase name="Sign_up" time="9.652" classname="manage_companies.edit_company_status_Inactive"/>
  <testcase name="Edit_comp" time="5.363" classname="manage_companies.edit_company_status_Inactive"/>
  <testcase name="Sign_up" time="8.551" classname="invoices.Invoice_due_in_5days"/>
  <testcase name="Invoice_due_in" time="4.349" classname="invoices.Invoice_due_in_5days">
    <failure type="org.openqa.selenium.ElementClickInterceptedException" message="element click intercepted: Element &amp;lt;mat-select _ngcontent-yiq-c183=&amp;quot;&amp;quot; role=&amp;quot;combobox&amp;quot; aria-autocomplete=&amp;quot;none&amp;quot; aria-haspopup=&amp;quot;true&amp;quot; class=&amp;quot;mat-select ng-tns-c113-19 ng-tns-c61-18 mat-select-empty ng-star-inserted&amp;quot; aria-labelledby=&amp;quot;mat-form-field-label-15 mat-select-value-5&amp;quot; id=&amp;quot;mat-select-4&amp;quot; tabindex=&amp;quot;0&amp;quot; aria-expanded=&amp;quot;false&amp;quot; aria-required=&amp;quot;false&amp;quot; aria-disabled=&amp;quot;false&amp;quot; aria-invalid=&amp;quot;false&amp;quot;&amp;gt;...&amp;lt;/mat-select&amp;gt; is not clickable at point (185, 160). Other element would receive the click: &amp;lt;div _ngcontent-yiq-c125=&amp;quot;&amp;quot; class=&amp;quot;overlay&amp;quot;&amp;gt;...&amp;lt;/div&amp;gt;
  (Session info: chrome=102.0.5005.61)
Build info: version: &amp;apos;3.141.59&amp;apos;, revision: &amp;apos;e82be7d358&amp;apos;, time: &amp;apos;2018-11-14T08:17:03&amp;apos;
System info: host: &amp;apos;varsha-HP&amp;apos;, ip: &amp;apos;127.0.1.1&amp;apos;, os.name: &amp;apos;Linux&amp;apos;, os.arch: &amp;apos;amd64&amp;apos;, os.version: &amp;apos;5.13.0-51-generic&amp;apos;, java.version: &amp;apos;1.8.0_312&amp;apos;
Driver info: org.openqa.selenium.chrome.ChromeDriver
Capabilities {acceptInsecureCerts: false, browserName: chrome, browserVersion: 102.0.5005.61, chrome: {chromedriverVersion: 102.0.5005.61 (0e59bcc00cc4..., userDataDir: /tmp/.com.google.Chrome.F3WtUh}, goog:chromeOptions: {debuggerAddress: localhost:34293}, javascriptEnabled: true, networkConnectionEnabled: false, pageLoadStrategy: normal, platform: LINUX, platformName: LINUX, proxy: Proxy(), setWindowRect: true, strictFileInteractability: false, timeouts: {implicit: 0, pageLoad: 300000, script: 30000}, unhandledPromptBehavior: dismiss and notify, webauthn:extension:credBlob: true, webauthn:extension:largeBlob: true, webauthn:virtualAuthenticators: true}
Session ID: adf093378b9e19678b6555d409bd37b8">
      <![CDATA[org.openqa.selenium.ElementClickInterceptedException: element click intercepted: Element <mat-select _ngcontent-yiq-c183="" role="combobox" aria-autocomplete="none" aria-haspopup="true" class="mat-select ng-tns-c113-19 ng-tns-c61-18 mat-select-empty ng-star-inserted" aria-labelledby="mat-form-field-label-15 mat-select-value-5" id="mat-select-4" tabindex="0" aria-expanded="false" aria-required="false" aria-disabled="false" aria-invalid="false">...</mat-select> is not clickable at point (185, 160). Other element would receive the click: <div _ngcontent-yiq-c125="" class="overlay">...</div>
  (Session info: chrome=102.0.5005.61)
Build info: version: '3.141.59', revision: 'e82be7d358', time: '2018-11-14T08:17:03'
System info: host: 'varsha-HP', ip: '127.0.1.1', os.name: 'Linux', os.arch: 'amd64', os.version: '5.13.0-51-generic', java.version: '1.8.0_312'
Driver info: org.openqa.selenium.chrome.ChromeDriver
Capabilities {acceptInsecureCerts: false, browserName: chrome, browserVersion: 102.0.5005.61, chrome: {chromedriverVersion: 102.0.5005.61 (0e59bcc00cc4..., userDataDir: /tmp/.com.google.Chrome.F3WtUh}, goog:chromeOptions: {debuggerAddress: localhost:34293}, javascriptEnabled: true, networkConnectionEnabled: false, pageLoadStrategy: normal, platform: LINUX, platformName: LINUX, proxy: Proxy(), setWindowRect: true, strictFileInteractability: false, timeouts: {implicit: 0, pageLoad: 300000, script: 30000}, unhandledPromptBehavior: dismiss and notify, webauthn:extension:credBlob: true, webauthn:extension:largeBlob: true, webauthn:virtualAuthenticators: true}
Session ID: adf093378b9e19678b6555d409bd37b8
at org.openqa.selenium.remote.http.W3CHttpResponseCodec.createException(W3CHttpResponseCodec.java:187)
at org.openqa.selenium.remote.http.W3CHttpResponseCodec.decode(W3CHttpResponseCodec.java:122)
at org.openqa.selenium.remote.http.W3CHttpResponseCodec.decode(W3CHttpResponseCodec.java:49)
at org.openqa.selenium.remote.HttpCommandExecutor.execute(HttpCommandExecutor.java:158)
at org.openqa.selenium.remote.service.DriverCommandExecutor.execute(DriverCommandExecutor.java:83)
at org.openqa.selenium.remote.RemoteWebDriver.execute(RemoteWebDriver.java:552)
at org.openqa.selenium.remote.RemoteWebElement.execute(RemoteWebElement.java:285)
at org.openqa.selenium.remote.RemoteWebElement.click(RemoteWebElement.java:84)
at com.Xuriti.admin_panel_main.Invoices_Group_By_admin.Invoice_due_date_5days(Invoices_Group_By_admin.java:52)
at invoices.Invoice_due_in_5days.Invoice_due_in(Invoice_due_in_5days.java:29)
at java.util.ArrayList.forEach(ArrayList.java:1259)
... Removed 31 stack frames]]>
    </failure>
  </testcase> <!-- Invoice_due_in -->
  <testcase name="Sign_up" time="9.535" classname="edit_Invoices_Details.Edit_Invoice_Status_Paid"/>
  <testcase name="Invoice_Edit" time="6.078" classname="edit_Invoices_Details.Edit_Invoice_Status_Paid">
    <failure type="org.openqa.selenium.NoSuchElementException" message="no such element: Unable to locate element: {&amp;quot;method&amp;quot;:&amp;quot;xpath&amp;quot;,&amp;quot;selector&amp;quot;:&amp;quot;//*[@id=&amp;quot;buyerinvoices-page&amp;quot;]/div/table/tbody/tr[5]/td[11]/button[1]/span[1]/mat-icon&amp;quot;}
  (Session info: chrome=102.0.5005.61)
For documentation on this error, please visit: https://www.seleniumhq.org/exceptions/no_such_element.html
Build info: version: &amp;apos;3.141.59&amp;apos;, revision: &amp;apos;e82be7d358&amp;apos;, time: &amp;apos;2018-11-14T08:17:03&amp;apos;
System info: host: &amp;apos;varsha-HP&amp;apos;, ip: &amp;apos;127.0.1.1&amp;apos;, os.name: &amp;apos;Linux&amp;apos;, os.arch: &amp;apos;amd64&amp;apos;, os.version: &amp;apos;5.13.0-51-generic&amp;apos;, java.version: &amp;apos;1.8.0_312&amp;apos;
Driver info: org.openqa.selenium.chrome.ChromeDriver
Capabilities {acceptInsecureCerts: false, browserName: chrome, browserVersion: 102.0.5005.61, chrome: {chromedriverVersion: 102.0.5005.61 (0e59bcc00cc4..., userDataDir: /tmp/.com.google.Chrome.KY8zwX}, goog:chromeOptions: {debuggerAddress: localhost:41313}, javascriptEnabled: true, networkConnectionEnabled: false, pageLoadStrategy: normal, platform: LINUX, platformName: LINUX, proxy: Proxy(), setWindowRect: true, strictFileInteractability: false, timeouts: {implicit: 0, pageLoad: 300000, script: 30000}, unhandledPromptBehavior: dismiss and notify, webauthn:extension:credBlob: true, webauthn:extension:largeBlob: true, webauthn:virtualAuthenticators: true}
Session ID: d4d35a915d3481d8d64a810b872eae5d
*** Element info: {Using=xpath, value=//*[@id=&amp;quot;buyerinvoices-page&amp;quot;]/div/table/tbody/tr[5]/td[11]/button[1]/span[1]/mat-icon}">
      <![CDATA[org.openqa.selenium.NoSuchElementException: no such element: Unable to locate element: {"method":"xpath","selector":"//*[@id="buyerinvoices-page"]/div/table/tbody/tr[5]/td[11]/button[1]/span[1]/mat-icon"}
  (Session info: chrome=102.0.5005.61)
For documentation on this error, please visit: https://www.seleniumhq.org/exceptions/no_such_element.html
Build info: version: '3.141.59', revision: 'e82be7d358', time: '2018-11-14T08:17:03'
System info: host: 'varsha-HP', ip: '127.0.1.1', os.name: 'Linux', os.arch: 'amd64', os.version: '5.13.0-51-generic', java.version: '1.8.0_312'
Driver info: org.openqa.selenium.chrome.ChromeDriver
Capabilities {acceptInsecureCerts: false, browserName: chrome, browserVersion: 102.0.5005.61, chrome: {chromedriverVersion: 102.0.5005.61 (0e59bcc00cc4..., userDataDir: /tmp/.com.google.Chrome.KY8zwX}, goog:chromeOptions: {debuggerAddress: localhost:41313}, javascriptEnabled: true, networkConnectionEnabled: false, pageLoadStrategy: normal, platform: LINUX, platformName: LINUX, proxy: Proxy(), setWindowRect: true, strictFileInteractability: false, timeouts: {implicit: 0, pageLoad: 300000, script: 30000}, unhandledPromptBehavior: dismiss and notify, webauthn:extension:credBlob: true, webauthn:extension:largeBlob: true, webauthn:virtualAuthenticators: true}
Session ID: d4d35a915d3481d8d64a810b872eae5d
*** Element info: {Using=xpath, value=//*[@id="buyerinvoices-page"]/div/table/tbody/tr[5]/td[11]/button[1]/span[1]/mat-icon}
at org.openqa.selenium.remote.http.W3CHttpResponseCodec.createException(W3CHttpResponseCodec.java:187)
at org.openqa.selenium.remote.http.W3CHttpResponseCodec.decode(W3CHttpResponseCodec.java:122)
at org.openqa.selenium.remote.http.W3CHttpResponseCodec.decode(W3CHttpResponseCodec.java:49)
at org.openqa.selenium.remote.HttpCommandExecutor.execute(HttpCommandExecutor.java:158)
at org.openqa.selenium.remote.service.DriverCommandExecutor.execute(DriverCommandExecutor.java:83)
at org.openqa.selenium.remote.RemoteWebDriver.execute(RemoteWebDriver.java:552)
at org.openqa.selenium.remote.RemoteWebDriver.findElement(RemoteWebDriver.java:323)
at org.openqa.selenium.remote.RemoteWebDriver.findElementByXPath(RemoteWebDriver.java:428)
at org.openqa.selenium.By$ByXPath.findElement(By.java:353)
at org.openqa.selenium.remote.RemoteWebDriver.findElement(RemoteWebDriver.java:315)
at com.Xuriti.admin_panel_main.Invoices.<init>(Invoices.java:23)
at edit_Invoices_Details.Edit_Invoice_Status_Paid.Invoice_Edit(Edit_Invoice_Status_Paid.java:28)
at java.util.ArrayList.forEach(ArrayList.java:1259)
... Removed 31 stack frames]]>
    </failure>
  </testcase> <!-- Invoice_Edit -->
  <testcase name="Sign_up" time="8.796" classname="edit_Invoices_Details.Edit_Invoice_Date"/>
  <testcase name="Invoice_Edit" time="6.081" classname="edit_Invoices_Details.Edit_Invoice_Date">
    <failure type="org.openqa.selenium.NoSuchElementException" message="no such element: Unable to locate element: {&amp;quot;method&amp;quot;:&amp;quot;xpath&amp;quot;,&amp;quot;selector&amp;quot;:&amp;quot;//*[@id=&amp;quot;buyerinvoices-page&amp;quot;]/div/table/tbody/tr[5]/td[11]/button[1]/span[1]/mat-icon&amp;quot;}
  (Session info: chrome=102.0.5005.61)
For documentation on this error, please visit: https://www.seleniumhq.org/exceptions/no_such_element.html
Build info: version: &amp;apos;3.141.59&amp;apos;, revision: &amp;apos;e82be7d358&amp;apos;, time: &amp;apos;2018-11-14T08:17:03&amp;apos;
System info: host: &amp;apos;varsha-HP&amp;apos;, ip: &amp;apos;127.0.1.1&amp;apos;, os.name: &amp;apos;Linux&amp;apos;, os.arch: &amp;apos;amd64&amp;apos;, os.version: &amp;apos;5.13.0-51-generic&amp;apos;, java.version: &amp;apos;1.8.0_312&amp;apos;
Driver info: org.openqa.selenium.chrome.ChromeDriver
Capabilities {acceptInsecureCerts: false, browserName: chrome, browserVersion: 102.0.5005.61, chrome: {chromedriverVersion: 102.0.5005.61 (0e59bcc00cc4..., userDataDir: /tmp/.com.google.Chrome.Hcq2EA}, goog:chromeOptions: {debuggerAddress: localhost:40393}, javascriptEnabled: true, networkConnectionEnabled: false, pageLoadStrategy: normal, platform: LINUX, platformName: LINUX, proxy: Proxy(), setWindowRect: true, strictFileInteractability: false, timeouts: {implicit: 0, pageLoad: 300000, script: 30000}, unhandledPromptBehavior: dismiss and notify, webauthn:extension:credBlob: true, webauthn:extension:largeBlob: true, webauthn:virtualAuthenticators: true}
Session ID: 2e99122e69d2ab6e2cd31c5919256416
*** Element info: {Using=xpath, value=//*[@id=&amp;quot;buyerinvoices-page&amp;quot;]/div/table/tbody/tr[5]/td[11]/button[1]/span[1]/mat-icon}">
      <![CDATA[org.openqa.selenium.NoSuchElementException: no such element: Unable to locate element: {"method":"xpath","selector":"//*[@id="buyerinvoices-page"]/div/table/tbody/tr[5]/td[11]/button[1]/span[1]/mat-icon"}
  (Session info: chrome=102.0.5005.61)
For documentation on this error, please visit: https://www.seleniumhq.org/exceptions/no_such_element.html
Build info: version: '3.141.59', revision: 'e82be7d358', time: '2018-11-14T08:17:03'
System info: host: 'varsha-HP', ip: '127.0.1.1', os.name: 'Linux', os.arch: 'amd64', os.version: '5.13.0-51-generic', java.version: '1.8.0_312'
Driver info: org.openqa.selenium.chrome.ChromeDriver
Capabilities {acceptInsecureCerts: false, browserName: chrome, browserVersion: 102.0.5005.61, chrome: {chromedriverVersion: 102.0.5005.61 (0e59bcc00cc4..., userDataDir: /tmp/.com.google.Chrome.Hcq2EA}, goog:chromeOptions: {debuggerAddress: localhost:40393}, javascriptEnabled: true, networkConnectionEnabled: false, pageLoadStrategy: normal, platform: LINUX, platformName: LINUX, proxy: Proxy(), setWindowRect: true, strictFileInteractability: false, timeouts: {implicit: 0, pageLoad: 300000, script: 30000}, unhandledPromptBehavior: dismiss and notify, webauthn:extension:credBlob: true, webauthn:extension:largeBlob: true, webauthn:virtualAuthenticators: true}
Session ID: 2e99122e69d2ab6e2cd31c5919256416
*** Element info: {Using=xpath, value=//*[@id="buyerinvoices-page"]/div/table/tbody/tr[5]/td[11]/button[1]/span[1]/mat-icon}
at org.openqa.selenium.remote.http.W3CHttpResponseCodec.createException(W3CHttpResponseCodec.java:187)
at org.openqa.selenium.remote.http.W3CHttpResponseCodec.decode(W3CHttpResponseCodec.java:122)
at org.openqa.selenium.remote.http.W3CHttpResponseCodec.decode(W3CHttpResponseCodec.java:49)
at org.openqa.selenium.remote.HttpCommandExecutor.execute(HttpCommandExecutor.java:158)
at org.openqa.selenium.remote.service.DriverCommandExecutor.execute(DriverCommandExecutor.java:83)
at org.openqa.selenium.remote.RemoteWebDriver.execute(RemoteWebDriver.java:552)
at org.openqa.selenium.remote.RemoteWebDriver.findElement(RemoteWebDriver.java:323)
at org.openqa.selenium.remote.RemoteWebDriver.findElementByXPath(RemoteWebDriver.java:428)
at org.openqa.selenium.By$ByXPath.findElement(By.java:353)
at org.openqa.selenium.remote.RemoteWebDriver.findElement(RemoteWebDriver.java:315)
at com.Xuriti.admin_panel_main.Invoices.<init>(Invoices.java:23)
at edit_Invoices_Details.Edit_Invoice_Date.Invoice_Edit(Edit_Invoice_Date.java:28)
at java.util.ArrayList.forEach(ArrayList.java:1259)
... Removed 31 stack frames]]>
    </failure>
  </testcase> <!-- Invoice_Edit -->
  <testcase name="Sign_up" time="9.71" classname="manage_staff.Edit_user_xuriti_admin"/>
  <testcase name="Edit_user" time="14.593" classname="manage_staff.Edit_user_xuriti_admin"/>
  <testcase name="Sign_up" time="9.622" classname="e_mandate.Items_per_page_50"/>
  <testcase name="per_page" time="7.747" classname="e_mandate.Items_per_page_50"/>
  <testcase name="Sign_up" time="10.197" classname="e_mandate.E_Mandate_search_by_Invoice_No"/>
  <testcase name="per_page" time="6.414" classname="e_mandate.E_Mandate_search_by_Invoice_No"/>
  <testcase name="Sign_up" time="9.545" classname="manage_companies.edit_admin_name"/>
  <testcase name="Edit_Company" time="9.5" classname="manage_companies.edit_admin_name"/>
  <testcase name="Sign_up" time="8.568" classname="manage_companies.Click_on_edit_credit_plan"/>
  <testcase name="Hold_comp" time="4.373" classname="manage_companies.Click_on_edit_credit_plan"/>
  <testcase name="Sign_up" time="8.491" classname="manage_companies.edit_company_status_Approved"/>
  <testcase name="Edit_comp" time="5.303" classname="manage_companies.edit_company_status_Approved"/>
  <testcase name="Sign_up" time="8.63" classname="invoices.Invoice_due_in_7days"/>
  <testcase name="Invoice_due_in" time="4.369" classname="invoices.Invoice_due_in_7days">
    <failure type="org.openqa.selenium.ElementClickInterceptedException" message="element click intercepted: Element &amp;lt;mat-select _ngcontent-fcu-c183=&amp;quot;&amp;quot; role=&amp;quot;combobox&amp;quot; aria-autocomplete=&amp;quot;none&amp;quot; aria-haspopup=&amp;quot;true&amp;quot; class=&amp;quot;mat-select ng-tns-c113-19 ng-tns-c61-18 mat-select-empty ng-star-inserted&amp;quot; aria-labelledby=&amp;quot;mat-form-field-label-15 mat-select-value-5&amp;quot; id=&amp;quot;mat-select-4&amp;quot; tabindex=&amp;quot;0&amp;quot; aria-expanded=&amp;quot;false&amp;quot; aria-required=&amp;quot;false&amp;quot; aria-disabled=&amp;quot;false&amp;quot; aria-invalid=&amp;quot;false&amp;quot;&amp;gt;...&amp;lt;/mat-select&amp;gt; is not clickable at point (185, 160). Other element would receive the click: &amp;lt;div _ngcontent-fcu-c125=&amp;quot;&amp;quot; class=&amp;quot;overlay&amp;quot;&amp;gt;...&amp;lt;/div&amp;gt;
  (Session info: chrome=102.0.5005.61)
Build info: version: &amp;apos;3.141.59&amp;apos;, revision: &amp;apos;e82be7d358&amp;apos;, time: &amp;apos;2018-11-14T08:17:03&amp;apos;
System info: host: &amp;apos;varsha-HP&amp;apos;, ip: &amp;apos;127.0.1.1&amp;apos;, os.name: &amp;apos;Linux&amp;apos;, os.arch: &amp;apos;amd64&amp;apos;, os.version: &amp;apos;5.13.0-51-generic&amp;apos;, java.version: &amp;apos;1.8.0_312&amp;apos;
Driver info: org.openqa.selenium.chrome.ChromeDriver
Capabilities {acceptInsecureCerts: false, browserName: chrome, browserVersion: 102.0.5005.61, chrome: {chromedriverVersion: 102.0.5005.61 (0e59bcc00cc4..., userDataDir: /tmp/.com.google.Chrome.jh0qtu}, goog:chromeOptions: {debuggerAddress: localhost:41623}, javascriptEnabled: true, networkConnectionEnabled: false, pageLoadStrategy: normal, platform: LINUX, platformName: LINUX, proxy: Proxy(), setWindowRect: true, strictFileInteractability: false, timeouts: {implicit: 0, pageLoad: 300000, script: 30000}, unhandledPromptBehavior: dismiss and notify, webauthn:extension:credBlob: true, webauthn:extension:largeBlob: true, webauthn:virtualAuthenticators: true}
Session ID: 195f3e456619bae38029c2630eb9c41a">
      <![CDATA[org.openqa.selenium.ElementClickInterceptedException: element click intercepted: Element <mat-select _ngcontent-fcu-c183="" role="combobox" aria-autocomplete="none" aria-haspopup="true" class="mat-select ng-tns-c113-19 ng-tns-c61-18 mat-select-empty ng-star-inserted" aria-labelledby="mat-form-field-label-15 mat-select-value-5" id="mat-select-4" tabindex="0" aria-expanded="false" aria-required="false" aria-disabled="false" aria-invalid="false">...</mat-select> is not clickable at point (185, 160). Other element would receive the click: <div _ngcontent-fcu-c125="" class="overlay">...</div>
  (Session info: chrome=102.0.5005.61)
Build info: version: '3.141.59', revision: 'e82be7d358', time: '2018-11-14T08:17:03'
System info: host: 'varsha-HP', ip: '127.0.1.1', os.name: 'Linux', os.arch: 'amd64', os.version: '5.13.0-51-generic', java.version: '1.8.0_312'
Driver info: org.openqa.selenium.chrome.ChromeDriver
Capabilities {acceptInsecureCerts: false, browserName: chrome, browserVersion: 102.0.5005.61, chrome: {chromedriverVersion: 102.0.5005.61 (0e59bcc00cc4..., userDataDir: /tmp/.com.google.Chrome.jh0qtu}, goog:chromeOptions: {debuggerAddress: localhost:41623}, javascriptEnabled: true, networkConnectionEnabled: false, pageLoadStrategy: normal, platform: LINUX, platformName: LINUX, proxy: Proxy(), setWindowRect: true, strictFileInteractability: false, timeouts: {implicit: 0, pageLoad: 300000, script: 30000}, unhandledPromptBehavior: dismiss and notify, webauthn:extension:credBlob: true, webauthn:extension:largeBlob: true, webauthn:virtualAuthenticators: true}
Session ID: 195f3e456619bae38029c2630eb9c41a
at org.openqa.selenium.remote.http.W3CHttpResponseCodec.createException(W3CHttpResponseCodec.java:187)
at org.openqa.selenium.remote.http.W3CHttpResponseCodec.decode(W3CHttpResponseCodec.java:122)
at org.openqa.selenium.remote.http.W3CHttpResponseCodec.decode(W3CHttpResponseCodec.java:49)
at org.openqa.selenium.remote.HttpCommandExecutor.execute(HttpCommandExecutor.java:158)
at org.openqa.selenium.remote.service.DriverCommandExecutor.execute(DriverCommandExecutor.java:83)
at org.openqa.selenium.remote.RemoteWebDriver.execute(RemoteWebDriver.java:552)
at org.openqa.selenium.remote.RemoteWebElement.execute(RemoteWebElement.java:285)
at org.openqa.selenium.remote.RemoteWebElement.click(RemoteWebElement.java:84)
at com.Xuriti.admin_panel_main.Invoices_Group_By_admin.Invoice_due_date_7days(Invoices_Group_By_admin.java:70)
at invoices.Invoice_due_in_7days.Invoice_due_in(Invoice_due_in_7days.java:29)
at java.util.ArrayList.forEach(ArrayList.java:1259)
... Removed 31 stack frames]]>
    </failure>
  </testcase> <!-- Invoice_due_in -->
  <testcase name="Sign_up" time="9.462" classname="manage_staff.click_on_Next_Page"/>
  <testcase name="Manage_comp" time="5.074" classname="manage_staff.click_on_Next_Page">
    <failure type="org.openqa.selenium.NoSuchElementException" message="no such element: Unable to locate element: {&amp;quot;method&amp;quot;:&amp;quot;xpath&amp;quot;,&amp;quot;selector&amp;quot;:&amp;quot;//*[@id=&amp;quot;stafflist-page&amp;quot;]/div/mat-paginator/div/div/div[2]/button[3]/span[1]/svg&amp;quot;}
  (Session info: chrome=102.0.5005.61)
For documentation on this error, please visit: https://www.seleniumhq.org/exceptions/no_such_element.html
Build info: version: &amp;apos;3.141.59&amp;apos;, revision: &amp;apos;e82be7d358&amp;apos;, time: &amp;apos;2018-11-14T08:17:03&amp;apos;
System info: host: &amp;apos;varsha-HP&amp;apos;, ip: &amp;apos;127.0.1.1&amp;apos;, os.name: &amp;apos;Linux&amp;apos;, os.arch: &amp;apos;amd64&amp;apos;, os.version: &amp;apos;5.13.0-51-generic&amp;apos;, java.version: &amp;apos;1.8.0_312&amp;apos;
Driver info: org.openqa.selenium.chrome.ChromeDriver
Capabilities {acceptInsecureCerts: false, browserName: chrome, browserVersion: 102.0.5005.61, chrome: {chromedriverVersion: 102.0.5005.61 (0e59bcc00cc4..., userDataDir: /tmp/.com.google.Chrome.tIgdDu}, goog:chromeOptions: {debuggerAddress: localhost:39313}, javascriptEnabled: true, networkConnectionEnabled: false, pageLoadStrategy: normal, platform: LINUX, platformName: LINUX, proxy: Proxy(), setWindowRect: true, strictFileInteractability: false, timeouts: {implicit: 0, pageLoad: 300000, script: 30000}, unhandledPromptBehavior: dismiss and notify, webauthn:extension:credBlob: true, webauthn:extension:largeBlob: true, webauthn:virtualAuthenticators: true}
Session ID: 68f0baab5627059e6b9ee80a4102eab0
*** Element info: {Using=xpath, value=//*[@id=&amp;quot;stafflist-page&amp;quot;]/div/mat-paginator/div/div/div[2]/button[3]/span[1]/svg}">
      <![CDATA[org.openqa.selenium.NoSuchElementException: no such element: Unable to locate element: {"method":"xpath","selector":"//*[@id="stafflist-page"]/div/mat-paginator/div/div/div[2]/button[3]/span[1]/svg"}
  (Session info: chrome=102.0.5005.61)
For documentation on this error, please visit: https://www.seleniumhq.org/exceptions/no_such_element.html
Build info: version: '3.141.59', revision: 'e82be7d358', time: '2018-11-14T08:17:03'
System info: host: 'varsha-HP', ip: '127.0.1.1', os.name: 'Linux', os.arch: 'amd64', os.version: '5.13.0-51-generic', java.version: '1.8.0_312'
Driver info: org.openqa.selenium.chrome.ChromeDriver
Capabilities {acceptInsecureCerts: false, browserName: chrome, browserVersion: 102.0.5005.61, chrome: {chromedriverVersion: 102.0.5005.61 (0e59bcc00cc4..., userDataDir: /tmp/.com.google.Chrome.tIgdDu}, goog:chromeOptions: {debuggerAddress: localhost:39313}, javascriptEnabled: true, networkConnectionEnabled: false, pageLoadStrategy: normal, platform: LINUX, platformName: LINUX, proxy: Proxy(), setWindowRect: true, strictFileInteractability: false, timeouts: {implicit: 0, pageLoad: 300000, script: 30000}, unhandledPromptBehavior: dismiss and notify, webauthn:extension:credBlob: true, webauthn:extension:largeBlob: true, webauthn:virtualAuthenticators: true}
Session ID: 68f0baab5627059e6b9ee80a4102eab0
*** Element info: {Using=xpath, value=//*[@id="stafflist-page"]/div/mat-paginator/div/div/div[2]/button[3]/span[1]/svg}
at org.openqa.selenium.remote.http.W3CHttpResponseCodec.createException(W3CHttpResponseCodec.java:187)
at org.openqa.selenium.remote.http.W3CHttpResponseCodec.decode(W3CHttpResponseCodec.java:122)
at org.openqa.selenium.remote.http.W3CHttpResponseCodec.decode(W3CHttpResponseCodec.java:49)
at org.openqa.selenium.remote.HttpCommandExecutor.execute(HttpCommandExecutor.java:158)
at org.openqa.selenium.remote.service.DriverCommandExecutor.execute(DriverCommandExecutor.java:83)
at org.openqa.selenium.remote.RemoteWebDriver.execute(RemoteWebDriver.java:552)
at org.openqa.selenium.remote.RemoteWebDriver.findElement(RemoteWebDriver.java:323)
at org.openqa.selenium.remote.RemoteWebDriver.findElementByXPath(RemoteWebDriver.java:428)
at org.openqa.selenium.By$ByXPath.findElement(By.java:353)
at org.openqa.selenium.remote.RemoteWebDriver.findElement(RemoteWebDriver.java:315)
at com.Xuriti.admin_panel_main.Manage_Staff.Next_Page_click(Manage_Staff.java:588)
at manage_staff.click_on_Next_Page.Manage_comp(click_on_Next_Page.java:28)
at java.util.ArrayList.forEach(ArrayList.java:1259)
... Removed 31 stack frames]]>
    </failure>
  </testcase> <!-- Manage_comp -->
  <testcase name="Sign_up" time="8.619" classname="manage_Users.Edit_usrs_EmailId"/>
  <testcase name="Edit_email_ID" time="15.576" classname="manage_Users.Edit_usrs_EmailId"/>
  <testcase name="Sign_up" time="10.106" classname="manage_staff.Add_user_creditManager"/>
  <testcase name="Search" time="22.72" classname="manage_staff.Add_user_creditManager"/>
  <testcase name="Sign_up" time="11.246" classname="manage_companies.edit_admin_mobile_num"/>
  <testcase name="Edit_company" time="9.512" classname="manage_companies.edit_admin_mobile_num"/>
  <testcase name="Sign_up" time="8.535" classname="e_mandate.click_on_Next_Page"/>
  <testcase name="per_page" time="5.416" classname="e_mandate.click_on_Next_Page"/>
  <testcase name="Sign_up" time="10.756" classname="manage_Users.Edit_usrs_User_Type_Pending"/>
  <testcase name="Edit_user_type_pending" time="14.402" classname="manage_Users.Edit_usrs_User_Type_Pending"/>
  <testcase name="Sign_up" time="13.583" classname="manage_companies.edit_state"/>
  <testcase name="Hold_comp" time="6.517" classname="manage_companies.edit_state"/>
  <testcase name="Sign_up" time="8.697" classname="manage_staff.Edit_user_to_Active"/>
  <testcase name="Edit_user" time="14.286" classname="manage_staff.Edit_user_to_Active"/>
  <testcase name="Sign_up" time="8.994" classname="invoices.Search_by_invoice_num"/>
  <testcase name="Invoice_number" time="3.665" classname="invoices.Search_by_invoice_num"/>
  <testcase name="Sign_up" time="9.415" classname="payment_history.Search_by_invoice_date"/>
  <testcase name="Invoice_due_in" time="5.189" classname="payment_history.Search_by_invoice_date"/>
  <testcase name="Sign_up" time="8.838" classname="invoices.Invoice_Status_Confirmed"/>
  <testcase name="Invoice_due_in" time="7.161" classname="invoices.Invoice_Status_Confirmed">
    <failure type="org.openqa.selenium.ElementClickInterceptedException" message="element click intercepted: Element &amp;lt;div cdk-overlay-origin=&amp;quot;&amp;quot; class=&amp;quot;mat-select-trigger ng-tns-c113-23&amp;quot;&amp;gt;...&amp;lt;/div&amp;gt; is not clickable at point (853, 160). Other element would receive the click: &amp;lt;div _ngcontent-opv-c125=&amp;quot;&amp;quot; class=&amp;quot;overlay&amp;quot;&amp;gt;...&amp;lt;/div&amp;gt;
  (Session info: chrome=102.0.5005.61)
Build info: version: &amp;apos;3.141.59&amp;apos;, revision: &amp;apos;e82be7d358&amp;apos;, time: &amp;apos;2018-11-14T08:17:03&amp;apos;
System info: host: &amp;apos;varsha-HP&amp;apos;, ip: &amp;apos;127.0.1.1&amp;apos;, os.name: &amp;apos;Linux&amp;apos;, os.arch: &amp;apos;amd64&amp;apos;, os.version: &amp;apos;5.13.0-51-generic&amp;apos;, java.version: &amp;apos;1.8.0_312&amp;apos;
Driver info: org.openqa.selenium.chrome.ChromeDriver
Capabilities {acceptInsecureCerts: false, browserName: chrome, browserVersion: 102.0.5005.61, chrome: {chromedriverVersion: 102.0.5005.61 (0e59bcc00cc4..., userDataDir: /tmp/.com.google.Chrome.iuEONC}, goog:chromeOptions: {debuggerAddress: localhost:43825}, javascriptEnabled: true, networkConnectionEnabled: false, pageLoadStrategy: normal, platform: LINUX, platformName: LINUX, proxy: Proxy(), setWindowRect: true, strictFileInteractability: false, timeouts: {implicit: 0, pageLoad: 300000, script: 30000}, unhandledPromptBehavior: dismiss and notify, webauthn:extension:credBlob: true, webauthn:extension:largeBlob: true, webauthn:virtualAuthenticators: true}
Session ID: 9ce6114087e34fe28188ec8464d6944b">
      <![CDATA[org.openqa.selenium.ElementClickInterceptedException: element click intercepted: Element <div cdk-overlay-origin="" class="mat-select-trigger ng-tns-c113-23">...</div> is not clickable at point (853, 160). Other element would receive the click: <div _ngcontent-opv-c125="" class="overlay">...</div>
  (Session info: chrome=102.0.5005.61)
Build info: version: '3.141.59', revision: 'e82be7d358', time: '2018-11-14T08:17:03'
System info: host: 'varsha-HP', ip: '127.0.1.1', os.name: 'Linux', os.arch: 'amd64', os.version: '5.13.0-51-generic', java.version: '1.8.0_312'
Driver info: org.openqa.selenium.chrome.ChromeDriver
Capabilities {acceptInsecureCerts: false, browserName: chrome, browserVersion: 102.0.5005.61, chrome: {chromedriverVersion: 102.0.5005.61 (0e59bcc00cc4..., userDataDir: /tmp/.com.google.Chrome.iuEONC}, goog:chromeOptions: {debuggerAddress: localhost:43825}, javascriptEnabled: true, networkConnectionEnabled: false, pageLoadStrategy: normal, platform: LINUX, platformName: LINUX, proxy: Proxy(), setWindowRect: true, strictFileInteractability: false, timeouts: {implicit: 0, pageLoad: 300000, script: 30000}, unhandledPromptBehavior: dismiss and notify, webauthn:extension:credBlob: true, webauthn:extension:largeBlob: true, webauthn:virtualAuthenticators: true}
Session ID: 9ce6114087e34fe28188ec8464d6944b
at org.openqa.selenium.remote.http.W3CHttpResponseCodec.createException(W3CHttpResponseCodec.java:187)
at org.openqa.selenium.remote.http.W3CHttpResponseCodec.decode(W3CHttpResponseCodec.java:122)
at org.openqa.selenium.remote.http.W3CHttpResponseCodec.decode(W3CHttpResponseCodec.java:49)
at org.openqa.selenium.remote.HttpCommandExecutor.execute(HttpCommandExecutor.java:158)
at org.openqa.selenium.remote.service.DriverCommandExecutor.execute(DriverCommandExecutor.java:83)
at org.openqa.selenium.remote.RemoteWebDriver.execute(RemoteWebDriver.java:552)
at org.openqa.selenium.remote.RemoteWebElement.execute(RemoteWebElement.java:285)
at org.openqa.selenium.remote.RemoteWebElement.click(RemoteWebElement.java:84)
at com.Xuriti.admin_panel_main.Invoices_Group_By_admin.Invoice_Status_in_Confirmed(Invoices_Group_By_admin.java:142)
at invoices.Invoice_Status_Confirmed.Invoice_due_in(Invoice_Status_Confirmed.java:29)
at java.util.ArrayList.forEach(ArrayList.java:1259)
... Removed 31 stack frames]]>
    </failure>
  </testcase> <!-- Invoice_due_in -->
  <testcase name="Sign_up" time="10.206" classname="manage_companies.edit_Intrest"/>
  <testcase name="Hold_comp" time="9.484" classname="manage_companies.edit_Intrest"/>
  <testcase name="Sign_up" time="9.742" classname="manage_companies.edit_CIN"/>
  <testcase name="Edit_comp" time="9.526" classname="manage_companies.edit_CIN"/>
  <testcase name="Sign_up" time="9.042" classname="manage_staff.Add_user_admin"/>
  <testcase name="Search" time="22.835" classname="manage_staff.Add_user_admin"/>
  <testcase name="Sign_up" time="9.621" classname="manage_Users.Edit_usrs_LN"/>
  <testcase name="Edit_LN" time="12.546" classname="manage_Users.Edit_usrs_LN"/>
  <testcase name="Sign_up" time="8.632" classname="manage_staff.Resend_Invite"/>
  <testcase name="Edit_user" time="9.153" classname="manage_staff.Resend_Invite"/>
  <testcase name="Sign_up" time="11.376" classname="invoices.Invoice_Status_Partpay"/>
  <testcase name="Invoice_due_in" time="7.19" classname="invoices.Invoice_Status_Partpay">
    <failure type="org.openqa.selenium.ElementClickInterceptedException" message="element click intercepted: Element &amp;lt;div cdk-overlay-origin=&amp;quot;&amp;quot; class=&amp;quot;mat-select-trigger ng-tns-c113-23&amp;quot;&amp;gt;...&amp;lt;/div&amp;gt; is not clickable at point (853, 160). Other element would receive the click: &amp;lt;div _ngcontent-stj-c125=&amp;quot;&amp;quot; class=&amp;quot;overlay&amp;quot;&amp;gt;...&amp;lt;/div&amp;gt;
  (Session info: chrome=102.0.5005.61)
Build info: version: &amp;apos;3.141.59&amp;apos;, revision: &amp;apos;e82be7d358&amp;apos;, time: &amp;apos;2018-11-14T08:17:03&amp;apos;
System info: host: &amp;apos;varsha-HP&amp;apos;, ip: &amp;apos;127.0.1.1&amp;apos;, os.name: &amp;apos;Linux&amp;apos;, os.arch: &amp;apos;amd64&amp;apos;, os.version: &amp;apos;5.13.0-51-generic&amp;apos;, java.version: &amp;apos;1.8.0_312&amp;apos;
Driver info: org.openqa.selenium.chrome.ChromeDriver
Capabilities {acceptInsecureCerts: false, browserName: chrome, browserVersion: 102.0.5005.61, chrome: {chromedriverVersion: 102.0.5005.61 (0e59bcc00cc4..., userDataDir: /tmp/.com.google.Chrome.5xWNmd}, goog:chromeOptions: {debuggerAddress: localhost:40861}, javascriptEnabled: true, networkConnectionEnabled: false, pageLoadStrategy: normal, platform: LINUX, platformName: LINUX, proxy: Proxy(), setWindowRect: true, strictFileInteractability: false, timeouts: {implicit: 0, pageLoad: 300000, script: 30000}, unhandledPromptBehavior: dismiss and notify, webauthn:extension:credBlob: true, webauthn:extension:largeBlob: true, webauthn:virtualAuthenticators: true}
Session ID: fea07808e2633cd132c2fd5c79514cf7">
      <![CDATA[org.openqa.selenium.ElementClickInterceptedException: element click intercepted: Element <div cdk-overlay-origin="" class="mat-select-trigger ng-tns-c113-23">...</div> is not clickable at point (853, 160). Other element would receive the click: <div _ngcontent-stj-c125="" class="overlay">...</div>
  (Session info: chrome=102.0.5005.61)
Build info: version: '3.141.59', revision: 'e82be7d358', time: '2018-11-14T08:17:03'
System info: host: 'varsha-HP', ip: '127.0.1.1', os.name: 'Linux', os.arch: 'amd64', os.version: '5.13.0-51-generic', java.version: '1.8.0_312'
Driver info: org.openqa.selenium.chrome.ChromeDriver
Capabilities {acceptInsecureCerts: false, browserName: chrome, browserVersion: 102.0.5005.61, chrome: {chromedriverVersion: 102.0.5005.61 (0e59bcc00cc4..., userDataDir: /tmp/.com.google.Chrome.5xWNmd}, goog:chromeOptions: {debuggerAddress: localhost:40861}, javascriptEnabled: true, networkConnectionEnabled: false, pageLoadStrategy: normal, platform: LINUX, platformName: LINUX, proxy: Proxy(), setWindowRect: true, strictFileInteractability: false, timeouts: {implicit: 0, pageLoad: 300000, script: 30000}, unhandledPromptBehavior: dismiss and notify, webauthn:extension:credBlob: true, webauthn:extension:largeBlob: true, webauthn:virtualAuthenticators: true}
Session ID: fea07808e2633cd132c2fd5c79514cf7
at org.openqa.selenium.remote.http.W3CHttpResponseCodec.createException(W3CHttpResponseCodec.java:187)
at org.openqa.selenium.remote.http.W3CHttpResponseCodec.decode(W3CHttpResponseCodec.java:122)
at org.openqa.selenium.remote.http.W3CHttpResponseCodec.decode(W3CHttpResponseCodec.java:49)
at org.openqa.selenium.remote.HttpCommandExecutor.execute(HttpCommandExecutor.java:158)
at org.openqa.selenium.remote.service.DriverCommandExecutor.execute(DriverCommandExecutor.java:83)
at org.openqa.selenium.remote.RemoteWebDriver.execute(RemoteWebDriver.java:552)
at org.openqa.selenium.remote.RemoteWebElement.execute(RemoteWebElement.java:285)
at org.openqa.selenium.remote.RemoteWebElement.click(RemoteWebElement.java:84)
at com.Xuriti.admin_panel_main.Invoices_Group_By_admin.Invoice_Status_Partpay(Invoices_Group_By_admin.java:221)
at invoices.Invoice_Status_Partpay.Invoice_due_in(Invoice_Status_Partpay.java:29)
at java.util.ArrayList.forEach(ArrayList.java:1259)
... Removed 31 stack frames]]>
    </failure>
  </testcase> <!-- Invoice_due_in -->
  <testcase name="Sign_up" time="10.6" classname="manage_Users.Items_per_page_50"/>
  <testcase name="Manage_comp" time="5.079" classname="manage_Users.Items_per_page_50">
    <failure type="org.openqa.selenium.InvalidSelectorException" message="invalid selector: Unable to locate an element with the xpath expression //*[@id=\&amp;quot;mat-select-4\&amp;quot;]/div/div[2] because of the following error:
SyntaxError: Failed to execute &amp;apos;evaluate&amp;apos; on &amp;apos;Document&amp;apos;: The string &amp;apos;//*[@id=\&amp;quot;mat-select-4\&amp;quot;]/div/div[2]&amp;apos; is not a valid XPath expression.
  (Session info: chrome=102.0.5005.61)
For documentation on this error, please visit: https://www.seleniumhq.org/exceptions/invalid_selector_exception.html
Build info: version: &amp;apos;3.141.59&amp;apos;, revision: &amp;apos;e82be7d358&amp;apos;, time: &amp;apos;2018-11-14T08:17:03&amp;apos;
System info: host: &amp;apos;varsha-HP&amp;apos;, ip: &amp;apos;127.0.1.1&amp;apos;, os.name: &amp;apos;Linux&amp;apos;, os.arch: &amp;apos;amd64&amp;apos;, os.version: &amp;apos;5.13.0-51-generic&amp;apos;, java.version: &amp;apos;1.8.0_312&amp;apos;
Driver info: org.openqa.selenium.chrome.ChromeDriver
Capabilities {acceptInsecureCerts: false, browserName: chrome, browserVersion: 102.0.5005.61, chrome: {chromedriverVersion: 102.0.5005.61 (0e59bcc00cc4..., userDataDir: /tmp/.com.google.Chrome.btV8Gq}, goog:chromeOptions: {debuggerAddress: localhost:37153}, javascriptEnabled: true, networkConnectionEnabled: false, pageLoadStrategy: normal, platform: LINUX, platformName: LINUX, proxy: Proxy(), setWindowRect: true, strictFileInteractability: false, timeouts: {implicit: 0, pageLoad: 300000, script: 30000}, unhandledPromptBehavior: dismiss and notify, webauthn:extension:credBlob: true, webauthn:extension:largeBlob: true, webauthn:virtualAuthenticators: true}
Session ID: 75241ad97790f440c3e9ff1bf2e244d8
*** Element info: {Using=xpath, value=//*[@id=\&amp;quot;mat-select-4\&amp;quot;]/div/div[2]}">
      <![CDATA[org.openqa.selenium.InvalidSelectorException: invalid selector: Unable to locate an element with the xpath expression //*[@id=\"mat-select-4\"]/div/div[2] because of the following error:
SyntaxError: Failed to execute 'evaluate' on 'Document': The string '//*[@id=\"mat-select-4\"]/div/div[2]' is not a valid XPath expression.
  (Session info: chrome=102.0.5005.61)
For documentation on this error, please visit: https://www.seleniumhq.org/exceptions/invalid_selector_exception.html
Build info: version: '3.141.59', revision: 'e82be7d358', time: '2018-11-14T08:17:03'
System info: host: 'varsha-HP', ip: '127.0.1.1', os.name: 'Linux', os.arch: 'amd64', os.version: '5.13.0-51-generic', java.version: '1.8.0_312'
Driver info: org.openqa.selenium.chrome.ChromeDriver
Capabilities {acceptInsecureCerts: false, browserName: chrome, browserVersion: 102.0.5005.61, chrome: {chromedriverVersion: 102.0.5005.61 (0e59bcc00cc4..., userDataDir: /tmp/.com.google.Chrome.btV8Gq}, goog:chromeOptions: {debuggerAddress: localhost:37153}, javascriptEnabled: true, networkConnectionEnabled: false, pageLoadStrategy: normal, platform: LINUX, platformName: LINUX, proxy: Proxy(), setWindowRect: true, strictFileInteractability: false, timeouts: {implicit: 0, pageLoad: 300000, script: 30000}, unhandledPromptBehavior: dismiss and notify, webauthn:extension:credBlob: true, webauthn:extension:largeBlob: true, webauthn:virtualAuthenticators: true}
Session ID: 75241ad97790f440c3e9ff1bf2e244d8
*** Element info: {Using=xpath, value=//*[@id=\"mat-select-4\"]/div/div[2]}
at org.openqa.selenium.remote.http.W3CHttpResponseCodec.createException(W3CHttpResponseCodec.java:187)
at org.openqa.selenium.remote.http.W3CHttpResponseCodec.decode(W3CHttpResponseCodec.java:122)
at org.openqa.selenium.remote.http.W3CHttpResponseCodec.decode(W3CHttpResponseCodec.java:49)
at org.openqa.selenium.remote.HttpCommandExecutor.execute(HttpCommandExecutor.java:158)
at org.openqa.selenium.remote.service.DriverCommandExecutor.execute(DriverCommandExecutor.java:83)
at org.openqa.selenium.remote.RemoteWebDriver.execute(RemoteWebDriver.java:552)
at org.openqa.selenium.remote.RemoteWebDriver.findElement(RemoteWebDriver.java:323)
at org.openqa.selenium.remote.RemoteWebDriver.findElementByXPath(RemoteWebDriver.java:428)
at org.openqa.selenium.By$ByXPath.findElement(By.java:353)
at org.openqa.selenium.remote.RemoteWebDriver.findElement(RemoteWebDriver.java:315)
at com.Xuriti.admin_panel_main.Manage_Users.Items_per_page_50(Manage_Users.java:308)
at manage_Users.Items_per_page_50.Manage_comp(Items_per_page_50.java:27)
at java.util.ArrayList.forEach(ArrayList.java:1259)
... Removed 31 stack frames]]>
    </failure>
  </testcase> <!-- Manage_comp -->
  <testcase name="Sign_up" time="11.698" classname="manage_Users.Edit_usrs_Mob_Num"/>
  <testcase name="Edit_MN" time="12.601" classname="manage_Users.Edit_usrs_Mob_Num"/>
  <testcase name="Sign_up" time="9.155" classname="manage_companies.click_on_Next_Page"/>
  <testcase name="Manage_comp" time="2.218" classname="manage_companies.click_on_Next_Page"/>
  <testcase name="Sign_up" time="8.992" classname="manage_companies.Credit_plan_selection_2"/>
  <testcase name="credit_plan_select" time="40.093" classname="manage_companies.Credit_plan_selection_2"/>
  <testcase name="Sign_up" time="9.888" classname="manage_companies.Credit_plan_selection_3"/>
  <testcase name="credit_plan_select" time="46.247" classname="manage_companies.Credit_plan_selection_3"/>
  <testcase name="Sign_up" time="12.714" classname="manage_companies.Credit_plan_selection_4"/>
  <testcase name="credit_plan_select" time="50.453" classname="manage_companies.Credit_plan_selection_4"/>
  <testcase name="Sign_up" time="10.696" classname="manage_companies.Credit_plan_selection_5"/>
  <testcase name="credit_plan_select" time="54.725" classname="manage_companies.Credit_plan_selection_5"/>
  <testcase name="Sign_up" time="12.372" classname="manage_companies.edit_type_of_business"/>
  <testcase name="Hold_comp" time="9.437" classname="manage_companies.edit_type_of_business"/>
  <testcase name="Sign_up" time="9.135" classname="manage_companies.Credit_plan_selection_1"/>
  <testcase name="credit_plan_select" time="34.076" classname="manage_companies.Credit_plan_selection_1"/>
  <testcase name="Sign_up" time="8.648" classname="payment_history.Change_status_to_Failure"/>
  <testcase name="Invoice_due_in" time="5.069" classname="payment_history.Change_status_to_Failure">
    <failure type="org.openqa.selenium.NoSuchElementException" message="no such element: Unable to locate element: {&amp;quot;method&amp;quot;:&amp;quot;xpath&amp;quot;,&amp;quot;selector&amp;quot;:&amp;quot;//*[@id=&amp;quot;paymenthistory-page&amp;quot;]/div/table/tbody/tr[1]/td[10]/button/span[1]/mat-icon&amp;quot;}
  (Session info: chrome=102.0.5005.61)
For documentation on this error, please visit: https://www.seleniumhq.org/exceptions/no_such_element.html
Build info: version: &amp;apos;3.141.59&amp;apos;, revision: &amp;apos;e82be7d358&amp;apos;, time: &amp;apos;2018-11-14T08:17:03&amp;apos;
System info: host: &amp;apos;varsha-HP&amp;apos;, ip: &amp;apos;127.0.1.1&amp;apos;, os.name: &amp;apos;Linux&amp;apos;, os.arch: &amp;apos;amd64&amp;apos;, os.version: &amp;apos;5.13.0-51-generic&amp;apos;, java.version: &amp;apos;1.8.0_312&amp;apos;
Driver info: org.openqa.selenium.chrome.ChromeDriver
Capabilities {acceptInsecureCerts: false, browserName: chrome, browserVersion: 102.0.5005.61, chrome: {chromedriverVersion: 102.0.5005.61 (0e59bcc00cc4..., userDataDir: /tmp/.com.google.Chrome.IJrQxH}, goog:chromeOptions: {debuggerAddress: localhost:38275}, javascriptEnabled: true, networkConnectionEnabled: false, pageLoadStrategy: normal, platform: LINUX, platformName: LINUX, proxy: Proxy(), setWindowRect: true, strictFileInteractability: false, timeouts: {implicit: 0, pageLoad: 300000, script: 30000}, unhandledPromptBehavior: dismiss and notify, webauthn:extension:credBlob: true, webauthn:extension:largeBlob: true, webauthn:virtualAuthenticators: true}
Session ID: 35730edb04905e4de5d8bf5741b2d8b2
*** Element info: {Using=xpath, value=//*[@id=&amp;quot;paymenthistory-page&amp;quot;]/div/table/tbody/tr[1]/td[10]/button/span[1]/mat-icon}">
      <![CDATA[org.openqa.selenium.NoSuchElementException: no such element: Unable to locate element: {"method":"xpath","selector":"//*[@id="paymenthistory-page"]/div/table/tbody/tr[1]/td[10]/button/span[1]/mat-icon"}
  (Session info: chrome=102.0.5005.61)
For documentation on this error, please visit: https://www.seleniumhq.org/exceptions/no_such_element.html
Build info: version: '3.141.59', revision: 'e82be7d358', time: '2018-11-14T08:17:03'
System info: host: 'varsha-HP', ip: '127.0.1.1', os.name: 'Linux', os.arch: 'amd64', os.version: '5.13.0-51-generic', java.version: '1.8.0_312'
Driver info: org.openqa.selenium.chrome.ChromeDriver
Capabilities {acceptInsecureCerts: false, browserName: chrome, browserVersion: 102.0.5005.61, chrome: {chromedriverVersion: 102.0.5005.61 (0e59bcc00cc4..., userDataDir: /tmp/.com.google.Chrome.IJrQxH}, goog:chromeOptions: {debuggerAddress: localhost:38275}, javascriptEnabled: true, networkConnectionEnabled: false, pageLoadStrategy: normal, platform: LINUX, platformName: LINUX, proxy: Proxy(), setWindowRect: true, strictFileInteractability: false, timeouts: {implicit: 0, pageLoad: 300000, script: 30000}, unhandledPromptBehavior: dismiss and notify, webauthn:extension:credBlob: true, webauthn:extension:largeBlob: true, webauthn:virtualAuthenticators: true}
Session ID: 35730edb04905e4de5d8bf5741b2d8b2
*** Element info: {Using=xpath, value=//*[@id="paymenthistory-page"]/div/table/tbody/tr[1]/td[10]/button/span[1]/mat-icon}
at org.openqa.selenium.remote.http.W3CHttpResponseCodec.createException(W3CHttpResponseCodec.java:187)
at org.openqa.selenium.remote.http.W3CHttpResponseCodec.decode(W3CHttpResponseCodec.java:122)
at org.openqa.selenium.remote.http.W3CHttpResponseCodec.decode(W3CHttpResponseCodec.java:49)
at org.openqa.selenium.remote.HttpCommandExecutor.execute(HttpCommandExecutor.java:158)
at org.openqa.selenium.remote.service.DriverCommandExecutor.execute(DriverCommandExecutor.java:83)
at org.openqa.selenium.remote.RemoteWebDriver.execute(RemoteWebDriver.java:552)
at org.openqa.selenium.remote.RemoteWebDriver.findElement(RemoteWebDriver.java:323)
at org.openqa.selenium.remote.RemoteWebDriver.findElementByXPath(RemoteWebDriver.java:428)
at org.openqa.selenium.By$ByXPath.findElement(By.java:353)
at org.openqa.selenium.remote.RemoteWebDriver.findElement(RemoteWebDriver.java:315)
at com.Xuriti.admin_panel_main.Payment_History.Change_status_to_Failure(Payment_History.java:98)
at payment_history.Change_status_to_Failure.Invoice_due_in(Change_status_to_Failure.java:26)
at java.util.ArrayList.forEach(ArrayList.java:1259)
... Removed 31 stack frames]]>
    </failure>
  </testcase> <!-- Invoice_due_in -->
  <testcase name="Sign_up" time="0.323" classname="edit_Invoices_Details.Edit_Invoice_Status_Draft">
    <failure type="org.openqa.selenium.WebDriverException" message="unknown error: Chrome failed to start: exited abnormally.
  (unknown error: DevToolsActivePort file doesn&amp;apos;t exist)
  (The process started from chrome location /usr/bin/google-chrome is no longer running, so ChromeDriver is assuming that Chrome has crashed.)
Build info: version: &amp;apos;3.141.59&amp;apos;, revision: &amp;apos;e82be7d358&amp;apos;, time: &amp;apos;2018-11-14T08:17:03&amp;apos;
System info: host: &amp;apos;varsha-HP&amp;apos;, ip: &amp;apos;127.0.1.1&amp;apos;, os.name: &amp;apos;Linux&amp;apos;, os.arch: &amp;apos;amd64&amp;apos;, os.version: &amp;apos;5.13.0-51-generic&amp;apos;, java.version: &amp;apos;1.8.0_312&amp;apos;
Driver info: driver.version: ChromeDriver
remote stacktrace: #0 0x5598de4e9f33 &amp;lt;unknown&amp;gt;
#1 0x5598de234118 &amp;lt;unknown&amp;gt;
#2 0x5598de257678 &amp;lt;unknown&amp;gt;
#3 0x5598de252d5a &amp;lt;unknown&amp;gt;
#4 0x5598de28dd3a &amp;lt;unknown&amp;gt;
#5 0x5598de287e63 &amp;lt;unknown&amp;gt;
#6 0x5598de25d82a &amp;lt;unknown&amp;gt;
#7 0x5598de25e985 &amp;lt;unknown&amp;gt;
#8 0x5598de52e4cd &amp;lt;unknown&amp;gt;
#9 0x5598de5325ec &amp;lt;unknown&amp;gt;
#10 0x5598de51871e &amp;lt;unknown&amp;gt;
#11 0x5598de533238 &amp;lt;unknown&amp;gt;
#12 0x5598de50d870 &amp;lt;unknown&amp;gt;
#13 0x5598de54f608 &amp;lt;unknown&amp;gt;
#14 0x5598de54f788 &amp;lt;unknown&amp;gt;
#15 0x5598de569f1d &amp;lt;unknown&amp;gt;
#16 0x7fca6fb46609 &amp;lt;unknown&amp;gt;
">
      <![CDATA[org.openqa.selenium.WebDriverException: unknown error: Chrome failed to start: exited abnormally.
  (unknown error: DevToolsActivePort file doesn't exist)
  (The process started from chrome location /usr/bin/google-chrome is no longer running, so ChromeDriver is assuming that Chrome has crashed.)
Build info: version: '3.141.59', revision: 'e82be7d358', time: '2018-11-14T08:17:03'
System info: host: 'varsha-HP', ip: '127.0.1.1', os.name: 'Linux', os.arch: 'amd64', os.version: '5.13.0-51-generic', java.version: '1.8.0_312'
Driver info: driver.version: ChromeDriver
remote stacktrace: #0 0x5598de4e9f33 <unknown>
#1 0x5598de234118 <unknown>
#2 0x5598de257678 <unknown>
#3 0x5598de252d5a <unknown>
#4 0x5598de28dd3a <unknown>
#5 0x5598de287e63 <unknown>
#6 0x5598de25d82a <unknown>
#7 0x5598de25e985 <unknown>
#8 0x5598de52e4cd <unknown>
#9 0x5598de5325ec <unknown>
#10 0x5598de51871e <unknown>
#11 0x5598de533238 <unknown>
#12 0x5598de50d870 <unknown>
#13 0x5598de54f608 <unknown>
#14 0x5598de54f788 <unknown>
#15 0x5598de569f1d <unknown>
#16 0x7fca6fb46609 <unknown>

at org.openqa.selenium.remote.W3CHandshakeResponse.lambda$errorHandler$0(W3CHandshakeResponse.java:62)
at org.openqa.selenium.remote.HandshakeResponse.lambda$getResponseFunction$0(HandshakeResponse.java:30)
at org.openqa.selenium.remote.ProtocolHandshake.lambda$createSession$0(ProtocolHandshake.java:126)
at java.util.stream.ReferencePipeline$3$1.accept(ReferencePipeline.java:193)
at java.util.Spliterators$ArraySpliterator.tryAdvance(Spliterators.java:958)
at java.util.stream.ReferencePipeline.forEachWithCancel(ReferencePipeline.java:126)
at java.util.stream.AbstractPipeline.copyIntoWithCancel(AbstractPipeline.java:499)
at java.util.stream.AbstractPipeline.copyInto(AbstractPipeline.java:486)
at java.util.stream.AbstractPipeline.wrapAndCopyInto(AbstractPipeline.java:472)
at java.util.stream.FindOps$FindOp.evaluateSequential(FindOps.java:152)
at java.util.stream.AbstractPipeline.evaluate(AbstractPipeline.java:234)
at java.util.stream.ReferencePipeline.findFirst(ReferencePipeline.java:531)
at org.openqa.selenium.remote.ProtocolHandshake.createSession(ProtocolHandshake.java:128)
at org.openqa.selenium.remote.ProtocolHandshake.createSession(ProtocolHandshake.java:74)
at org.openqa.selenium.remote.HttpCommandExecutor.execute(HttpCommandExecutor.java:136)
at org.openqa.selenium.remote.service.DriverCommandExecutor.execute(DriverCommandExecutor.java:83)
at org.openqa.selenium.remote.RemoteWebDriver.execute(RemoteWebDriver.java:552)
at org.openqa.selenium.remote.RemoteWebDriver.startSession(RemoteWebDriver.java:213)
at org.openqa.selenium.remote.RemoteWebDriver.<init>(RemoteWebDriver.java:131)
at org.openqa.selenium.chrome.ChromeDriver.<init>(ChromeDriver.java:181)
at org.openqa.selenium.chrome.ChromeDriver.<init>(ChromeDriver.java:168)
at org.openqa.selenium.chrome.ChromeDriver.<init>(ChromeDriver.java:123)
at edit_Invoices_Details.Edit_Invoice_Status_Draft.Sign_up(Edit_Invoice_Status_Draft.java:17)
at java.util.ArrayList.forEach(ArrayList.java:1259)
... Removed 31 stack frames]]>
    </failure>
  </testcase> <!-- Sign_up -->
  <testcase name="Invoice_Edit" time="3.022" classname="edit_Invoices_Details.Edit_Invoice_Status_Draft">
    <failure type="java.lang.NullPointerException">
      <![CDATA[java.lang.NullPointerException
at com.Xuriti.admin_panel_main.Invoices.<init>(Invoices.java:17)
at edit_Invoices_Details.Edit_Invoice_Status_Draft.Invoice_Edit(Edit_Invoice_Status_Draft.java:28)
at java.util.ArrayList.forEach(ArrayList.java:1259)
... Removed 27 stack frames]]>
    </failure>
  </testcase> <!-- Invoice_Edit -->
  <testcase name="Sign_up" time="0.181" classname="manage_Users.Edit_usrs_User_Type_Inactive">
    <failure type="org.openqa.selenium.WebDriverException" message="unknown error: Chrome failed to start: exited abnormally.
  (unknown error: DevToolsActivePort file doesn&amp;apos;t exist)
  (The process started from chrome location /usr/bin/google-chrome is no longer running, so ChromeDriver is assuming that Chrome has crashed.)
Build info: version: &amp;apos;3.141.59&amp;apos;, revision: &amp;apos;e82be7d358&amp;apos;, time: &amp;apos;2018-11-14T08:17:03&amp;apos;
System info: host: &amp;apos;varsha-HP&amp;apos;, ip: &amp;apos;127.0.1.1&amp;apos;, os.name: &amp;apos;Linux&amp;apos;, os.arch: &amp;apos;amd64&amp;apos;, os.version: &amp;apos;5.13.0-51-generic&amp;apos;, java.version: &amp;apos;1.8.0_312&amp;apos;
Driver info: driver.version: ChromeDriver
remote stacktrace: #0 0x563dc921ef33 &amp;lt;unknown&amp;gt;
#1 0x563dc8f69118 &amp;lt;unknown&amp;gt;
#2 0x563dc8f8c678 &amp;lt;unknown&amp;gt;
#3 0x563dc8f87d5a &amp;lt;unknown&amp;gt;
#4 0x563dc8fc2d3a &amp;lt;unknown&amp;gt;
#5 0x563dc8fbce63 &amp;lt;unknown&amp;gt;
#6 0x563dc8f9282a &amp;lt;unknown&amp;gt;
#7 0x563dc8f93985 &amp;lt;unknown&amp;gt;
#8 0x563dc92634cd &amp;lt;unknown&amp;gt;
#9 0x563dc92675ec &amp;lt;unknown&amp;gt;
#10 0x563dc924d71e &amp;lt;unknown&amp;gt;
#11 0x563dc9268238 &amp;lt;unknown&amp;gt;
#12 0x563dc9242870 &amp;lt;unknown&amp;gt;
#13 0x563dc9284608 &amp;lt;unknown&amp;gt;
#14 0x563dc9284788 &amp;lt;unknown&amp;gt;
#15 0x563dc929ef1d &amp;lt;unknown&amp;gt;
#16 0x7efc454bd609 &amp;lt;unknown&amp;gt;
">
      <![CDATA[org.openqa.selenium.WebDriverException: unknown error: Chrome failed to start: exited abnormally.
  (unknown error: DevToolsActivePort file doesn't exist)
  (The process started from chrome location /usr/bin/google-chrome is no longer running, so ChromeDriver is assuming that Chrome has crashed.)
Build info: version: '3.141.59', revision: 'e82be7d358', time: '2018-11-14T08:17:03'
System info: host: 'varsha-HP', ip: '127.0.1.1', os.name: 'Linux', os.arch: 'amd64', os.version: '5.13.0-51-generic', java.version: '1.8.0_312'
Driver info: driver.version: ChromeDriver
remote stacktrace: #0 0x563dc921ef33 <unknown>
#1 0x563dc8f69118 <unknown>
#2 0x563dc8f8c678 <unknown>
#3 0x563dc8f87d5a <unknown>
#4 0x563dc8fc2d3a <unknown>
#5 0x563dc8fbce63 <unknown>
#6 0x563dc8f9282a <unknown>
#7 0x563dc8f93985 <unknown>
#8 0x563dc92634cd <unknown>
#9 0x563dc92675ec <unknown>
#10 0x563dc924d71e <unknown>
#11 0x563dc9268238 <unknown>
#12 0x563dc9242870 <unknown>
#13 0x563dc9284608 <unknown>
#14 0x563dc9284788 <unknown>
#15 0x563dc929ef1d <unknown>
#16 0x7efc454bd609 <unknown>

at org.openqa.selenium.remote.W3CHandshakeResponse.lambda$errorHandler$0(W3CHandshakeResponse.java:62)
at org.openqa.selenium.remote.HandshakeResponse.lambda$getResponseFunction$0(HandshakeResponse.java:30)
at org.openqa.selenium.remote.ProtocolHandshake.lambda$createSession$0(ProtocolHandshake.java:126)
at java.util.stream.ReferencePipeline$3$1.accept(ReferencePipeline.java:193)
at java.util.Spliterators$ArraySpliterator.tryAdvance(Spliterators.java:958)
at java.util.stream.ReferencePipeline.forEachWithCancel(ReferencePipeline.java:126)
at java.util.stream.AbstractPipeline.copyIntoWithCancel(AbstractPipeline.java:499)
at java.util.stream.AbstractPipeline.copyInto(AbstractPipeline.java:486)
at java.util.stream.AbstractPipeline.wrapAndCopyInto(AbstractPipeline.java:472)
at java.util.stream.FindOps$FindOp.evaluateSequential(FindOps.java:152)
at java.util.stream.AbstractPipeline.evaluate(AbstractPipeline.java:234)
at java.util.stream.ReferencePipeline.findFirst(ReferencePipeline.java:531)
at org.openqa.selenium.remote.ProtocolHandshake.createSession(ProtocolHandshake.java:128)
at org.openqa.selenium.remote.ProtocolHandshake.createSession(ProtocolHandshake.java:74)
at org.openqa.selenium.remote.HttpCommandExecutor.execute(HttpCommandExecutor.java:136)
at org.openqa.selenium.remote.service.DriverCommandExecutor.execute(DriverCommandExecutor.java:83)
at org.openqa.selenium.remote.RemoteWebDriver.execute(RemoteWebDriver.java:552)
at org.openqa.selenium.remote.RemoteWebDriver.startSession(RemoteWebDriver.java:213)
at org.openqa.selenium.remote.RemoteWebDriver.<init>(RemoteWebDriver.java:131)
at org.openqa.selenium.chrome.ChromeDriver.<init>(ChromeDriver.java:181)
at org.openqa.selenium.chrome.ChromeDriver.<init>(ChromeDriver.java:168)
at org.openqa.selenium.chrome.ChromeDriver.<init>(ChromeDriver.java:123)
at manage_Users.Edit_usrs_User_Type_Inactive.Sign_up(Edit_usrs_User_Type_Inactive.java:16)
at java.util.ArrayList.forEach(ArrayList.java:1259)
... Removed 31 stack frames]]>
    </failure>
  </testcase> <!-- Sign_up -->
  <testcase name="Edit_user_type_active" time="3.0" classname="manage_Users.Edit_usrs_User_Type_Inactive">
    <failure type="java.lang.NullPointerException">
      <![CDATA[java.lang.NullPointerException
at com.Xuriti.admin_panel_main.Manage_Users.<init>(Manage_Users.java:17)
at manage_Users.Edit_usrs_User_Type_Inactive.Edit_user_type_active(Edit_usrs_User_Type_Inactive.java:26)
at java.util.ArrayList.forEach(ArrayList.java:1259)
... Removed 27 stack frames]]>
    </failure>
  </testcase> <!-- Edit_user_type_active -->
  <testcase name="Sign_up" time="0.125" classname="manage_companies.Credit_plan_selection_6">
    <failure type="org.openqa.selenium.WebDriverException" message="unknown error: Chrome failed to start: exited abnormally.
  (unknown error: DevToolsActivePort file doesn&amp;apos;t exist)
  (The process started from chrome location /usr/bin/google-chrome is no longer running, so ChromeDriver is assuming that Chrome has crashed.)
Build info: version: &amp;apos;3.141.59&amp;apos;, revision: &amp;apos;e82be7d358&amp;apos;, time: &amp;apos;2018-11-14T08:17:03&amp;apos;
System info: host: &amp;apos;varsha-HP&amp;apos;, ip: &amp;apos;127.0.1.1&amp;apos;, os.name: &amp;apos;Linux&amp;apos;, os.arch: &amp;apos;amd64&amp;apos;, os.version: &amp;apos;5.13.0-51-generic&amp;apos;, java.version: &amp;apos;1.8.0_312&amp;apos;
Driver info: driver.version: ChromeDriver
remote stacktrace: #0 0x56421c180f33 &amp;lt;unknown&amp;gt;
#1 0x56421becb118 &amp;lt;unknown&amp;gt;
#2 0x56421beee678 &amp;lt;unknown&amp;gt;
#3 0x56421bee9d5a &amp;lt;unknown&amp;gt;
#4 0x56421bf24d3a &amp;lt;unknown&amp;gt;
#5 0x56421bf1ee63 &amp;lt;unknown&amp;gt;
#6 0x56421bef482a &amp;lt;unknown&amp;gt;
#7 0x56421bef5985 &amp;lt;unknown&amp;gt;
#8 0x56421c1c54cd &amp;lt;unknown&amp;gt;
#9 0x56421c1c95ec &amp;lt;unknown&amp;gt;
#10 0x56421c1af71e &amp;lt;unknown&amp;gt;
#11 0x56421c1ca238 &amp;lt;unknown&amp;gt;
#12 0x56421c1a4870 &amp;lt;unknown&amp;gt;
#13 0x56421c1e6608 &amp;lt;unknown&amp;gt;
#14 0x56421c1e6788 &amp;lt;unknown&amp;gt;
#15 0x56421c200f1d &amp;lt;unknown&amp;gt;
#16 0x7fc165e09609 &amp;lt;unknown&amp;gt;
">
      <![CDATA[org.openqa.selenium.WebDriverException: unknown error: Chrome failed to start: exited abnormally.
  (unknown error: DevToolsActivePort file doesn't exist)
  (The process started from chrome location /usr/bin/google-chrome is no longer running, so ChromeDriver is assuming that Chrome has crashed.)
Build info: version: '3.141.59', revision: 'e82be7d358', time: '2018-11-14T08:17:03'
System info: host: 'varsha-HP', ip: '127.0.1.1', os.name: 'Linux', os.arch: 'amd64', os.version: '5.13.0-51-generic', java.version: '1.8.0_312'
Driver info: driver.version: ChromeDriver
remote stacktrace: #0 0x56421c180f33 <unknown>
#1 0x56421becb118 <unknown>
#2 0x56421beee678 <unknown>
#3 0x56421bee9d5a <unknown>
#4 0x56421bf24d3a <unknown>
#5 0x56421bf1ee63 <unknown>
#6 0x56421bef482a <unknown>
#7 0x56421bef5985 <unknown>
#8 0x56421c1c54cd <unknown>
#9 0x56421c1c95ec <unknown>
#10 0x56421c1af71e <unknown>
#11 0x56421c1ca238 <unknown>
#12 0x56421c1a4870 <unknown>
#13 0x56421c1e6608 <unknown>
#14 0x56421c1e6788 <unknown>
#15 0x56421c200f1d <unknown>
#16 0x7fc165e09609 <unknown>

at org.openqa.selenium.remote.W3CHandshakeResponse.lambda$errorHandler$0(W3CHandshakeResponse.java:62)
at org.openqa.selenium.remote.HandshakeResponse.lambda$getResponseFunction$0(HandshakeResponse.java:30)
at org.openqa.selenium.remote.ProtocolHandshake.lambda$createSession$0(ProtocolHandshake.java:126)
at java.util.stream.ReferencePipeline$3$1.accept(ReferencePipeline.java:193)
at java.util.Spliterators$ArraySpliterator.tryAdvance(Spliterators.java:958)
at java.util.stream.ReferencePipeline.forEachWithCancel(ReferencePipeline.java:126)
at java.util.stream.AbstractPipeline.copyIntoWithCancel(AbstractPipeline.java:499)
at java.util.stream.AbstractPipeline.copyInto(AbstractPipeline.java:486)
at java.util.stream.AbstractPipeline.wrapAndCopyInto(AbstractPipeline.java:472)
at java.util.stream.FindOps$FindOp.evaluateSequential(FindOps.java:152)
at java.util.stream.AbstractPipeline.evaluate(AbstractPipeline.java:234)
at java.util.stream.ReferencePipeline.findFirst(ReferencePipeline.java:531)
at org.openqa.selenium.remote.ProtocolHandshake.createSession(ProtocolHandshake.java:128)
at org.openqa.selenium.remote.ProtocolHandshake.createSession(ProtocolHandshake.java:74)
at org.openqa.selenium.remote.HttpCommandExecutor.execute(HttpCommandExecutor.java:136)
at org.openqa.selenium.remote.service.DriverCommandExecutor.execute(DriverCommandExecutor.java:83)
at org.openqa.selenium.remote.RemoteWebDriver.execute(RemoteWebDriver.java:552)
at org.openqa.selenium.remote.RemoteWebDriver.startSession(RemoteWebDriver.java:213)
at org.openqa.selenium.remote.RemoteWebDriver.<init>(RemoteWebDriver.java:131)
at org.openqa.selenium.chrome.ChromeDriver.<init>(ChromeDriver.java:181)
at org.openqa.selenium.chrome.ChromeDriver.<init>(ChromeDriver.java:168)
at org.openqa.selenium.chrome.ChromeDriver.<init>(ChromeDriver.java:123)
at manage_companies.Credit_plan_selection_6.Sign_up(Credit_plan_selection_6.java:17)
at java.util.ArrayList.forEach(ArrayList.java:1259)
... Removed 31 stack frames]]>
    </failure>
  </testcase> <!-- Sign_up -->
  <testcase name="credit_plan_select" time="3.0" classname="manage_companies.Credit_plan_selection_6">
    <failure type="java.lang.NullPointerException">
      <![CDATA[java.lang.NullPointerException
at com.Xuriti.admin_panel_main.Manage_Companies_Edit.Click_on_Credit_plan(Manage_Companies_Edit.java:495)
at manage_companies.Credit_plan_selection_6.credit_plan_select(Credit_plan_selection_6.java:28)
at java.util.ArrayList.forEach(ArrayList.java:1259)
... Removed 27 stack frames]]>
    </failure>
  </testcase> <!-- credit_plan_select -->
  <testcase name="Sign_up" time="0.179" classname="manage_companies.Credit_plan_selection_7">
    <failure type="org.openqa.selenium.WebDriverException" message="unknown error: Chrome failed to start: exited abnormally.
  (unknown error: DevToolsActivePort file doesn&amp;apos;t exist)
  (The process started from chrome location /usr/bin/google-chrome is no longer running, so ChromeDriver is assuming that Chrome has crashed.)
Build info: version: &amp;apos;3.141.59&amp;apos;, revision: &amp;apos;e82be7d358&amp;apos;, time: &amp;apos;2018-11-14T08:17:03&amp;apos;
System info: host: &amp;apos;varsha-HP&amp;apos;, ip: &amp;apos;127.0.1.1&amp;apos;, os.name: &amp;apos;Linux&amp;apos;, os.arch: &amp;apos;amd64&amp;apos;, os.version: &amp;apos;5.13.0-51-generic&amp;apos;, java.version: &amp;apos;1.8.0_312&amp;apos;
Driver info: driver.version: ChromeDriver
remote stacktrace: #0 0x563a8a220f33 &amp;lt;unknown&amp;gt;
#1 0x563a89f6b118 &amp;lt;unknown&amp;gt;
#2 0x563a89f8e678 &amp;lt;unknown&amp;gt;
#3 0x563a89f89d5a &amp;lt;unknown&amp;gt;
#4 0x563a89fc4d3a &amp;lt;unknown&amp;gt;
#5 0x563a89fbee63 &amp;lt;unknown&amp;gt;
#6 0x563a89f9482a &amp;lt;unknown&amp;gt;
#7 0x563a89f95985 &amp;lt;unknown&amp;gt;
#8 0x563a8a2654cd &amp;lt;unknown&amp;gt;
#9 0x563a8a2695ec &amp;lt;unknown&amp;gt;
#10 0x563a8a24f71e &amp;lt;unknown&amp;gt;
#11 0x563a8a26a238 &amp;lt;unknown&amp;gt;
#12 0x563a8a244870 &amp;lt;unknown&amp;gt;
#13 0x563a8a286608 &amp;lt;unknown&amp;gt;
#14 0x563a8a286788 &amp;lt;unknown&amp;gt;
#15 0x563a8a2a0f1d &amp;lt;unknown&amp;gt;
#16 0x7ff5649fe609 &amp;lt;unknown&amp;gt;
">
      <![CDATA[org.openqa.selenium.WebDriverException: unknown error: Chrome failed to start: exited abnormally.
  (unknown error: DevToolsActivePort file doesn't exist)
  (The process started from chrome location /usr/bin/google-chrome is no longer running, so ChromeDriver is assuming that Chrome has crashed.)
Build info: version: '3.141.59', revision: 'e82be7d358', time: '2018-11-14T08:17:03'
System info: host: 'varsha-HP', ip: '127.0.1.1', os.name: 'Linux', os.arch: 'amd64', os.version: '5.13.0-51-generic', java.version: '1.8.0_312'
Driver info: driver.version: ChromeDriver
remote stacktrace: #0 0x563a8a220f33 <unknown>
#1 0x563a89f6b118 <unknown>
#2 0x563a89f8e678 <unknown>
#3 0x563a89f89d5a <unknown>
#4 0x563a89fc4d3a <unknown>
#5 0x563a89fbee63 <unknown>
#6 0x563a89f9482a <unknown>
#7 0x563a89f95985 <unknown>
#8 0x563a8a2654cd <unknown>
#9 0x563a8a2695ec <unknown>
#10 0x563a8a24f71e <unknown>
#11 0x563a8a26a238 <unknown>
#12 0x563a8a244870 <unknown>
#13 0x563a8a286608 <unknown>
#14 0x563a8a286788 <unknown>
#15 0x563a8a2a0f1d <unknown>
#16 0x7ff5649fe609 <unknown>

at org.openqa.selenium.remote.W3CHandshakeResponse.lambda$errorHandler$0(W3CHandshakeResponse.java:62)
at org.openqa.selenium.remote.HandshakeResponse.lambda$getResponseFunction$0(HandshakeResponse.java:30)
at org.openqa.selenium.remote.ProtocolHandshake.lambda$createSession$0(ProtocolHandshake.java:126)
at java.util.stream.ReferencePipeline$3$1.accept(ReferencePipeline.java:193)
at java.util.Spliterators$ArraySpliterator.tryAdvance(Spliterators.java:958)
at java.util.stream.ReferencePipeline.forEachWithCancel(ReferencePipeline.java:126)
at java.util.stream.AbstractPipeline.copyIntoWithCancel(AbstractPipeline.java:499)
at java.util.stream.AbstractPipeline.copyInto(AbstractPipeline.java:486)
at java.util.stream.AbstractPipeline.wrapAndCopyInto(AbstractPipeline.java:472)
at java.util.stream.FindOps$FindOp.evaluateSequential(FindOps.java:152)
at java.util.stream.AbstractPipeline.evaluate(AbstractPipeline.java:234)
at java.util.stream.ReferencePipeline.findFirst(ReferencePipeline.java:531)
at org.openqa.selenium.remote.ProtocolHandshake.createSession(ProtocolHandshake.java:128)
at org.openqa.selenium.remote.ProtocolHandshake.createSession(ProtocolHandshake.java:74)
at org.openqa.selenium.remote.HttpCommandExecutor.execute(HttpCommandExecutor.java:136)
at org.openqa.selenium.remote.service.DriverCommandExecutor.execute(DriverCommandExecutor.java:83)
at org.openqa.selenium.remote.RemoteWebDriver.execute(RemoteWebDriver.java:552)
at org.openqa.selenium.remote.RemoteWebDriver.startSession(RemoteWebDriver.java:213)
at org.openqa.selenium.remote.RemoteWebDriver.<init>(RemoteWebDriver.java:131)
at org.openqa.selenium.chrome.ChromeDriver.<init>(ChromeDriver.java:181)
at org.openqa.selenium.chrome.ChromeDriver.<init>(ChromeDriver.java:168)
at org.openqa.selenium.chrome.ChromeDriver.<init>(ChromeDriver.java:123)
at manage_companies.Credit_plan_selection_7.Sign_up(Credit_plan_selection_7.java:17)
at java.util.ArrayList.forEach(ArrayList.java:1259)
... Removed 31 stack frames]]>
    </failure>
  </testcase> <!-- Sign_up -->
  <testcase name="credit_plan_select" time="3.001" classname="manage_companies.Credit_plan_selection_7">
    <failure type="java.lang.NullPointerException">
      <![CDATA[java.lang.NullPointerException
at com.Xuriti.admin_panel_main.Manage_Companies_Edit.Click_on_Credit_plan(Manage_Companies_Edit.java:495)
at manage_companies.Credit_plan_selection_7.credit_plan_select(Credit_plan_selection_7.java:28)
at java.util.ArrayList.forEach(ArrayList.java:1259)
... Removed 27 stack frames]]>
    </failure>
  </testcase> <!-- credit_plan_select -->
  <testcase name="Sign_up" time="0.225" classname="payment_history.Change_status_to_Paid">
    <failure type="org.openqa.selenium.WebDriverException" message="unknown error: Chrome failed to start: exited abnormally.
  (unknown error: DevToolsActivePort file doesn&amp;apos;t exist)
  (The process started from chrome location /usr/bin/google-chrome is no longer running, so ChromeDriver is assuming that Chrome has crashed.)
Build info: version: &amp;apos;3.141.59&amp;apos;, revision: &amp;apos;e82be7d358&amp;apos;, time: &amp;apos;2018-11-14T08:17:03&amp;apos;
System info: host: &amp;apos;varsha-HP&amp;apos;, ip: &amp;apos;127.0.1.1&amp;apos;, os.name: &amp;apos;Linux&amp;apos;, os.arch: &amp;apos;amd64&amp;apos;, os.version: &amp;apos;5.13.0-51-generic&amp;apos;, java.version: &amp;apos;1.8.0_312&amp;apos;
Driver info: driver.version: ChromeDriver
remote stacktrace: #0 0x564f19173f33 &amp;lt;unknown&amp;gt;
#1 0x564f18ebe118 &amp;lt;unknown&amp;gt;
#2 0x564f18ee1678 &amp;lt;unknown&amp;gt;
#3 0x564f18edcd5a &amp;lt;unknown&amp;gt;
#4 0x564f18f17d3a &amp;lt;unknown&amp;gt;
#5 0x564f18f11e63 &amp;lt;unknown&amp;gt;
#6 0x564f18ee782a &amp;lt;unknown&amp;gt;
#7 0x564f18ee8985 &amp;lt;unknown&amp;gt;
#8 0x564f191b84cd &amp;lt;unknown&amp;gt;
#9 0x564f191bc5ec &amp;lt;unknown&amp;gt;
#10 0x564f191a271e &amp;lt;unknown&amp;gt;
#11 0x564f191bd238 &amp;lt;unknown&amp;gt;
#12 0x564f19197870 &amp;lt;unknown&amp;gt;
#13 0x564f191d9608 &amp;lt;unknown&amp;gt;
#14 0x564f191d9788 &amp;lt;unknown&amp;gt;
#15 0x564f191f3f1d &amp;lt;unknown&amp;gt;
#16 0x7fe3cf9f6609 &amp;lt;unknown&amp;gt;
">
      <![CDATA[org.openqa.selenium.WebDriverException: unknown error: Chrome failed to start: exited abnormally.
  (unknown error: DevToolsActivePort file doesn't exist)
  (The process started from chrome location /usr/bin/google-chrome is no longer running, so ChromeDriver is assuming that Chrome has crashed.)
Build info: version: '3.141.59', revision: 'e82be7d358', time: '2018-11-14T08:17:03'
System info: host: 'varsha-HP', ip: '127.0.1.1', os.name: 'Linux', os.arch: 'amd64', os.version: '5.13.0-51-generic', java.version: '1.8.0_312'
Driver info: driver.version: ChromeDriver
remote stacktrace: #0 0x564f19173f33 <unknown>
#1 0x564f18ebe118 <unknown>
#2 0x564f18ee1678 <unknown>
#3 0x564f18edcd5a <unknown>
#4 0x564f18f17d3a <unknown>
#5 0x564f18f11e63 <unknown>
#6 0x564f18ee782a <unknown>
#7 0x564f18ee8985 <unknown>
#8 0x564f191b84cd <unknown>
#9 0x564f191bc5ec <unknown>
#10 0x564f191a271e <unknown>
#11 0x564f191bd238 <unknown>
#12 0x564f19197870 <unknown>
#13 0x564f191d9608 <unknown>
#14 0x564f191d9788 <unknown>
#15 0x564f191f3f1d <unknown>
#16 0x7fe3cf9f6609 <unknown>

at org.openqa.selenium.remote.W3CHandshakeResponse.lambda$errorHandler$0(W3CHandshakeResponse.java:62)
at org.openqa.selenium.remote.HandshakeResponse.lambda$getResponseFunction$0(HandshakeResponse.java:30)
at org.openqa.selenium.remote.ProtocolHandshake.lambda$createSession$0(ProtocolHandshake.java:126)
at java.util.stream.ReferencePipeline$3$1.accept(ReferencePipeline.java:193)
at java.util.Spliterators$ArraySpliterator.tryAdvance(Spliterators.java:958)
at java.util.stream.ReferencePipeline.forEachWithCancel(ReferencePipeline.java:126)
at java.util.stream.AbstractPipeline.copyIntoWithCancel(AbstractPipeline.java:499)
at java.util.stream.AbstractPipeline.copyInto(AbstractPipeline.java:486)
at java.util.stream.AbstractPipeline.wrapAndCopyInto(AbstractPipeline.java:472)
at java.util.stream.FindOps$FindOp.evaluateSequential(FindOps.java:152)
at java.util.stream.AbstractPipeline.evaluate(AbstractPipeline.java:234)
at java.util.stream.ReferencePipeline.findFirst(ReferencePipeline.java:531)
at org.openqa.selenium.remote.ProtocolHandshake.createSession(ProtocolHandshake.java:128)
at org.openqa.selenium.remote.ProtocolHandshake.createSession(ProtocolHandshake.java:74)
at org.openqa.selenium.remote.HttpCommandExecutor.execute(HttpCommandExecutor.java:136)
at org.openqa.selenium.remote.service.DriverCommandExecutor.execute(DriverCommandExecutor.java:83)
at org.openqa.selenium.remote.RemoteWebDriver.execute(RemoteWebDriver.java:552)
at org.openqa.selenium.remote.RemoteWebDriver.startSession(RemoteWebDriver.java:213)
at org.openqa.selenium.remote.RemoteWebDriver.<init>(RemoteWebDriver.java:131)
at org.openqa.selenium.chrome.ChromeDriver.<init>(ChromeDriver.java:181)
at org.openqa.selenium.chrome.ChromeDriver.<init>(ChromeDriver.java:168)
at org.openqa.selenium.chrome.ChromeDriver.<init>(ChromeDriver.java:123)
at payment_history.Change_status_to_Paid.Sign_up(Change_status_to_Paid.java:15)
at java.util.ArrayList.forEach(ArrayList.java:1259)
... Removed 31 stack frames]]>
    </failure>
  </testcase> <!-- Sign_up -->
  <testcase name="Invoice_due_in" time="3.0" classname="payment_history.Change_status_to_Paid">
    <failure type="java.lang.NullPointerException">
      <![CDATA[java.lang.NullPointerException
at com.Xuriti.admin_panel_main.Payment_History.<init>(Payment_History.java:17)
at payment_history.Change_status_to_Paid.Invoice_due_in(Change_status_to_Paid.java:25)
at java.util.ArrayList.forEach(ArrayList.java:1259)
... Removed 27 stack frames]]>
    </failure>
  </testcase> <!-- Invoice_due_in -->
  <testcase name="Sign_up" time="0.183" classname="invoices.Invoice_due_in_2days">
    <failure type="org.openqa.selenium.WebDriverException" message="unknown error: Chrome failed to start: exited abnormally.
  (unknown error: DevToolsActivePort file doesn&amp;apos;t exist)
  (The process started from chrome location /usr/bin/google-chrome is no longer running, so ChromeDriver is assuming that Chrome has crashed.)
Build info: version: &amp;apos;3.141.59&amp;apos;, revision: &amp;apos;e82be7d358&amp;apos;, time: &amp;apos;2018-11-14T08:17:03&amp;apos;
System info: host: &amp;apos;varsha-HP&amp;apos;, ip: &amp;apos;127.0.1.1&amp;apos;, os.name: &amp;apos;Linux&amp;apos;, os.arch: &amp;apos;amd64&amp;apos;, os.version: &amp;apos;5.13.0-51-generic&amp;apos;, java.version: &amp;apos;1.8.0_312&amp;apos;
Driver info: driver.version: ChromeDriver
remote stacktrace: #0 0x55976aa35f33 &amp;lt;unknown&amp;gt;
#1 0x55976a780118 &amp;lt;unknown&amp;gt;
#2 0x55976a7a3678 &amp;lt;unknown&amp;gt;
#3 0x55976a79ed5a &amp;lt;unknown&amp;gt;
#4 0x55976a7d9d3a &amp;lt;unknown&amp;gt;
#5 0x55976a7d3e63 &amp;lt;unknown&amp;gt;
#6 0x55976a7a982a &amp;lt;unknown&amp;gt;
#7 0x55976a7aa985 &amp;lt;unknown&amp;gt;
#8 0x55976aa7a4cd &amp;lt;unknown&amp;gt;
#9 0x55976aa7e5ec &amp;lt;unknown&amp;gt;
#10 0x55976aa6471e &amp;lt;unknown&amp;gt;
#11 0x55976aa7f238 &amp;lt;unknown&amp;gt;
#12 0x55976aa59870 &amp;lt;unknown&amp;gt;
#13 0x55976aa9b608 &amp;lt;unknown&amp;gt;
#14 0x55976aa9b788 &amp;lt;unknown&amp;gt;
#15 0x55976aab5f1d &amp;lt;unknown&amp;gt;
#16 0x7f57393ac609 &amp;lt;unknown&amp;gt;
">
      <![CDATA[org.openqa.selenium.WebDriverException: unknown error: Chrome failed to start: exited abnormally.
  (unknown error: DevToolsActivePort file doesn't exist)
[...]
#4 0x55ca11ef2d3a &amp;lt;unknown&amp;gt;
#5 0x55ca11eece63 &amp;lt;unknown&amp;gt;
#6 0x55ca11ec282a &amp;lt;unknown&amp;gt;
#7 0x55ca11ec3985 &amp;lt;unknown&amp;gt;
#8 0x55ca121934cd &amp;lt;unknown&amp;gt;
#9 0x55ca121975ec &amp;lt;unknown&amp;gt;
#10 0x55ca1217d71e &amp;lt;unknown&amp;gt;
#11 0x55ca12198238 &amp;lt;unknown&amp;gt;
#12 0x55ca12172870 &amp;lt;unknown&amp;gt;
#13 0x55ca121b4608 &amp;lt;unknown&amp;gt;
#14 0x55ca121b4788 &amp;lt;unknown&amp;gt;
#15 0x55ca121cef1d &amp;lt;unknown&amp;gt;
#16 0x7f6318905609 &amp;lt;unknown&amp;gt;
">
      <![CDATA[org.openqa.selenium.WebDriverException: unknown error: Chrome failed to start: exited abnormally.
  (unknown error: DevToolsActivePort file doesn't exist)
  (The process started from chrome location /usr/bin/google-chrome is no longer running, so ChromeDriver is assuming that Chrome has crashed.)
Build info: version: '3.141.59', revision: 'e82be7d358', time: '2018-11-14T08:17:03'
System info: host: 'varsha-HP', ip: '127.0.1.1', os.name: 'Linux', os.arch: 'amd64', os.version: '5.13.0-51-generic', java.version: '1.8.0_312'
Driver info: driver.version: ChromeDriver
remote stacktrace: #0 0x55ca1214ef33 <unknown>
#1 0x55ca11e99118 <unknown>
#2 0x55ca11ebc678 <unknown>
#3 0x55ca11eb7d5a <unknown>
#4 0x55ca11ef2d3a <unknown>
#5 0x55ca11eece63 <unknown>
#6 0x55ca11ec282a <unknown>
#7 0x55ca11ec3985 <unknown>
#8 0x55ca121934cd <unknown>
#9 0x55ca121975ec <unknown>
#10 0x55ca1217d71e <unknown>
#11 0x55ca12198238 <unknown>
#12 0x55ca12172870 <unknown>
#13 0x55ca121b4608 <unknown>
#14 0x55ca121b4788 <unknown>
#15 0x55ca121cef1d <unknown>
#16 0x7f6318905609 <unknown>

at org.openqa.selenium.remote.W3CHandshakeResponse.lambda$errorHandler$0(W3CHandshakeResponse.java:62)
at org.openqa.selenium.remote.HandshakeResponse.lambda$getResponseFunction$0(HandshakeResponse.java:30)
at org.openqa.selenium.remote.ProtocolHandshake.lambda$createSession$0(ProtocolHandshake.java:126)
at java.util.stream.ReferencePipeline$3$1.accept(ReferencePipeline.java:193)
at java.util.Spliterators$ArraySpliterator.tryAdvance(Spliterators.java:958)
at java.util.stream.ReferencePipeline.forEachWithCancel(ReferencePipeline.java:126)
at java.util.stream.AbstractPipeline.copyIntoWithCancel(AbstractPipeline.java:499)
at java.util.stream.AbstractPipeline.copyInto(AbstractPipeline.java:486)
at java.util.stream.AbstractPipeline.wrapAndCopyInto(AbstractPipeline.java:472)
at java.util.stream.FindOps$FindOp.evaluateSequential(FindOps.java:152)
at java.util.stream.AbstractPipeline.evaluate(AbstractPipeline.java:234)
at java.util.stream.ReferencePipeline.findFirst(ReferencePipeline.java:531)
at org.openqa.selenium.remote.ProtocolHandshake.createSession(ProtocolHandshake.java:128)
at org.openqa.selenium.remote.ProtocolHandshake.createSession(ProtocolHandshake.java:74)
at org.openqa.selenium.remote.HttpCommandExecutor.execute(HttpCommandExecutor.java:136)
at org.openqa.selenium.remote.service.DriverCommandExecutor.execute(DriverCommandExecutor.java:83)
at org.openqa.selenium.remote.RemoteWebDriver.execute(RemoteWebDriver.java:552)
at org.openqa.selenium.remote.RemoteWebDriver.startSession(RemoteWebDriver.java:213)
at org.openqa.selenium.remote.RemoteWebDriver.<init>(RemoteWebDriver.java:131)
at org.openqa.selenium.chrome.ChromeDriver.<init>(ChromeDriver.java:181)
at org.openqa.selenium.chrome.ChromeDriver.<init>(ChromeDriver.java:168)
at org.openqa.selenium.chrome.ChromeDriver.<init>(ChromeDriver.java:123)
at payment_history.click_on_Next_Page.Sign_up(click_on_Next_Page.java:15)
at java.util.ArrayList.forEach(ArrayList.java:1259)
... Removed 30 stack frames]]>
    </failure>
  </testcase> <!-- Sign_up -->
  <testcase name="Manage_comp" time="3.0" classname="payment_history.click_on_Next_Page">
    <failure type="java.lang.NullPointerException">
      <![CDATA[java.lang.NullPointerException
at com.Xuriti.admin_panel_main.Payment_History.<init>(Payment_History.java:17)
at payment_history.click_on_Next_Page.Manage_comp(click_on_Next_Page.java:25)
at java.util.ArrayList.forEach(ArrayList.java:1259)
... Removed 27 stack frames]]>
    </failure>
  </testcase> <!-- Manage_comp -->
  <testcase name="Sign_up" time="0.179" classname="manage_companies.edit_TAN">
    <failure type="org.openqa.selenium.WebDriverException" message="unknown error: Chrome failed to start: exited abnormally.
  (unknown error: DevToolsActivePort file doesn&amp;apos;t exist)
  (The process started from chrome location /usr/bin/google-chrome is no longer running, so ChromeDriver is assuming that Chrome has crashed.)
Build info: version: &amp;apos;3.141.59&amp;apos;, revision: &amp;apos;e82be7d358&amp;apos;, time: &amp;apos;2018-11-14T08:17:03&amp;apos;
System info: host: &amp;apos;varsha-HP&amp;apos;, ip: &amp;apos;127.0.1.1&amp;apos;, os.name: &amp;apos;Linux&amp;apos;, os.arch: &amp;apos;amd64&amp;apos;, os.version: &amp;apos;5.13.0-51-generic&amp;apos;, java.version: &amp;apos;1.8.0_312&amp;apos;
Driver info: driver.version: ChromeDriver
remote stacktrace: #0 0x55c04307ff33 &amp;lt;unknown&amp;gt;
#1 0x55c042dca118 &amp;lt;unknown&amp;gt;
#2 0x55c042ded678 &amp;lt;unknown&amp;gt;
#3 0x55c042de8d5a &amp;lt;unknown&amp;gt;
#4 0x55c042e23d3a &amp;lt;unknown&amp;gt;
#5 0x55c042e1de63 &amp;lt;unknown&amp;gt;
#6 0x55c042df382a &amp;lt;unknown&amp;gt;
#7 0x55c042df4985 &amp;lt;unknown&amp;gt;
#8 0x55c0430c44cd &amp;lt;unknown&amp;gt;
#9 0x55c0430c85ec &amp;lt;unknown&amp;gt;
#10 0x55c0430ae71e &amp;lt;unknown&amp;gt;
#11 0x55c0430c9238 &amp;lt;unknown&amp;gt;
#12 0x55c0430a3870 &amp;lt;unknown&amp;gt;
#13 0x55c0430e5608 &amp;lt;unknown&amp;gt;
#14 0x55c0430e5788 &amp;lt;unknown&amp;gt;
#15 0x55c0430fff1d &amp;lt;unknown&amp;gt;
#16 0x7fdf49aaf609 &amp;lt;unknown&amp;gt;
">
      <![CDATA[org.openqa.selenium.WebDriverException: unknown error: Chrome failed to start: exited abnormally.
  (unknown error: DevToolsActivePort file doesn't exist)
  (The process started from chrome location /usr/bin/google-chrome is no longer running, so ChromeDriver is assuming that Chrome has crashed.)
Build info: version: '3.141.59', revision: 'e82be7d358', time: '2018-11-14T08:17:03'
System info: host: 'varsha-HP', ip: '127.0.1.1', os.name: 'Linux', os.arch: 'amd64', os.version: '5.13.0-51-generic', java.version: '1.8.0_312'
Driver info: driver.version: ChromeDriver
remote stacktrace: #0 0x55c04307ff33 <unknown>
#1 0x55c042dca118 <unknown>
#2 0x55c042ded678 <unknown>
#3 0x55c042de8d5a <unknown>
#4 0x55c042e23d3a <unknown>
#5 0x55c042e1de63 <unknown>
#6 0x55c042df382a <unknown>
#7 0x55c042df4985 <unknown>
#8 0x55c0430c44cd <unknown>
#9 0x55c0430c85ec <unknown>
#10 0x55c0430ae71e <unknown>
#11 0x55c0430c9238 <unknown>
#12 0x55c0430a3870 <unknown>
#13 0x55c0430e5608 <unknown>
#14 0x55c0430e5788 <unknown>
#15 0x55c0430fff1d <unknown>
#16 0x7fdf49aaf609 <unknown>

at org.openqa.selenium.remote.W3CHandshakeResponse.lambda$errorHandler$0(W3CHandshakeResponse.java:62)
at org.openqa.selenium.remote.HandshakeResponse.lambda$getResponseFunction$0(HandshakeResponse.java:30)
at org.openqa.selenium.remote.ProtocolHandshake.lambda$createSession$0(ProtocolHandshake.java:126)
at java.util.stream.ReferencePipeline$3$1.accept(ReferencePipeline.java:193)
at java.util.Spliterators$ArraySpliterator.tryAdvance(Spliterators.java:958)
at java.util.stream.ReferencePipeline.forEachWithCancel(ReferencePipeline.java:126)
at java.util.stream.AbstractPipeline.copyIntoWithCancel(AbstractPipeline.java:499)
at java.util.stream.AbstractPipeline.copyInto(AbstractPipeline.java:486)
at java.util.stream.AbstractPipeline.wrapAndCopyInto(AbstractPipeline.java:472)
at java.util.stream.FindOps$FindOp.evaluateSequential(FindOps.java:152)
at java.util.stream.AbstractPipeline.evaluate(AbstractPipeline.java:234)
at java.util.stream.ReferencePipeline.findFirst(ReferencePipeline.java:531)
at org.openqa.selenium.remote.ProtocolHandshake.createSession(ProtocolHandshake.java:128)
at org.openqa.selenium.remote.ProtocolHandshake.createSession(ProtocolHandshake.java:74)
at org.openqa.selenium.remote.HttpCommandExecutor.execute(HttpCommandExecutor.java:136)
at org.openqa.selenium.remote.service.DriverCommandExecutor.execute(DriverCommandExecutor.java:83)
at org.openqa.selenium.remote.RemoteWebDriver.execute(RemoteWebDriver.java:552)
at org.openqa.selenium.remote.RemoteWebDriver.startSession(RemoteWebDriver.java:213)
at org.openqa.selenium.remote.RemoteWebDriver.<init>(RemoteWebDriver.java:131)
at org.openqa.selenium.chrome.ChromeDriver.<init>(ChromeDriver.java:181)
at org.openqa.selenium.chrome.ChromeDriver.<init>(ChromeDriver.java:168)
at org.openqa.selenium.chrome.ChromeDriver.<init>(ChromeDriver.java:123)
at manage_companies.edit_TAN.Sign_up(edit_TAN.java:17)
at java.util.ArrayList.forEach(ArrayList.java:1259)
... Removed 30 stack frames]]>
    </failure>
  </testcase> <!-- Sign_up -->
  <testcase name="Hold_comp" time="3.001" classname="manage_companies.edit_TAN">
    <failure type="java.lang.NullPointerException">
      <![CDATA[java.lang.NullPointerException
at com.Xuriti.admin_panel_main.Manage_Companies_Edit.Edit_company(Manage_Companies_Edit.java:20)
at manage_companies.edit_TAN.Hold_comp(edit_TAN.java:28)
at java.util.ArrayList.forEach(ArrayList.java:1259)
... Removed 27 stack frames]]>
    </failure>
  </testcase> <!-- Hold_comp -->
  <testcase name="Sign_up" time="0.178" classname="manage_Users.TC_Search_user_by_name">
    <failure type="org.openqa.selenium.WebDriverException" message="unknown error: Chrome failed to start: exited abnormally.
  (unknown error: DevToolsActivePort file doesn&amp;apos;t exist)
  (The process started from chrome location /usr/bin/google-chrome is no longer running, so ChromeDriver is assuming that Chrome has crashed.)
Build info: version: &amp;apos;3.141.59&amp;apos;, revision: &amp;apos;e82be7d358&amp;apos;, time: &amp;apos;2018-11-14T08:17:03&amp;apos;
System info: host: &amp;apos;varsha-HP&amp;apos;, ip: &amp;apos;127.0.1.1&amp;apos;, os.name: &amp;apos;Linux&amp;apos;, os.arch: &amp;apos;amd64&amp;apos;, os.version: &amp;apos;5.13.0-51-generic&amp;apos;, java.version: &amp;apos;1.8.0_312&amp;apos;
Driver info: driver.version: ChromeDriver
remote stacktrace: #0 0x564c05e48f33 &amp;lt;unknown&amp;gt;
#1 0x564c05b93118 &amp;lt;unknown&amp;gt;
#2 0x564c05bb6678 &amp;lt;unknown&amp;gt;
#3 0x564c05bb1d5a &amp;lt;unknown&amp;gt;
#4 0x564c05becd3a &amp;lt;unknown&amp;gt;
#5 0x564c05be6e63 &amp;lt;unknown&amp;gt;
#6 0x564c05bbc82a &amp;lt;unknown&amp;gt;
#7 0x564c05bbd985 &amp;lt;unknown&amp;gt;
#8 0x564c05e8d4cd &amp;lt;unknown&amp;gt;
#9 0x564c05e915ec &amp;lt;unknown&amp;gt;
#10 0x564c05e7771e &amp;lt;unknown&amp;gt;
#11 0x564c05e92238 &amp;lt;unknown&amp;gt;
#12 0x564c05e6c870 &amp;lt;unknown&amp;gt;
#13 0x564c05eae608 &amp;lt;unknown&amp;gt;
#14 0x564c05eae788 &amp;lt;unknown&amp;gt;
#15 0x564c05ec8f1d &amp;lt;unknown&amp;gt;
#16 0x7fd3edbc2609 &amp;lt;unknown&amp;gt;
">
      <![CDATA[org.openqa.selenium.WebDriverException: unknown error: Chrome failed to start: exited abnormally.
  (unknown error: DevToolsActivePort file doesn't exist)
  (The process started from chrome location /usr/bin/google-chrome is no longer running, so ChromeDriver is assuming that Chrome has crashed.)
Build info: version: '3.141.59', revision: 'e82be7d358', time: '2018-11-14T08:17:03'
System info: host: 'varsha-HP', ip: '127.0.1.1', os.name: 'Linux', os.arch: 'amd64', os.version: '5.13.0-51-generic', java.version: '1.8.0_312'
Driver info: driver.version: ChromeDriver
remote stacktrace: #0 0x564c05e48f33 <unknown>
#1 0x564c05b93118 <unknown>
#2 0x564c05bb6678 <unknown>
#3 0x564c05bb1d5a <unknown>
#4 0x564c05becd3a <unknown>
#5 0x564c05be6e63 <unknown>
#6 0x564c05bbc82a <unknown>
#7 0x564c05bbd985 <unknown>
#8 0x564c05e8d4cd <unknown>
#9 0x564c05e915ec <unknown>
#10 0x564c05e7771e <unknown>
#11 0x564c05e92238 <unknown>
#12 0x564c05e6c870 <unknown>
#13 0x564c05eae608 <unknown>
#14 0x564c05eae788 <unknown>
#15 0x564c05ec8f1d <unknown>
#16 0x7fd3edbc2609 <unknown>

at org.openqa.selenium.remote.W3CHandshakeResponse.lambda$errorHandler$0(W3CHandshakeResponse.java:62)
at org.openqa.selenium.remote.HandshakeResponse.lambda$getResponseFunction$0(HandshakeResponse.java:30)
at org.openqa.selenium.remote.ProtocolHandshake.lambda$createSession$0(ProtocolHandshake.java:126)
at java.util.stream.ReferencePipeline$3$1.accept(ReferencePipeline.java:193)
at java.util.Spliterators$ArraySpliterator.tryAdvance(Spliterators.java:958)
at java.util.stream.ReferencePipeline.forEachWithCancel(ReferencePipeline.java:126)
at java.util.stream.AbstractPipeline.copyIntoWithCancel(AbstractPipeline.java:499)
at java.util.stream.AbstractPipeline.copyInto(AbstractPipeline.java:486)
at java.util.stream.AbstractPipeline.wrapAndCopyInto(AbstractPipeline.java:472)
at java.util.stream.FindOps$FindOp.evaluateSequential(FindOps.java:152)
at java.util.stream.AbstractPipeline.evaluate(AbstractPipeline.java:234)
at java.util.stream.ReferencePipeline.findFirst(ReferencePipeline.java:531)
at org.openqa.selenium.remote.ProtocolHandshake.createSession(ProtocolHandshake.java:128)
at org.openqa.selenium.remote.ProtocolHandshake.createSession(ProtocolHandshake.java:74)
at org.openqa.selenium.remote.HttpCommandExecutor.execute(HttpCommandExecutor.java:136)
at org.openqa.selenium.remote.service.DriverCommandExecutor.execute(DriverCommandExecutor.java:83)
at org.openqa.selenium.remote.RemoteWebDriver.execute(RemoteWebDriver.java:552)
at org.openqa.selenium.remote.RemoteWebDriver.startSession(RemoteWebDriver.java:213)
at org.openqa.selenium.remote.RemoteWebDriver.<init>(RemoteWebDriver.java:131)
at org.openqa.selenium.chrome.ChromeDriver.<init>(ChromeDriver.java:181)
at org.openqa.selenium.chrome.ChromeDriver.<init>(ChromeDriver.java:168)
at org.openqa.selenium.chrome.ChromeDriver.<init>(ChromeDriver.java:123)
at manage_Users.TC_Search_user_by_name.Sign_up(TC_Search_user_by_name.java:16)
at java.util.ArrayList.forEach(ArrayList.java:1259)
... Removed 30 stack frames]]>
    </failure>
  </testcase> <!-- Sign_up -->
  <testcase name="Search" time="3.001" classname="manage_Users.TC_Search_user_by_name">
    <failure type="java.lang.NullPointerException">
      <![CDATA[java.lang.NullPointerException
at com.Xuriti.admin_panel_main.Manage_Users.<init>(Manage_Users.java:17)
at manage_Users.TC_Search_user_by_name.Search(TC_Search_user_by_name.java:26)
at java.util.ArrayList.forEach(ArrayList.java:1259)
... Removed 27 stack frames]]>
    </failure>
  </testcase> <!-- Search -->
  <testcase name="Sign_up" time="0.184" classname="manage_companies.date_range_based_on_the_registration">
    <failure type="org.openqa.selenium.WebDriverException" message="unknown error: Chrome failed to start: exited abnormally.
  (unknown error: DevToolsActivePort file doesn&amp;apos;t exist)
  (The process started from chrome location /usr/bin/google-chrome is no longer running, so ChromeDriver is assuming that Chrome has crashed.)
Build info: version: &amp;apos;3.141.59&amp;apos;, revision: &amp;apos;e82be7d358&amp;apos;, time: &amp;apos;2018-11-14T08:17:03&amp;apos;
System info: host: &amp;apos;varsha-HP&amp;apos;, ip: &amp;apos;127.0.1.1&amp;apos;, os.name: &amp;apos;Linux&amp;apos;, os.arch: &amp;apos;amd64&amp;apos;, os.version: &amp;apos;5.13.0-51-generic&amp;apos;, java.version: &amp;apos;1.8.0_312&amp;apos;
Driver info: driver.version: ChromeDriver
remote stacktrace: #0 0x55733e366f33 &amp;lt;unknown&amp;gt;
#1 0x55733e0b1118 &amp;lt;unknown&amp;gt;
#2 0x55733e0d4678 &amp;lt;unknown&amp;gt;
#3 0x55733e0cfd5a &amp;lt;unknown&amp;gt;
#4 0x55733e10ad3a &amp;lt;unknown&amp;gt;
#5 0x55733e104e63 &amp;lt;unknown&amp;gt;
#6 0x55733e0da82a &amp;lt;unknown&amp;gt;
#7 0x55733e0db985 &amp;lt;unknown&amp;gt;
#8 0x55733e3ab4cd &amp;lt;unknown&amp;gt;
#9 0x55733e3af5ec &amp;lt;unknown&amp;gt;
#10 0x55733e39571e &amp;lt;unknown&amp;gt;
#11 0x55733e3b0238 &amp;lt;unknown&amp;gt;
#12 0x55733e38a870 &amp;lt;unknown&amp;gt;
#13 0x55733e3cc608 &amp;lt;unknown&amp;gt;
#14 0x55733e3cc788 &amp;lt;unknown&amp;gt;
#15 0x55733e3e6f1d &amp;lt;unknown&amp;gt;
#16 0x7f86262e7609 &amp;lt;unknown&amp;gt;
">
      <![CDATA[org.openqa.selenium.WebDriverException: unknown error: Chrome failed to start: exited abnormally.
  (unknown error: DevToolsActivePort file doesn't exist)
  (The process started from chrome location /usr/bin/google-chrome is no longer running, so ChromeDriver is assuming that Chrome has crashed.)
Build info: version: '3.141.59', revision: 'e82be7d358', time: '2018-11-14T08:17:03'
System info: host: 'varsha-HP', ip: '127.0.1.1', os.name: 'Linux', os.arch: 'amd64', os.version: '5.13.0-51-generic', java.version: '1.8.0_312'
Driver info: driver.version: ChromeDriver
remote stacktrace: #0 0x55733e366f33 <unknown>
#1 0x55733e0b1118 <unknown>
#2 0x55733e0d4678 <unknown>
#3 0x55733e0cfd5a <unknown>
#4 0x55733e10ad3a <unknown>
#5 0x55733e104e63 <unknown>
#6 0x55733e0da82a <unknown>
#7 0x55733e0db985 <unknown>
#8 0x55733e3ab4cd <unknown>
#9 0x55733e3af5ec <unknown>
#10 0x55733e39571e <unknown>
#11 0x55733e3b0238 <unknown>
#12 0x55733e38a870 <unknown>
#13 0x55733e3cc608 <unknown>
#14 0x55733e3cc788 <unknown>
#15 0x55733e3e6f1d <unknown>
#16 0x7f86262e7609 <unknown>

at org.openqa.selenium.remote.W3CHandshakeResponse.lambda$errorHandler$0(W3CHandshakeResponse.java:62)
at org.openqa.selenium.remote.HandshakeResponse.lambda$getResponseFunction$0(HandshakeResponse.java:30)
at org.openqa.selenium.remote.ProtocolHandshake.lambda$createSession$0(ProtocolHandshake.java:126)
at java.util.stream.ReferencePipeline$3$1.accept(ReferencePipeline.java:193)
at java.util.Spliterators$ArraySpliterator.tryAdvance(Spliterators.java:958)
at java.util.stream.ReferencePipeline.forEachWithCancel(ReferencePipeline.java:126)
at java.util.stream.AbstractPipeline.copyIntoWithCancel(AbstractPipeline.java:499)
at java.util.stream.AbstractPipeline.copyInto(AbstractPipeline.java:486)
at java.util.stream.AbstractPipeline.wrapAndCopyInto(AbstractPipeline.java:472)
at java.util.stream.FindOps$FindOp.evaluateSequential(FindOps.java:152)
at java.util.stream.AbstractPipeline.evaluate(AbstractPipeline.java:234)
at java.util.stream.ReferencePipeline.findFirst(ReferencePipeline.java:531)
at org.openqa.selenium.remote.ProtocolHandshake.createSession(ProtocolHandshake.java:128)
at org.openqa.selenium.remote.ProtocolHandshake.createSession(ProtocolHandshake.java:74)
at org.openqa.selenium.remote.HttpCommandExecutor.execute(HttpCommandExecutor.java:136)
at org.openqa.selenium.remote.service.DriverCommandExecutor.execute(DriverCommandExecutor.java:83)
at org.openqa.selenium.remote.RemoteWebDriver.execute(RemoteWebDriver.java:552)
at org.openqa.selenium.remote.RemoteWebDriver.startSession(RemoteWebDriver.java:213)
at org.openqa.selenium.remote.RemoteWebDriver.<init>(RemoteWebDriver.java:131)
at org.openqa.selenium.chrome.ChromeDriver.<init>(ChromeDriver.java:181)
at org.openqa.selenium.chrome.ChromeDriver.<init>(ChromeDriver.java:168)
at org.openqa.selenium.chrome.ChromeDriver.<init>(ChromeDriver.java:123)
at manage_companies.date_range_based_on_the_registration.Sign_up(date_range_based_on_the_registration.java:17)
at java.util.ArrayList.forEach(ArrayList.java:1259)
... Removed 30 stack frames]]>
    </failure>
  </testcase> <!-- Sign_up -->
  <testcase name="Date_range_based_on_registration" time="2.001" classname="manage_companies.date_range_based_on_the_registration">
    <failure type="java.lang.NullPointerException">
      <![CDATA[java.lang.NullPointerException
at com.Xuriti.admin_panel_main.Manage_Companies_Edit.Search_by_date_range_based_on_registration(Manage_Companies_Edit.java:48)
at manage_companies.date_range_based_on_the_registration.Date_range_based_on_registration(date_range_based_on_the_registration.java:28)
at java.util.ArrayList.forEach(ArrayList.java:1259)
... Removed 27 stack frames]]>
    </failure>
  </testcase> <!-- Date_range_based_on_registration -->
</testsuite> <!-- All_in_one_Test -->
