<?xml version="1.0" encoding="UTF-8"?>
<!-- Generated by org.testng.reporters.JUnitReportReporter -->
<testsuite hostname="pranjal-HP-ProDesk-600-G1-SFF" failures="0" tests="1" name="Company_get_patch_buyer_and_Seller.TC_1_All_Company" time="0.313" errors="0" timestamp="2022-12-26T13:56:17 IST" skipped="0">
  <testcase classname="Company_get_patch_buyer_and_Seller.TC_1_All_Company" name="Get_All_Company" time="0.313"/>
  <system-out/>
</testsuite> <!-- Company_get_patch_buyer_and_Seller.TC_1_All_Company -->
