<?xml version="1.0" encoding="UTF-8"?>
<!-- Generated by org.testng.reporters.JUnitReportReporter -->
<testsuite hostname="pranjal-HP-ProDesk-600-G1-SFF" failures="0" tests="7" name="Add_NBFC.TC_09_NBFC_Interest_Post" time="0.190" errors="0" timestamp="2023-01-05T14:22:36 IST" skipped="0">
  <testcase classname="Add_NBFC.TC_09_NBFC_Interest_Post" name="interest_letter" time="0.045"/>
  <system-out/>
  <testcase classname="Add_NBFC.TC_09_NBFC_Interest_Post" name="interest_less_2_digit" time="0.023"/>
  <system-out/>
  <testcase classname="Add_NBFC.TC_09_NBFC_Interest_Post" name="interest_LN" time="0.035"/>
  <system-out/>
  <testcase classname="Add_NBFC.TC_09_NBFC_Interest_Post" name="interest_special_char" time="0.021"/>
  <system-out/>
  <testcase classname="Add_NBFC.TC_09_NBFC_Interest_Post" name="interest_more_2_digit" time="0.018"/>
  <system-out/>
  <testcase classname="Add_NBFC.TC_09_NBFC_Interest_Post" name="interest_SCN" time="0.024"/>
  <system-out/>
  <testcase classname="Add_NBFC.TC_09_NBFC_Interest_Post" name="nbfc_interest_blank" time="0.024"/>
  <system-out/>
</testsuite> <!-- Add_NBFC.TC_09_NBFC_Interest_Post -->
