<?xml version="1.0" encoding="UTF-8"?>
<!-- Generated by org.testng.reporters.JUnitReportReporter -->
<testsuite hostname="pranjal-HP-ProDesk-600-G1-SFF" failures="0" tests="5" name="Auth_Services.TC_6_Invalid_Scenario_SendOTP" time="0.187" errors="0" timestamp="2023-01-10T15:59:41 IST" skipped="0">
  <testcase classname="Auth_Services.TC_6_Invalid_Scenario_SendOTP" name="Invalid_otp" time="0.019"/>
  <system-out/>
  <testcase classname="Auth_Services.TC_6_Invalid_Scenario_SendOTP" name="Invalid_otp" time="0.125"/>
  <system-out/>
  <testcase classname="Auth_Services.TC_6_Invalid_Scenario_SendOTP" name="Invalid_otp" time="0.013"/>
  <system-out/>
  <testcase classname="Auth_Services.TC_6_Invalid_Scenario_SendOTP" name="Invalid_otp" time="0.013"/>
  <system-out/>
  <testcase classname="Auth_Services.TC_6_Invalid_Scenario_SendOTP" name="Invalid_otp" time="0.017"/>
  <system-out/>
</testsuite> <!-- Auth_Services.TC_6_Invalid_Scenario_SendOTP -->
