<?xml version="1.0" encoding="UTF-8"?>
<!-- Generated by org.testng.reporters.JUnitReportReporter -->
<testsuite hostname="pranjal-HP-ProDesk-600-G1-SFF" failures="0" tests="2" name="User_service.TC_07_RegisterBy_Staff_User" time="0.131" errors="0" timestamp="2023-01-06T10:29:30 IST" skipped="0">
  <testcase classname="User_service.TC_07_RegisterBy_Staff_User" name="staff_regiserby_blank" time="0.089"/>
  <system-out/>
  <testcase classname="User_service.TC_07_RegisterBy_Staff_User" name="staff_registerby_special_char" time="0.042"/>
  <system-out/>
</testsuite> <!-- User_service.TC_07_RegisterBy_Staff_User -->
