<?xml version="1.0" encoding="UTF-8"?>
<!-- Generated by org.testng.reporters.JUnitReportReporter -->
<testsuite hostname="pranjal-HP-ProDesk-600-G1-SFF" failures="0" tests="9" name="NBFC.TC_26_NBFC_disbursment" time="0.357" errors="0" timestamp="2023-01-05T15:11:41 IST" skipped="0">
  <testcase classname="NBFC.TC_26_NBFC_disbursment" name="add_disbursbment" time="0.083"/>
  <system-out/>
  <testcase classname="NBFC.TC_26_NBFC_disbursment" name="add_disbursbment_transactionid_field_blank" time="0.046"/>
  <system-out/>
  <testcase classname="NBFC.TC_26_NBFC_disbursment" name="add_disbursbment_beneficiary_gst_field_blank" time="0.030"/>
  <system-out/>
  <testcase classname="NBFC.TC_26_NBFC_disbursment" name="add_disbursbment_invoiceno_field_blank" time="0.028"/>
  <system-out/>
  <testcase classname="NBFC.TC_26_NBFC_disbursment" name="add_disbursbment_amount_field_blank" time="0.026"/>
  <system-out/>
  <testcase classname="NBFC.TC_26_NBFC_disbursment" name="add_disbursbment_all_blank" time="0.031"/>
  <system-out/>
  <testcase classname="NBFC.TC_26_NBFC_disbursment" name="add_disbursbment_UTR_id_field_blank" time="0.047"/>
  <system-out/>
  <testcase classname="NBFC.TC_26_NBFC_disbursment" name="add_disbursbment_remarks_field_blank" time="0.023"/>
  <system-out/>
  <testcase classname="NBFC.TC_26_NBFC_disbursment" name="add_disbursbment_amount_SC_field_blank" time="0.043"/>
  <system-out/>
</testsuite> <!-- NBFC.TC_26_NBFC_disbursment -->
