<?xml version="1.0" encoding="UTF-8"?>
<!-- Generated by org.testng.reporters.JUnitReportReporter -->
<testsuite hostname="pranjal-HP-ProDesk-600-G1-SFF" failures="0" tests="6" name="Add_NBFC.TC_12_NBFC_Bank_AC_Number_Post" time="0.209" errors="0" timestamp="2023-01-07T17:20:11 IST" skipped="0">
  <testcase classname="Add_NBFC.TC_12_NBFC_Bank_AC_Number_Post" name="nbfc_bank_acc_capital_letter" time="0.038"/>
  <system-out/>
  <testcase classname="Add_NBFC.TC_12_NBFC_Bank_AC_Number_Post" name="nbfc_bank_acc_special_char" time="0.039"/>
  <system-out/>
  <testcase classname="Add_NBFC.TC_12_NBFC_Bank_AC_Number_Post" name="nbfc_bank_acc_more_21" time="0.042"/>
  <system-out/>
  <testcase classname="Add_NBFC.TC_12_NBFC_Bank_AC_Number_Post" name="nbfc_bank_acc_less_9" time="0.028"/>
  <system-out/>
  <testcase classname="Add_NBFC.TC_12_NBFC_Bank_AC_Number_Post" name="nbfc_bank_acc_blank" time="0.021"/>
  <system-out/>
  <testcase classname="Add_NBFC.TC_12_NBFC_Bank_AC_Number_Post" name="nbfc_bank_acc_SCLN" time="0.041"/>
  <system-out/>
</testsuite> <!-- Add_NBFC.TC_12_NBFC_Bank_AC_Number_Post -->
