<?xml version="1.0" encoding="UTF-8"?>
<!-- Generated by org.testng.reporters.JUnitReportReporter -->
<testsuite hostname="pranjal-HP-ProDesk-600-G1-SFF" failures="0" tests="2" name="NBFC.TC_03_NBFC_get_by_id" time="0.043" errors="0" timestamp="2023-01-10T15:59:41 IST" skipped="0">
  <testcase classname="NBFC.TC_03_NBFC_get_by_id" name="nbfc_get_by_id_wrong_id" time="0.020"/>
  <system-out/>
  <testcase classname="NBFC.TC_03_NBFC_get_by_id" name="nbfc_get_by_id" time="0.023"/>
  <system-out/>
</testsuite> <!-- NBFC.TC_03_NBFC_get_by_id -->
