<?xml version="1.0" encoding="UTF-8"?>
<!-- Generated by org.testng.reporters.JUnitReportReporter -->
<testsuite hostname="pranjal-HP-ProDesk-600-G1-SFF" failures="0" tests="6" name="Add_NBFC.TC_04_NBFC_Mobile_Post" time="0.236" errors="0" timestamp="2023-01-05T14:22:36 IST" skipped="0">
  <testcase classname="Add_NBFC.TC_04_NBFC_Mobile_Post" name="nbfc_mobile_less_10" time="0.039"/>
  <system-out/>
  <testcase classname="Add_NBFC.TC_04_NBFC_Mobile_Post" name="nbfc_mobile_special_char" time="0.034"/>
  <system-out/>
  <testcase classname="Add_NBFC.TC_04_NBFC_Mobile_Post" name="nbfc_mobile_SCLN" time="0.045"/>
  <system-out/>
  <testcase classname="Add_NBFC.TC_04_NBFC_Mobile_Post" name="nbfc_mobile_letter" time="0.037"/>
  <system-out/>
  <testcase classname="Add_NBFC.TC_04_NBFC_Mobile_Post" name="nbfc_mobile_more_10" time="0.028"/>
  <system-out/>
  <testcase classname="Add_NBFC.TC_04_NBFC_Mobile_Post" name="nbfc_mobile_blank" time="0.053"/>
  <system-out/>
</testsuite> <!-- Add_NBFC.TC_04_NBFC_Mobile_Post -->
