<?xml version="1.0" encoding="UTF-8"?>
<!-- Generated by org.testng.reporters.JUnitReportReporter -->
<testsuite hostname="pranjal-HP-ProDesk-600-G1-SFF" failures="0" tests="5" name="Auth_Services.TC_4_Invalid_Scenario_Sign_In" time="0.192" errors="0" timestamp="2022-12-26T13:56:17 IST" skipped="0">
  <testcase classname="Auth_Services.TC_4_Invalid_Scenario_Sign_In" name="Invalid_data" time="0.036"/>
  <system-out/>
  <testcase classname="Auth_Services.TC_4_Invalid_Scenario_Sign_In" name="Invalid_data" time="0.041"/>
  <system-out/>
  <testcase classname="Auth_Services.TC_4_Invalid_Scenario_Sign_In" name="Invalid_data" time="0.033"/>
  <system-out/>
  <testcase classname="Auth_Services.TC_4_Invalid_Scenario_Sign_In" name="Invalid_data" time="0.043"/>
  <system-out/>
  <testcase classname="Auth_Services.TC_4_Invalid_Scenario_Sign_In" name="Invalid_data" time="0.039"/>
  <system-out/>
</testsuite> <!-- Auth_Services.TC_4_Invalid_Scenario_Sign_In -->
