<?xml version="1.0" encoding="UTF-8"?>
<!-- Generated by org.testng.reporters.JUnitReportReporter -->
<testsuite hostname="pranjal-HP-ProDesk-600-G1-SFF" failures="0" tests="4" name="Auth_Services.TC_9_Unblock_user" time="0.062" errors="0" timestamp="2023-01-10T15:59:41 IST" skipped="0">
  <testcase classname="Auth_Services.TC_9_Unblock_user" name="User_Unblock" time="0.015"/>
  <system-out/>
  <testcase classname="Auth_Services.TC_9_Unblock_user" name="User_Unblock" time="0.017"/>
  <system-out/>
  <testcase classname="Auth_Services.TC_9_Unblock_user" name="User_Unblock" time="0.014"/>
  <system-out/>
  <testcase classname="Auth_Services.TC_9_Unblock_user" name="User_Unblock" time="0.016"/>
  <system-out/>
</testsuite> <!-- Auth_Services.TC_9_Unblock_user -->
