<?xml version="1.0" encoding="UTF-8"?>
<!-- Generated by org.testng.reporters.JUnitReportReporter -->
<testsuite hostname="pranjal-HP-ProDesk-600-G1-SFF" failures="0" tests="5" name="Add_NBFC.TC_13_NBFC_Bank_Holder_Name_Post" time="0.096" errors="0" timestamp="2023-01-07T17:20:11 IST" skipped="0">
  <testcase classname="Add_NBFC.TC_13_NBFC_Bank_Holder_Name_Post" name="holder_name_number" time="0.020"/>
  <system-out/>
  <testcase classname="Add_NBFC.TC_13_NBFC_Bank_Holder_Name_Post" name="holder_name_blank" time="0.022"/>
  <system-out/>
  <testcase classname="Add_NBFC.TC_13_NBFC_Bank_Holder_Name_Post" name="holder_name_SCLN" time="0.020"/>
  <system-out/>
  <testcase classname="Add_NBFC.TC_13_NBFC_Bank_Holder_Name_Post" name="hodler_name_special_char" time="0.017"/>
  <system-out/>
  <testcase classname="Add_NBFC.TC_13_NBFC_Bank_Holder_Name_Post" name="holder_name_dot" time="0.017"/>
  <system-out/>
</testsuite> <!-- Add_NBFC.TC_13_NBFC_Bank_Holder_Name_Post -->
