<?xml version="1.0" encoding="UTF-8"?>
<!-- Generated by org.testng.reporters.JUnitReportReporter -->
<testsuite hostname="pranjal-HP-ProDesk-600-G1-SFF" failures="0" tests="4" name="User_service.TC_03_Last_Name_Staff_User_Post" time="0.138" errors="0" timestamp="2023-01-10T15:59:41 IST" skipped="0">
  <testcase classname="User_service.TC_03_Last_Name_Staff_User_Post" name="staff_last_name_SCLN" time="0.037"/>
  <system-out/>
  <testcase classname="User_service.TC_03_Last_Name_Staff_User_Post" name="staff_last_name_blank" time="0.034"/>
  <system-out/>
  <testcase classname="User_service.TC_03_Last_Name_Staff_User_Post" name="staff_last_name_number" time="0.037"/>
  <system-out/>
  <testcase classname="User_service.TC_03_Last_Name_Staff_User_Post" name="staff_last_name_special_char" time="0.030"/>
  <system-out/>
</testsuite> <!-- User_service.TC_03_Last_Name_Staff_User_Post -->
