<?xml version="1.0" encoding="UTF-8"?>
<!-- Generated by org.testng.reporters.JUnitReportReporter -->
<testsuite hostname="pranjal-HP-ProDesk-600-G1-SFF" failures="0" tests="1" name="Ledger_service.TC_09_get_dashboard_compony_hold" time="0.028" errors="0" timestamp="2023-01-10T15:59:41 IST" skipped="0">
  <testcase classname="Ledger_service.TC_09_get_dashboard_compony_hold" name="get_dashboard_company_status_hold" time="0.028"/>
  <system-out/>
</testsuite> <!-- Ledger_service.TC_09_get_dashboard_compony_hold -->
