<?xml version="1.0" encoding="UTF-8"?>
<!-- Generated by org.testng.reporters.JUnitReportReporter -->
<testsuite hostname="pranjal-HP-ProDesk-600-G1-SFF" failures="0" tests="4" name="Add_NBFC.TC_15_NBFC_Status_Post" time="0.113" errors="0" timestamp="2023-01-07T17:20:11 IST" skipped="0">
  <testcase classname="Add_NBFC.TC_15_NBFC_Status_Post" name="nbfc_status_blank" time="0.035"/>
  <system-out/>
  <testcase classname="Add_NBFC.TC_15_NBFC_Status_Post" name="nbfc_status_SCLN" time="0.033"/>
  <system-out/>
  <testcase classname="Add_NBFC.TC_15_NBFC_Status_Post" name="nbfc_status_special_char" time="0.021"/>
  <system-out/>
  <testcase classname="Add_NBFC.TC_15_NBFC_Status_Post" name="nbfc_status_number" time="0.024"/>
  <system-out/>
</testsuite> <!-- Add_NBFC.TC_15_NBFC_Status_Post -->
