<?xml version="1.0" encoding="UTF-8"?>
<!-- Generated by org.testng.reporters.JUnitReportReporter -->
<testsuite hostname="pranjal-HP-ProDesk-600-G1-SFF" failures="0" tests="4" name="Auth_Services.TC_9_Unblock_user" time="0.076" errors="0" timestamp="2023-01-07T17:20:11 IST" skipped="0">
  <testcase classname="Auth_Services.TC_9_Unblock_user" name="User_Unblock" time="0.017"/>
  <system-out/>
  <testcase classname="Auth_Services.TC_9_Unblock_user" name="User_Unblock" time="0.018"/>
  <system-out/>
  <testcase classname="Auth_Services.TC_9_Unblock_user" name="User_Unblock" time="0.024"/>
  <system-out/>
  <testcase classname="Auth_Services.TC_9_Unblock_user" name="User_Unblock" time="0.017"/>
  <system-out/>
</testsuite> <!-- Auth_Services.TC_9_Unblock_user -->
