<?xml version="1.0" encoding="UTF-8"?>
<!-- Generated by org.testng.reporters.JUnitReportReporter -->
<testsuite hostname="pranjal-HP-ProDesk-600-G1-SFF" failures="0" tests="6" name="Add_NBFC.TC_04_NBFC_Mobile_Post" time="0.199" errors="0" timestamp="2023-01-10T15:59:41 IST" skipped="0">
  <testcase classname="Add_NBFC.TC_04_NBFC_Mobile_Post" name="nbfc_mobile_SCLN" time="0.037"/>
  <system-out/>
  <testcase classname="Add_NBFC.TC_04_NBFC_Mobile_Post" name="nbfc_mobile_letter" time="0.032"/>
  <system-out/>
  <testcase classname="Add_NBFC.TC_04_NBFC_Mobile_Post" name="nbfc_mobile_special_char" time="0.027"/>
  <system-out/>
  <testcase classname="Add_NBFC.TC_04_NBFC_Mobile_Post" name="nbfc_mobile_blank" time="0.034"/>
  <system-out/>
  <testcase classname="Add_NBFC.TC_04_NBFC_Mobile_Post" name="nbfc_mobile_more_10" time="0.035"/>
  <system-out/>
  <testcase classname="Add_NBFC.TC_04_NBFC_Mobile_Post" name="nbfc_mobile_less_10" time="0.034"/>
  <system-out/>
</testsuite> <!-- Add_NBFC.TC_04_NBFC_Mobile_Post -->
