<?xml version="1.0" encoding="UTF-8"?>
<!-- Generated by org.testng.reporters.JUnitReportReporter -->
<testsuite hostname="pranjal-HP-ProDesk-600-G1-SFF" failures="0" tests="4" name="Add_NBFC.TC_05_NBFC_Address_Post" time="0.162" errors="0" timestamp="2023-01-05T14:22:36 IST" skipped="0">
  <testcase classname="Add_NBFC.TC_05_NBFC_Address_Post" name="nbfc_address_SCLN" time="0.055"/>
  <system-out/>
  <testcase classname="Add_NBFC.TC_05_NBFC_Address_Post" name="nbfc_address_number" time="0.029"/>
  <system-out/>
  <testcase classname="Add_NBFC.TC_05_NBFC_Address_Post" name="nbfc_address_blank" time="0.036"/>
  <system-out/>
  <testcase classname="Add_NBFC.TC_05_NBFC_Address_Post" name="nbfc_address_special_char" time="0.042"/>
  <system-out/>
</testsuite> <!-- Add_NBFC.TC_05_NBFC_Address_Post -->
