<?xml version="1.0" encoding="UTF-8"?>
<!-- Generated by org.testng.reporters.JUnitReportReporter -->
<testsuite hostname="pranjal-HP-ProDesk-600-G1-SFF" failures="0" tests="2" name="Ledger_service.TC_06_company_details" time="0.106" errors="0" timestamp="2023-01-07T17:20:11 IST" skipped="0">
  <testcase classname="Ledger_service.TC_06_company_details" name="company_details" time="0.087"/>
  <system-out/>
  <testcase classname="Ledger_service.TC_06_company_details" name="company_details_status_hold" time="0.019"/>
  <system-out/>
</testsuite> <!-- Ledger_service.TC_06_company_details -->
