<?xml version="1.0" encoding="UTF-8"?>
<!-- Generated by org.testng.reporters.JUnitReportReporter -->
<testsuite hostname="pranjal-HP-ProDesk-600-G1-SFF" failures="0" tests="4" name="User_service.TC_06_User_Role_Staff_User_Post" time="0.171" errors="0" timestamp="2022-12-26T13:56:17 IST" skipped="0">
  <testcase classname="User_service.TC_06_User_Role_Staff_User_Post" name="staff_role_numbers" time="0.041"/>
  <system-out/>
  <testcase classname="User_service.TC_06_User_Role_Staff_User_Post" name="staff_role_blank" time="0.048"/>
  <system-out/>
  <testcase classname="User_service.TC_06_User_Role_Staff_User_Post" name="staff_role_special_char" time="0.038"/>
  <system-out/>
  <testcase classname="User_service.TC_06_User_Role_Staff_User_Post" name="staff_role_SCLN" time="0.044"/>
  <system-out/>
</testsuite> <!-- User_service.TC_06_User_Role_Staff_User_Post -->
