<?xml version="1.0" encoding="UTF-8"?>
<!-- Generated by org.testng.reporters.JUnitReportReporter -->
<testsuite hostname="pranjal-HP-ProDesk-600-G1-SFF" failures="0" tests="3" name="Entity_Service.TC_12_Check_Entity_Status" time="0.161" errors="0" timestamp="2023-01-06T16:12:42 IST" skipped="0">
  <testcase classname="Entity_Service.TC_12_Check_Entity_Status" name="Check_Entities_Status_Approved" time="0.086"/>
  <system-out/>
  <testcase classname="Entity_Service.TC_12_Check_Entity_Status" name="Check_Entities_Status_Inactive" time="0.044"/>
  <system-out/>
  <testcase classname="Entity_Service.TC_12_Check_Entity_Status" name="Check_Entities_Status_Hold" time="0.031"/>
  <system-out/>
</testsuite> <!-- Entity_Service.TC_12_Check_Entity_Status -->
