<?xml version="1.0" encoding="UTF-8"?>
<!-- Generated by org.testng.reporters.JUnitReportReporter -->
<testsuite hostname="pranjal-HP-ProDesk-600-G1-SFF" failures="0" tests="4" name="Company_get_patch_buyer_and_Seller.TC_2_Patch_Company_Status" time="0.759" errors="0" timestamp="2023-01-10T15:59:41 IST" skipped="0">
  <testcase classname="Company_get_patch_buyer_and_Seller.TC_2_Patch_Company_Status" name="Company_Status_Field_Blank" time="0.021"/>
  <system-out/>
  <testcase classname="Company_get_patch_buyer_and_Seller.TC_2_Patch_Company_Status" name="Company_Status_Msg_Field_Blank" time="0.232"/>
  <system-out/>
  <testcase classname="Company_get_patch_buyer_and_Seller.TC_2_Patch_Company_Status" name="Company_Status_Update_Wrong_Id" time="0.263"/>
  <system-out/>
  <testcase classname="Company_get_patch_buyer_and_Seller.TC_2_Patch_Company_Status" name="Company_Status_Update" time="0.243"/>
  <system-out/>
</testsuite> <!-- Company_get_patch_buyer_and_Seller.TC_2_Patch_Company_Status -->
