<?xml version="1.0" encoding="UTF-8"?>
<!-- Generated by org.testng.reporters.JUnitReportReporter -->
<testsuite hostname="pranjal-HP-ProDesk-600-G1-SFF" failures="0" tests="1" name="Entity_Service.TC_06_Discount_Mapping_Controller" time="0.141" errors="0" timestamp="2023-01-05T17:08:37 IST" skipped="0">
  <testcase classname="Entity_Service.TC_06_Discount_Mapping_Controller" name="Discount_Mapping_Controller" time="0.141"/>
  <system-out/>
</testsuite> <!-- Entity_Service.TC_06_Discount_Mapping_Controller -->
