<?xml version="1.0" encoding="UTF-8"?>
<!-- Generated by org.testng.reporters.JUnitReportReporter -->
<testsuite hostname="pranjal-HP-ProDesk-600-G1-SFF" failures="0" tests="6" name="Add_NBFC.TC_08_NBFC_Pin_Code_Post" time="0.105" errors="0" timestamp="2023-01-07T17:20:11 IST" skipped="0">
  <testcase classname="Add_NBFC.TC_08_NBFC_Pin_Code_Post" name="nbfc_pincode_more_6" time="0.016"/>
  <system-out/>
  <testcase classname="Add_NBFC.TC_08_NBFC_Pin_Code_Post" name="nbfc_pincode_blank" time="0.016"/>
  <system-out/>
  <testcase classname="Add_NBFC.TC_08_NBFC_Pin_Code_Post" name="nbfc_pincode_SCLN" time="0.021"/>
  <system-out/>
  <testcase classname="Add_NBFC.TC_08_NBFC_Pin_Code_Post" name="nbfc_pincode_less_6" time="0.016"/>
  <system-out/>
  <testcase classname="Add_NBFC.TC_08_NBFC_Pin_Code_Post" name="nbfc_pincode_capital_letter" time="0.018"/>
  <system-out/>
  <testcase classname="Add_NBFC.TC_08_NBFC_Pin_Code_Post" name="nbfc_pincode_small_letters" time="0.018"/>
  <system-out/>
</testsuite> <!-- Add_NBFC.TC_08_NBFC_Pin_Code_Post -->
