<?xml version="1.0" encoding="UTF-8"?>
<!-- Generated by org.testng.reporters.JUnitReportReporter -->
<testsuite hostname="pranjal-HP-ProDesk-600-G1-SFF" failures="0" tests="4" name="Add_NBFC.TC_15_NBFC_Status_Post" time="0.163" errors="0" timestamp="2023-01-05T14:22:36 IST" skipped="0">
  <testcase classname="Add_NBFC.TC_15_NBFC_Status_Post" name="nbfc_status_SCLN" time="0.045"/>
  <system-out/>
  <testcase classname="Add_NBFC.TC_15_NBFC_Status_Post" name="nbfc_status_number" time="0.040"/>
  <system-out/>
  <testcase classname="Add_NBFC.TC_15_NBFC_Status_Post" name="nbfc_status_special_char" time="0.038"/>
  <system-out/>
  <testcase classname="Add_NBFC.TC_15_NBFC_Status_Post" name="nbfc_status_blank" time="0.040"/>
  <system-out/>
</testsuite> <!-- Add_NBFC.TC_15_NBFC_Status_Post -->
