<?xml version="1.0" encoding="UTF-8"?>
<!-- Generated by org.testng.reporters.JUnitReportReporter -->
<testsuite hostname="pranjal-HP-ProDesk-600-G1-SFF" failures="0" tests="5" name="Collection_Service.TC_03_Update_Single_Invoice" time="0.238" errors="0" timestamp="2022-12-26T13:56:17 IST" skipped="0">
  <testcase classname="Collection_Service.TC_03_Update_Single_Invoice" name="Update_Invoice_All_Fields_Blank" time="0.043"/>
  <system-out/>
  <testcase classname="Collection_Service.TC_03_Update_Single_Invoice" name="Update_Invoice_Collection_Status_Blank" time="0.040"/>
  <system-out/>
  <testcase classname="Collection_Service.TC_03_Update_Single_Invoice" name="Update_Invoice_Comment_Blank" time="0.040"/>
  <system-out/>
  <testcase classname="Collection_Service.TC_03_Update_Single_Invoice" name="Update_Invoice" time="0.068"/>
  <system-out/>
  <testcase classname="Collection_Service.TC_03_Update_Single_Invoice" name="Update_Invoice_Collection_Advisor_Id_Blank" time="0.047"/>
  <system-out/>
</testsuite> <!-- Collection_Service.TC_03_Update_Single_Invoice -->
