<?xml version="1.0" encoding="UTF-8"?>
<!-- Generated by org.testng.reporters.JUnitReportReporter -->
<testsuite hostname="pranjal-HP-ProDesk-600-G1-SFF" failures="0" tests="4" name="Add_NBFC.TC_10_NBFC_Bank_Name" time="0.083" errors="0" timestamp="2023-01-07T17:20:11 IST" skipped="0">
  <testcase classname="Add_NBFC.TC_10_NBFC_Bank_Name" name="nbfc_bank_name_SCNL" time="0.023"/>
  <system-out/>
  <testcase classname="Add_NBFC.TC_10_NBFC_Bank_Name" name="nbfc_bank_name_numbers" time="0.018"/>
  <system-out/>
  <testcase classname="Add_NBFC.TC_10_NBFC_Bank_Name" name="nbfc_bank_name_blank" time="0.024"/>
  <system-out/>
  <testcase classname="Add_NBFC.TC_10_NBFC_Bank_Name" name="nbfc_bank_name_special_char" time="0.018"/>
  <system-out/>
</testsuite> <!-- Add_NBFC.TC_10_NBFC_Bank_Name -->
