<?xml version="1.0" encoding="UTF-8"?>
<!-- Generated by org.testng.reporters.JUnitReportReporter -->
<testsuite hostname="pranjal-HP-ProDesk-600-G1-SFF" failures="0" tests="4" name="Entity_Service.TC_08_Add_Comment" time="0.310" errors="0" timestamp="2023-01-06T16:12:42 IST" skipped="0">
  <testcase classname="Entity_Service.TC_08_Add_Comment" name="Add_Comment_Id_Field_Blank" time="0.057"/>
  <system-out/>
  <testcase classname="Entity_Service.TC_08_Add_Comment" name="Add_Comment" time="0.148"/>
  <system-out/>
  <testcase classname="Entity_Service.TC_08_Add_Comment" name="Add_Comment_User_Id_Field_Blank" time="0.044"/>
  <system-out/>
  <testcase classname="Entity_Service.TC_08_Add_Comment" name="Add_Comment_Comment_Field_Blank" time="0.061"/>
  <system-out/>
</testsuite> <!-- Entity_Service.TC_08_Add_Comment -->
