<?xml version="1.0" encoding="UTF-8"?>
<!-- Generated by org.testng.reporters.JUnitReportReporter -->
<testsuite hostname="pranjal-HP-ProDesk-600-G1-SFF" failures="0" tests="3" name="Add_NBFC.TC_06_NBFC_District_Post" time="0.110" errors="0" timestamp="2023-01-05T14:22:36 IST" skipped="0">
  <testcase classname="Add_NBFC.TC_06_NBFC_District_Post" name="nbfc_dist_blank" time="0.028"/>
  <system-out/>
  <testcase classname="Add_NBFC.TC_06_NBFC_District_Post" name="nbfc_dist_SCLN" time="0.038"/>
  <system-out/>
  <testcase classname="Add_NBFC.TC_06_NBFC_District_Post" name="nbfc_dist_special_char" time="0.044"/>
  <system-out/>
</testsuite> <!-- Add_NBFC.TC_06_NBFC_District_Post -->
