<?xml version="1.0" encoding="UTF-8"?>
<!-- Generated by org.testng.reporters.JUnitReportReporter -->
<testsuite hostname="pranjal-HP-ProDesk-600-G1-SFF" failures="0" tests="2" name="Collection_Service.TC_04_Get_Payment_Invoice_History" time="0.108" errors="0" timestamp="2022-12-26T13:56:17 IST" skipped="0">
  <testcase classname="Collection_Service.TC_04_Get_Payment_Invoice_History" name="Get_Payment_Invoice_History_No_Payment" time="0.043"/>
  <system-out/>
  <testcase classname="Collection_Service.TC_04_Get_Payment_Invoice_History" name="Get_Payment_Invoice_History" time="0.065"/>
  <system-out/>
</testsuite> <!-- Collection_Service.TC_04_Get_Payment_Invoice_History -->
