<?xml version="1.0" encoding="UTF-8"?>
<!-- Generated by org.testng.reporters.JUnitReportReporter -->
<testsuite hostname="pranjal-HP-ProDesk-600-G1-SFF" failures="0" tests="2" name="Collection_Service.TC_06_Get_Waver_Payment_History" time="0.038" errors="0" timestamp="2023-01-07T17:20:11 IST" skipped="0">
  <testcase classname="Collection_Service.TC_06_Get_Waver_Payment_History" name="Get_Waver_Payment_History_No_Payment" time="0.016"/>
  <system-out/>
  <testcase classname="Collection_Service.TC_06_Get_Waver_Payment_History" name="get_waver_payment_history" time="0.022"/>
  <system-out/>
</testsuite> <!-- Collection_Service.TC_06_Get_Waver_Payment_History -->
