<?xml version="1.0" encoding="UTF-8"?>
<!-- Generated by org.testng.reporters.JUnitReportReporter -->
<testsuite hostname="pranjal-HP-ProDesk-600-G1-SFF" failures="0" tests="3" name="User_service.TC_15_comp_staff_relation" time="0.191" errors="0" timestamp="2022-12-26T13:56:17 IST" skipped="0">
  <testcase classname="User_service.TC_15_comp_staff_relation" name="company_staff_relation_wrong_cid" time="0.052"/>
  <system-out/>
  <testcase classname="User_service.TC_15_comp_staff_relation" name="company_staff_relation" time="0.069"/>
  <system-out/>
  <testcase classname="User_service.TC_15_comp_staff_relation" name="company_staff_relation_company_field_blank" time="0.070"/>
  <system-out/>
</testsuite> <!-- User_service.TC_15_comp_staff_relation -->
