<?xml version="1.0" encoding="UTF-8"?>
<!-- Generated by org.testng.reporters.JUnitReportReporter -->
<testsuite hostname="pranjal-HP-ProDesk-600-G1-SFF" failures="0" tests="6" name="Auth_Services.TC_8_OTP_Verify" time="0.072" errors="0" timestamp="2023-01-07T17:20:11 IST" skipped="0">
  <testcase classname="Auth_Services.TC_8_OTP_Verify" name="Verify_Otp" time="0.015"/>
  <system-out/>
  <testcase classname="Auth_Services.TC_8_OTP_Verify" name="Verify_Otp" time="0.011"/>
  <system-out/>
  <testcase classname="Auth_Services.TC_8_OTP_Verify" name="Verify_Otp" time="0.011"/>
  <system-out/>
  <testcase classname="Auth_Services.TC_8_OTP_Verify" name="Verify_Otp" time="0.013"/>
  <system-out/>
  <testcase classname="Auth_Services.TC_8_OTP_Verify" name="Verify_Otp" time="0.010"/>
  <system-out/>
  <testcase classname="Auth_Services.TC_8_OTP_Verify" name="Verify_Otp" time="0.012"/>
  <system-out/>
</testsuite> <!-- Auth_Services.TC_8_OTP_Verify -->
