<?xml version="1.0" encoding="UTF-8"?>
<!-- Generated by org.testng.reporters.JUnitReportReporter -->
<testsuite hostname="pranjal-HP-ProDesk-600-G1-SFF" failures="0" tests="5" name="Add_NBFC.TC_14_NBFC_IFSC_Post" time="0.274" errors="0" timestamp="2023-01-05T14:22:36 IST" skipped="0">
  <testcase classname="Add_NBFC.TC_14_NBFC_IFSC_Post" name="IFSC_blank" time="0.057"/>
  <system-out/>
  <testcase classname="Add_NBFC.TC_14_NBFC_IFSC_Post" name="IFSC_only_first_letter_small" time="0.039"/>
  <system-out/>
  <testcase classname="Add_NBFC.TC_14_NBFC_IFSC_Post" name="IFSC_more_11" time="0.060"/>
  <system-out/>
  <testcase classname="Add_NBFC.TC_14_NBFC_IFSC_Post" name="IFSC_less_11" time="0.069"/>
  <system-out/>
  <testcase classname="Add_NBFC.TC_14_NBFC_IFSC_Post" name="IFSC_all_number" time="0.049"/>
  <system-out/>
</testsuite> <!-- Add_NBFC.TC_14_NBFC_IFSC_Post -->
