<?xml version="1.0" encoding="UTF-8"?>
<!-- Generated by org.testng.reporters.JUnitReportReporter -->
<testsuite hostname="pranjal-HP-ProDesk-600-G1-SFF" failures="0" tests="3" name="Entity_Service.TC_01_Search_GST" time="1.798" errors="0" timestamp="2023-01-10T15:59:41 IST" skipped="0">
  <testcase classname="Entity_Service.TC_01_Search_GST" name="Search_GST_By_Blank_Fields" time="0.230"/>
  <system-out/>
  <testcase classname="Entity_Service.TC_01_Search_GST" name="Search_GST_By_Wrong_GSTin" time="0.207"/>
  <system-out/>
  <testcase classname="Entity_Service.TC_01_Search_GST" name="Search_GST" time="1.361"/>
  <system-out/>
</testsuite> <!-- Entity_Service.TC_01_Search_GST -->
