<?xml version="1.0" encoding="UTF-8"?>
<!-- Generated by org.testng.reporters.JUnitReportReporter -->
<testsuite hostname="pranjal-HP-ProDesk-600-G1-SFF" failures="0" tests="4" name="Add_NBFC.TC_07_NBFC_State_Post" time="0.117" errors="0" timestamp="2023-01-05T14:22:36 IST" skipped="0">
  <testcase classname="Add_NBFC.TC_07_NBFC_State_Post" name="SCLN" time="0.048"/>
  <system-out/>
  <testcase classname="Add_NBFC.TC_07_NBFC_State_Post" name="nbfc_state_blank" time="0.021"/>
  <system-out/>
  <testcase classname="Add_NBFC.TC_07_NBFC_State_Post" name="nbfc_state_special_char" time="0.031"/>
  <system-out/>
  <testcase classname="Add_NBFC.TC_07_NBFC_State_Post" name="nbfc_state_number" time="0.017"/>
  <system-out/>
</testsuite> <!-- Add_NBFC.TC_07_NBFC_State_Post -->
