<?xml version="1.0" encoding="UTF-8"?>
<!-- Generated by org.testng.reporters.JUnitReportReporter -->
<testsuite hostname="pranjal-HP-ProDesk-600-G1-SFF" failures="0" tests="1" name="Entity_Service.TC_07_Default_Flag_Controller" time="0.100" errors="0" timestamp="2023-01-07T17:20:11 IST" skipped="0">
  <testcase classname="Entity_Service.TC_07_Default_Flag_Controller" name="Default_Flag_Controller" time="0.100"/>
  <system-out/>
</testsuite> <!-- Entity_Service.TC_07_Default_Flag_Controller -->
