<?xml version="1.0" encoding="UTF-8"?>
<!-- Generated by org.testng.reporters.JUnitReportReporter -->
<testsuite hostname="pranjal-HP-ProDesk-600-G1-SFF" failures="0" tests="1" name="Invoice_Services.TC_12_NT_Manual_Invoice_upload" time="5.063" errors="0" timestamp="2023-01-10T15:59:41 IST" skipped="0">
  <testcase classname="Invoice_Services.TC_12_NT_Manual_Invoice_upload" name="Client_Key_Genrated" time="5.063"/>
  <system-out/>
</testsuite> <!-- Invoice_Services.TC_12_NT_Manual_Invoice_upload -->
